{"/home/elena/HIHI/gitmaster/client/store.js":{"path":"/home/elena/HIHI/gitmaster/client/store.js","statementMap":{"0":{"start":{"line":3,"column":0},"end":{"line":5,"column":3}},"1":{"start":{"line":7,"column":13},"end":{"line":7,"column":29}},"2":{"start":{"line":9,"column":16},"end":{"line":9,"column":37}},"3":{"start":{"line":11,"column":17},"end":{"line":11,"column":50}},"4":{"start":{"line":13,"column":18},"end":{"line":13,"column":40}},"5":{"start":{"line":15,"column":19},"end":{"line":15,"column":54}},"6":{"start":{"line":17,"column":39},"end":{"line":17,"column":93}},"7":{"start":{"line":19,"column":12},"end":{"line":21,"column":3}},"8":{"start":{"line":20,"column":2},"end":{"line":20,"column":11}},"9":{"start":{"line":23,"column":0},"end":{"line":23,"column":24}}},"fnMap":{"0":{"name":"_interopRequireDefault","decl":{"start":{"line":17,"column":9},"end":{"line":17,"column":31}},"loc":{"start":{"line":17,"column":37},"end":{"line":17,"column":95}},"line":17},"1":{"name":"(anonymous_1)","decl":{"start":{"line":19,"column":183},"end":{"line":19,"column":184}},"loc":{"start":{"line":19,"column":196},"end":{"line":21,"column":1}},"line":19}},"branchMap":{"0":{"loc":{"start":{"line":17,"column":46},"end":{"line":17,"column":92}},"type":"cond-expr","locations":[{"start":{"line":17,"column":70},"end":{"line":17,"column":73}},{"start":{"line":17,"column":76},"end":{"line":17,"column":92}}],"line":17},"1":{"loc":{"start":{"line":17,"column":46},"end":{"line":17,"column":67}},"type":"binary-expr","locations":[{"start":{"line":17,"column":46},"end":{"line":17,"column":49}},{"start":{"line":17,"column":53},"end":{"line":17,"column":67}}],"line":17},"2":{"loc":{"start":{"line":19,"column":127},"end":{"line":21,"column":1}},"type":"cond-expr","locations":[{"start":{"line":19,"column":154},"end":{"line":19,"column":180}},{"start":{"line":19,"column":183},"end":{"line":21,"column":1}}],"line":19}},"s":{"0":1,"1":1,"2":1,"3":1,"4":1,"5":1,"6":2,"7":1,"8":1,"9":1},"f":{"0":2,"1":1},"b":{"0":[2,0],"1":[2,2],"2":[0,1]},"_coverageSchema":"332fd63041d2c1bcb487cc26dd0d5f7d97098a6c","hash":"120f591b61e4ea071824b10af44d992fda4f2d45","contentHash":"7e19438490bcf59b420232bd3e3be6d6_11.0.2"},"/home/elena/HIHI/gitmaster/client/reducers/index.js":{"path":"/home/elena/HIHI/gitmaster/client/reducers/index.js","statementMap":{"0":{"start":{"line":3,"column":0},"end":{"line":5,"column":3}},"1":{"start":{"line":7,"column":13},"end":{"line":7,"column":29}},"2":{"start":{"line":9,"column":17},"end":{"line":9,"column":39}},"3":{"start":{"line":11,"column":18},"end":{"line":11,"column":52}},"4":{"start":{"line":13,"column":18},"end":{"line":13,"column":41}},"5":{"start":{"line":15,"column":19},"end":{"line":15,"column":54}},"6":{"start":{"line":17,"column":18},"end":{"line":17,"column":41}},"7":{"start":{"line":19,"column":19},"end":{"line":19,"column":54}},"8":{"start":{"line":21,"column":16},"end":{"line":21,"column":37}},"9":{"start":{"line":23,"column":17},"end":{"line":23,"column":50}},"10":{"start":{"line":25,"column":18},"end":{"line":25,"column":41}},"11":{"start":{"line":27,"column":19},"end":{"line":27,"column":54}},"12":{"start":{"line":29,"column":18},"end":{"line":29,"column":41}},"13":{"start":{"line":31,"column":19},"end":{"line":31,"column":54}},"14":{"start":{"line":33,"column":18},"end":{"line":33,"column":41}},"15":{"start":{"line":35,"column":19},"end":{"line":35,"column":54}},"16":{"start":{"line":37,"column":39},"end":{"line":37,"column":93}},"17":{"start":{"line":39,"column":0},"end":{"line":47,"column":3}}},"fnMap":{"0":{"name":"_interopRequireDefault","decl":{"start":{"line":37,"column":9},"end":{"line":37,"column":31}},"loc":{"start":{"line":37,"column":37},"end":{"line":37,"column":95}},"line":37}},"branchMap":{"0":{"loc":{"start":{"line":37,"column":46},"end":{"line":37,"column":92}},"type":"cond-expr","locations":[{"start":{"line":37,"column":70},"end":{"line":37,"column":73}},{"start":{"line":37,"column":76},"end":{"line":37,"column":92}}],"line":37},"1":{"loc":{"start":{"line":37,"column":46},"end":{"line":37,"column":67}},"type":"binary-expr","locations":[{"start":{"line":37,"column":46},"end":{"line":37,"column":49}},{"start":{"line":37,"column":53},"end":{"line":37,"column":67}}],"line":37}},"s":{"0":1,"1":1,"2":1,"3":1,"4":1,"5":1,"6":1,"7":1,"8":1,"9":1,"10":1,"11":1,"12":1,"13":1,"14":1,"15":1,"16":7,"17":1},"f":{"0":7},"b":{"0":[7,0],"1":[7,7]},"_coverageSchema":"332fd63041d2c1bcb487cc26dd0d5f7d97098a6c","hash":"de35cde0f8d81dbd4930e2cf64685d14f94fd33a","contentHash":"f87d564ff5f52a1321c1d42dd77b1b41_11.0.2"},"/home/elena/HIHI/gitmaster/client/reducers/inventory.js":{"path":"/home/elena/HIHI/gitmaster/client/reducers/inventory.js","statementMap":{"0":{"start":{"line":3,"column":0},"end":{"line":5,"column":3}},"1":{"start":{"line":7,"column":35},"end":{"line":7,"column":193}},"2":{"start":{"line":7,"column":61},"end":{"line":7,"column":145}},"3":{"start":{"line":7,"column":126},"end":{"line":7,"column":143}},"4":{"start":{"line":7,"column":146},"end":{"line":7,"column":158}},"5":{"start":{"line":7,"column":168},"end":{"line":7,"column":191}},"6":{"start":{"line":10,"column":14},"end":{"line":10,"column":84}},"7":{"start":{"line":11,"column":15},"end":{"line":11,"column":27}},"8":{"start":{"line":13,"column":2},"end":{"line":22,"column":3}},"9":{"start":{"line":15,"column":6},"end":{"line":15,"column":65}},"10":{"start":{"line":17,"column":6},"end":{"line":19,"column":9}},"11":{"start":{"line":18,"column":8},"end":{"line":18,"column":36}},"12":{"start":{"line":21,"column":6},"end":{"line":21,"column":19}},"13":{"start":{"line":25,"column":0},"end":{"line":25,"column":28}}},"fnMap":{"0":{"name":"_toConsumableArray","decl":{"start":{"line":7,"column":9},"end":{"line":7,"column":27}},"loc":{"start":{"line":7,"column":33},"end":{"line":7,"column":195}},"line":7},"1":{"name":"inventory","decl":{"start":{"line":9,"column":9},"end":{"line":9,"column":18}},"loc":{"start":{"line":9,"column":21},"end":{"line":23,"column":1}},"line":9},"2":{"name":"(anonymous_2)","decl":{"start":{"line":17,"column":26},"end":{"line":17,"column":27}},"loc":{"start":{"line":17,"column":42},"end":{"line":19,"column":7}},"line":17}},"branchMap":{"0":{"loc":{"start":{"line":7,"column":35},"end":{"line":7,"column":193}},"type":"if","locations":[{"start":{"line":7,"column":35},"end":{"line":7,"column":193}},{"start":{"line":7,"column":35},"end":{"line":7,"column":193}}],"line":7},"1":{"loc":{"start":{"line":10,"column":14},"end":{"line":10,"column":84}},"type":"cond-expr","locations":[{"start":{"line":10,"column":67},"end":{"line":10,"column":79}},{"start":{"line":10,"column":82},"end":{"line":10,"column":84}}],"line":10},"2":{"loc":{"start":{"line":10,"column":14},"end":{"line":10,"column":64}},"type":"binary-expr","locations":[{"start":{"line":10,"column":14},"end":{"line":10,"column":34}},{"start":{"line":10,"column":38},"end":{"line":10,"column":64}}],"line":10},"3":{"loc":{"start":{"line":13,"column":2},"end":{"line":22,"column":3}},"type":"switch","locations":[{"start":{"line":14,"column":4},"end":{"line":15,"column":65}},{"start":{"line":16,"column":4},"end":{"line":19,"column":9}},{"start":{"line":20,"column":4},"end":{"line":21,"column":19}}],"line":13}},"s":{"0":1,"1":0,"2":0,"3":0,"4":0,"5":0,"6":3,"7":3,"8":3,"9":0,"10":0,"11":0,"12":3,"13":1},"f":{"0":0,"1":3,"2":0},"b":{"0":[0,0],"1":[0,3],"2":[3,3],"3":[0,0,3]},"_coverageSchema":"332fd63041d2c1bcb487cc26dd0d5f7d97098a6c","hash":"35c3051fa20e54b7c6aac9c1f6ab70cc881ec72c","contentHash":"d4eb43e6a576187a6bd83900d9802790_11.0.2"},"/home/elena/HIHI/gitmaster/client/reducers/worldItems.js":{"path":"/home/elena/HIHI/gitmaster/client/reducers/worldItems.js","statementMap":{"0":{"start":{"line":3,"column":0},"end":{"line":5,"column":3}},"1":{"start":{"line":7,"column":14},"end":{"line":7,"column":242}},"2":{"start":{"line":8,"column":15},"end":{"line":8,"column":27}},"3":{"start":{"line":10,"column":2},"end":{"line":17,"column":3}},"4":{"start":{"line":12,"column":6},"end":{"line":14,"column":9}},"5":{"start":{"line":13,"column":8},"end":{"line":13,"column":44}},"6":{"start":{"line":16,"column":6},"end":{"line":16,"column":19}},"7":{"start":{"line":20,"column":0},"end":{"line":20,"column":29}}},"fnMap":{"0":{"name":"worldItems","decl":{"start":{"line":6,"column":9},"end":{"line":6,"column":19}},"loc":{"start":{"line":6,"column":22},"end":{"line":18,"column":1}},"line":6},"1":{"name":"(anonymous_1)","decl":{"start":{"line":12,"column":26},"end":{"line":12,"column":27}},"loc":{"start":{"line":12,"column":46},"end":{"line":14,"column":7}},"line":12}},"branchMap":{"0":{"loc":{"start":{"line":7,"column":14},"end":{"line":7,"column":242}},"type":"cond-expr","locations":[{"start":{"line":7,"column":67},"end":{"line":7,"column":79}},{"start":{"line":7,"column":82},"end":{"line":7,"column":242}}],"line":7},"1":{"loc":{"start":{"line":7,"column":14},"end":{"line":7,"column":64}},"type":"binary-expr","locations":[{"start":{"line":7,"column":14},"end":{"line":7,"column":34}},{"start":{"line":7,"column":38},"end":{"line":7,"column":64}}],"line":7},"2":{"loc":{"start":{"line":10,"column":2},"end":{"line":17,"column":3}},"type":"switch","locations":[{"start":{"line":11,"column":4},"end":{"line":14,"column":9}},{"start":{"line":15,"column":4},"end":{"line":16,"column":19}}],"line":10}},"s":{"0":1,"1":3,"2":3,"3":3,"4":0,"5":0,"6":3,"7":1},"f":{"0":3,"1":0},"b":{"0":[0,3],"1":[3,3],"2":[0,3]},"_coverageSchema":"332fd63041d2c1bcb487cc26dd0d5f7d97098a6c","hash":"729b7c097f7b4e2eafd579a835117a1cbc6f28aa","contentHash":"09ee5f124e931d438fa383f2fbc9fc17_11.0.2"},"/home/elena/HIHI/gitmaster/client/reducers/cellLocked.js":{"path":"/home/elena/HIHI/gitmaster/client/reducers/cellLocked.js","statementMap":{"0":{"start":{"line":3,"column":0},"end":{"line":5,"column":3}},"1":{"start":{"line":7,"column":14},"end":{"line":7,"column":86}},"2":{"start":{"line":8,"column":15},"end":{"line":8,"column":27}},"3":{"start":{"line":10,"column":2},"end":{"line":15,"column":3}},"4":{"start":{"line":12,"column":6},"end":{"line":12,"column":19}},"5":{"start":{"line":14,"column":6},"end":{"line":14,"column":19}},"6":{"start":{"line":18,"column":0},"end":{"line":18,"column":29}}},"fnMap":{"0":{"name":"cellLocked","decl":{"start":{"line":6,"column":9},"end":{"line":6,"column":19}},"loc":{"start":{"line":6,"column":22},"end":{"line":16,"column":1}},"line":6}},"branchMap":{"0":{"loc":{"start":{"line":7,"column":14},"end":{"line":7,"column":86}},"type":"cond-expr","locations":[{"start":{"line":7,"column":67},"end":{"line":7,"column":79}},{"start":{"line":7,"column":82},"end":{"line":7,"column":86}}],"line":7},"1":{"loc":{"start":{"line":7,"column":14},"end":{"line":7,"column":64}},"type":"binary-expr","locations":[{"start":{"line":7,"column":14},"end":{"line":7,"column":34}},{"start":{"line":7,"column":38},"end":{"line":7,"column":64}}],"line":7},"2":{"loc":{"start":{"line":10,"column":2},"end":{"line":15,"column":3}},"type":"switch","locations":[{"start":{"line":11,"column":4},"end":{"line":12,"column":19}},{"start":{"line":13,"column":4},"end":{"line":14,"column":19}}],"line":10}},"s":{"0":1,"1":3,"2":3,"3":3,"4":0,"5":3,"6":1},"f":{"0":3},"b":{"0":[0,3],"1":[3,3],"2":[0,3]},"_coverageSchema":"332fd63041d2c1bcb487cc26dd0d5f7d97098a6c","hash":"f0bfd49aad2aa4b62280b7165b2d82fefe0cce54","contentHash":"85113575ebe0819e81c0bda6f8a4d127_11.0.2"},"/home/elena/HIHI/gitmaster/client/reducers/location.js":{"path":"/home/elena/HIHI/gitmaster/client/reducers/location.js","statementMap":{"0":{"start":{"line":3,"column":0},"end":{"line":5,"column":3}},"1":{"start":{"line":7,"column":14},"end":{"line":7,"column":88}},"2":{"start":{"line":8,"column":15},"end":{"line":8,"column":27}},"3":{"start":{"line":10,"column":2},"end":{"line":15,"column":3}},"4":{"start":{"line":12,"column":6},"end":{"line":12,"column":33}},"5":{"start":{"line":14,"column":6},"end":{"line":14,"column":19}},"6":{"start":{"line":18,"column":0},"end":{"line":18,"column":27}}},"fnMap":{"0":{"name":"location","decl":{"start":{"line":6,"column":9},"end":{"line":6,"column":17}},"loc":{"start":{"line":6,"column":20},"end":{"line":16,"column":1}},"line":6}},"branchMap":{"0":{"loc":{"start":{"line":7,"column":14},"end":{"line":7,"column":88}},"type":"cond-expr","locations":[{"start":{"line":7,"column":67},"end":{"line":7,"column":79}},{"start":{"line":7,"column":82},"end":{"line":7,"column":88}}],"line":7},"1":{"loc":{"start":{"line":7,"column":14},"end":{"line":7,"column":64}},"type":"binary-expr","locations":[{"start":{"line":7,"column":14},"end":{"line":7,"column":34}},{"start":{"line":7,"column":38},"end":{"line":7,"column":64}}],"line":7},"2":{"loc":{"start":{"line":10,"column":2},"end":{"line":15,"column":3}},"type":"switch","locations":[{"start":{"line":11,"column":4},"end":{"line":12,"column":33}},{"start":{"line":13,"column":4},"end":{"line":14,"column":19}}],"line":10}},"s":{"0":1,"1":3,"2":3,"3":3,"4":0,"5":3,"6":1},"f":{"0":3},"b":{"0":[0,3],"1":[3,3],"2":[0,3]},"_coverageSchema":"332fd63041d2c1bcb487cc26dd0d5f7d97098a6c","hash":"5b722354c1ba856a683826b363a2c31819ef655b","contentHash":"e4ea53925ef6ecda7edd4a267776bf18_11.0.2"},"/home/elena/HIHI/gitmaster/client/reducers/currentLog.js":{"path":"/home/elena/HIHI/gitmaster/client/reducers/currentLog.js","statementMap":{"0":{"start":{"line":3,"column":0},"end":{"line":5,"column":3}},"1":{"start":{"line":7,"column":14},"end":{"line":7,"column":107}},"2":{"start":{"line":8,"column":15},"end":{"line":8,"column":27}},"3":{"start":{"line":10,"column":2},"end":{"line":15,"column":3}},"4":{"start":{"line":12,"column":6},"end":{"line":12,"column":24}},"5":{"start":{"line":14,"column":6},"end":{"line":14,"column":19}},"6":{"start":{"line":18,"column":0},"end":{"line":18,"column":29}}},"fnMap":{"0":{"name":"currentLog","decl":{"start":{"line":6,"column":9},"end":{"line":6,"column":19}},"loc":{"start":{"line":6,"column":22},"end":{"line":16,"column":1}},"line":6}},"branchMap":{"0":{"loc":{"start":{"line":7,"column":14},"end":{"line":7,"column":107}},"type":"cond-expr","locations":[{"start":{"line":7,"column":67},"end":{"line":7,"column":79}},{"start":{"line":7,"column":82},"end":{"line":7,"column":107}}],"line":7},"1":{"loc":{"start":{"line":7,"column":14},"end":{"line":7,"column":64}},"type":"binary-expr","locations":[{"start":{"line":7,"column":14},"end":{"line":7,"column":34}},{"start":{"line":7,"column":38},"end":{"line":7,"column":64}}],"line":7},"2":{"loc":{"start":{"line":10,"column":2},"end":{"line":15,"column":3}},"type":"switch","locations":[{"start":{"line":11,"column":4},"end":{"line":12,"column":24}},{"start":{"line":13,"column":4},"end":{"line":14,"column":19}}],"line":10}},"s":{"0":1,"1":3,"2":3,"3":3,"4":0,"5":3,"6":1},"f":{"0":3},"b":{"0":[0,3],"1":[3,3],"2":[0,3]},"_coverageSchema":"332fd63041d2c1bcb487cc26dd0d5f7d97098a6c","hash":"8a2136f474a58b8bdc583dfa238dea2eff2f9c52","contentHash":"6d9328fb6c6786b7cf5d05de23329e98_11.0.2"},"/home/elena/HIHI/gitmaster/client/reducers/activeItem.js":{"path":"/home/elena/HIHI/gitmaster/client/reducers/activeItem.js","statementMap":{"0":{"start":{"line":3,"column":0},"end":{"line":5,"column":3}},"1":{"start":{"line":7,"column":14},"end":{"line":7,"column":84}},"2":{"start":{"line":8,"column":15},"end":{"line":8,"column":27}},"3":{"start":{"line":10,"column":2},"end":{"line":17,"column":3}},"4":{"start":{"line":12,"column":6},"end":{"line":12,"column":25}},"5":{"start":{"line":14,"column":6},"end":{"line":14,"column":16}},"6":{"start":{"line":16,"column":6},"end":{"line":16,"column":19}},"7":{"start":{"line":20,"column":0},"end":{"line":20,"column":29}}},"fnMap":{"0":{"name":"activeItem","decl":{"start":{"line":6,"column":9},"end":{"line":6,"column":19}},"loc":{"start":{"line":6,"column":22},"end":{"line":18,"column":1}},"line":6}},"branchMap":{"0":{"loc":{"start":{"line":7,"column":14},"end":{"line":7,"column":84}},"type":"cond-expr","locations":[{"start":{"line":7,"column":67},"end":{"line":7,"column":79}},{"start":{"line":7,"column":82},"end":{"line":7,"column":84}}],"line":7},"1":{"loc":{"start":{"line":7,"column":14},"end":{"line":7,"column":64}},"type":"binary-expr","locations":[{"start":{"line":7,"column":14},"end":{"line":7,"column":34}},{"start":{"line":7,"column":38},"end":{"line":7,"column":64}}],"line":7},"2":{"loc":{"start":{"line":10,"column":2},"end":{"line":17,"column":3}},"type":"switch","locations":[{"start":{"line":11,"column":4},"end":{"line":12,"column":25}},{"start":{"line":13,"column":4},"end":{"line":14,"column":16}},{"start":{"line":15,"column":4},"end":{"line":16,"column":19}}],"line":10}},"s":{"0":1,"1":3,"2":3,"3":3,"4":0,"5":0,"6":3,"7":1},"f":{"0":3},"b":{"0":[0,3],"1":[3,3],"2":[0,0,3]},"_coverageSchema":"332fd63041d2c1bcb487cc26dd0d5f7d97098a6c","hash":"3b4686022cd952b6f0d9f67f94f2f41b6592dd7d","contentHash":"9444c9229d9ce0fa2b6c40774989e395_11.0.2"},"/home/elena/HIHI/gitmaster/client/reducers/authorised.js":{"path":"/home/elena/HIHI/gitmaster/client/reducers/authorised.js","statementMap":{"0":{"start":{"line":3,"column":0},"end":{"line":5,"column":3}},"1":{"start":{"line":7,"column":14},"end":{"line":7,"column":87}},"2":{"start":{"line":8,"column":15},"end":{"line":8,"column":27}},"3":{"start":{"line":10,"column":2},"end":{"line":15,"column":3}},"4":{"start":{"line":12,"column":6},"end":{"line":12,"column":18}},"5":{"start":{"line":14,"column":6},"end":{"line":14,"column":19}},"6":{"start":{"line":18,"column":0},"end":{"line":18,"column":29}}},"fnMap":{"0":{"name":"authorised","decl":{"start":{"line":6,"column":9},"end":{"line":6,"column":19}},"loc":{"start":{"line":6,"column":22},"end":{"line":16,"column":1}},"line":6}},"branchMap":{"0":{"loc":{"start":{"line":7,"column":14},"end":{"line":7,"column":87}},"type":"cond-expr","locations":[{"start":{"line":7,"column":67},"end":{"line":7,"column":79}},{"start":{"line":7,"column":82},"end":{"line":7,"column":87}}],"line":7},"1":{"loc":{"start":{"line":7,"column":14},"end":{"line":7,"column":64}},"type":"binary-expr","locations":[{"start":{"line":7,"column":14},"end":{"line":7,"column":34}},{"start":{"line":7,"column":38},"end":{"line":7,"column":64}}],"line":7},"2":{"loc":{"start":{"line":10,"column":2},"end":{"line":15,"column":3}},"type":"switch","locations":[{"start":{"line":11,"column":4},"end":{"line":12,"column":18}},{"start":{"line":13,"column":4},"end":{"line":14,"column":19}}],"line":10}},"s":{"0":1,"1":3,"2":3,"3":3,"4":0,"5":3,"6":1},"f":{"0":3},"b":{"0":[0,3],"1":[3,3],"2":[0,3]},"_coverageSchema":"332fd63041d2c1bcb487cc26dd0d5f7d97098a6c","hash":"afed33bf36521c25a864e2bd726f3b535040f040","contentHash":"60b902f1ed311ee31dbe40b399576242_11.0.2"},"/home/elena/HIHI/gitmaster/client/components/game/items/Skull.js":{"path":"/home/elena/HIHI/gitmaster/client/components/game/items/Skull.js","statementMap":{"0":{"start":{"line":3,"column":0},"end":{"line":5,"column":3}},"1":{"start":{"line":7,"column":22},"end":{"line":7,"column":48}},"2":{"start":{"line":9,"column":22},"end":{"line":9,"column":61}},"3":{"start":{"line":11,"column":39},"end":{"line":11,"column":93}},"4":{"start":{"line":13,"column":50},"end":{"line":13,"column":151}},"5":{"start":{"line":13,"column":92},"end":{"line":13,"column":149}},"6":{"start":{"line":15,"column":50},"end":{"line":15,"column":151}},"7":{"start":{"line":15,"column":63},"end":{"line":15,"column":149}},"8":{"start":{"line":15,"column":152},"end":{"line":15,"column":238}},"9":{"start":{"line":17,"column":43},"end":{"line":17,"column":208}},"10":{"start":{"line":17,"column":106},"end":{"line":17,"column":206}},"11":{"start":{"line":17,"column":209},"end":{"line":17,"column":373}},"12":{"start":{"line":17,"column":374},"end":{"line":17,"column":492}},"13":{"start":{"line":17,"column":390},"end":{"line":17,"column":492}},"14":{"start":{"line":19,"column":12},"end":{"line":50,"column":26}},"15":{"start":{"line":20,"column":2},"end":{"line":20,"column":35}},"16":{"start":{"line":23,"column":4},"end":{"line":23,"column":33}},"17":{"start":{"line":25,"column":16},"end":{"line":25,"column":120}},"18":{"start":{"line":27,"column":4},"end":{"line":27,"column":41}},"19":{"start":{"line":28,"column":4},"end":{"line":28,"column":57}},"20":{"start":{"line":29,"column":4},"end":{"line":29,"column":25}},"21":{"start":{"line":30,"column":4},"end":{"line":37,"column":6}},"22":{"start":{"line":38,"column":4},"end":{"line":45,"column":6}},"23":{"start":{"line":46,"column":4},"end":{"line":46,"column":17}},"24":{"start":{"line":49,"column":2},"end":{"line":49,"column":15}},"25":{"start":{"line":52,"column":0},"end":{"line":52,"column":24}}},"fnMap":{"0":{"name":"_interopRequireDefault","decl":{"start":{"line":11,"column":9},"end":{"line":11,"column":31}},"loc":{"start":{"line":11,"column":37},"end":{"line":11,"column":95}},"line":11},"1":{"name":"_classCallCheck","decl":{"start":{"line":13,"column":9},"end":{"line":13,"column":24}},"loc":{"start":{"line":13,"column":48},"end":{"line":13,"column":153}},"line":13},"2":{"name":"_possibleConstructorReturn","decl":{"start":{"line":15,"column":9},"end":{"line":15,"column":35}},"loc":{"start":{"line":15,"column":48},"end":{"line":15,"column":240}},"line":15},"3":{"name":"_inherits","decl":{"start":{"line":17,"column":9},"end":{"line":17,"column":18}},"loc":{"start":{"line":17,"column":41},"end":{"line":17,"column":494}},"line":17},"4":{"name":"(anonymous_4)","decl":{"start":{"line":19,"column":12},"end":{"line":19,"column":13}},"loc":{"start":{"line":19,"column":38},"end":{"line":50,"column":1}},"line":19},"5":{"name":"Skull","decl":{"start":{"line":22,"column":11},"end":{"line":22,"column":16}},"loc":{"start":{"line":22,"column":27},"end":{"line":47,"column":3}},"line":22}},"branchMap":{"0":{"loc":{"start":{"line":11,"column":46},"end":{"line":11,"column":92}},"type":"cond-expr","locations":[{"start":{"line":11,"column":70},"end":{"line":11,"column":73}},{"start":{"line":11,"column":76},"end":{"line":11,"column":92}}],"line":11},"1":{"loc":{"start":{"line":11,"column":46},"end":{"line":11,"column":67}},"type":"binary-expr","locations":[{"start":{"line":11,"column":46},"end":{"line":11,"column":49}},{"start":{"line":11,"column":53},"end":{"line":11,"column":67}}],"line":11},"2":{"loc":{"start":{"line":13,"column":50},"end":{"line":13,"column":151}},"type":"if","locations":[{"start":{"line":13,"column":50},"end":{"line":13,"column":151}},{"start":{"line":13,"column":50},"end":{"line":13,"column":151}}],"line":13},"3":{"loc":{"start":{"line":15,"column":50},"end":{"line":15,"column":151}},"type":"if","locations":[{"start":{"line":15,"column":50},"end":{"line":15,"column":151}},{"start":{"line":15,"column":50},"end":{"line":15,"column":151}}],"line":15},"4":{"loc":{"start":{"line":15,"column":159},"end":{"line":15,"column":237}},"type":"cond-expr","locations":[{"start":{"line":15,"column":226},"end":{"line":15,"column":230}},{"start":{"line":15,"column":233},"end":{"line":15,"column":237}}],"line":15},"5":{"loc":{"start":{"line":15,"column":159},"end":{"line":15,"column":223}},"type":"binary-expr","locations":[{"start":{"line":15,"column":159},"end":{"line":15,"column":163}},{"start":{"line":15,"column":168},"end":{"line":15,"column":192}},{"start":{"line":15,"column":196},"end":{"line":15,"column":222}}],"line":15},"6":{"loc":{"start":{"line":17,"column":43},"end":{"line":17,"column":208}},"type":"if","locations":[{"start":{"line":17,"column":43},"end":{"line":17,"column":208}},{"start":{"line":17,"column":43},"end":{"line":17,"column":208}}],"line":17},"7":{"loc":{"start":{"line":17,"column":47},"end":{"line":17,"column":102}},"type":"binary-expr","locations":[{"start":{"line":17,"column":47},"end":{"line":17,"column":79}},{"start":{"line":17,"column":83},"end":{"line":17,"column":102}}],"line":17},"8":{"loc":{"start":{"line":17,"column":244},"end":{"line":17,"column":278}},"type":"binary-expr","locations":[{"start":{"line":17,"column":244},"end":{"line":17,"column":254}},{"start":{"line":17,"column":258},"end":{"line":17,"column":278}}],"line":17},"9":{"loc":{"start":{"line":17,"column":374},"end":{"line":17,"column":492}},"type":"if","locations":[{"start":{"line":17,"column":374},"end":{"line":17,"column":492}},{"start":{"line":17,"column":374},"end":{"line":17,"column":492}}],"line":17},"10":{"loc":{"start":{"line":17,"column":390},"end":{"line":17,"column":491}},"type":"cond-expr","locations":[{"start":{"line":17,"column":414},"end":{"line":17,"column":457}},{"start":{"line":17,"column":460},"end":{"line":17,"column":491}}],"line":17},"11":{"loc":{"start":{"line":25,"column":50},"end":{"line":25,"column":97}},"type":"binary-expr","locations":[{"start":{"line":25,"column":50},"end":{"line":25,"column":65}},{"start":{"line":25,"column":69},"end":{"line":25,"column":97}}],"line":25}},"s":{"0":1,"1":1,"2":1,"3":1,"4":4,"5":0,"6":4,"7":0,"8":4,"9":1,"10":0,"11":1,"12":1,"13":1,"14":1,"15":1,"16":4,"17":4,"18":4,"19":4,"20":4,"21":4,"22":4,"23":4,"24":1,"25":1},"f":{"0":1,"1":4,"2":4,"3":1,"4":1,"5":4},"b":{"0":[1,0],"1":[1,1],"2":[0,4],"3":[0,4],"4":[4,0],"5":[4,4,0],"6":[0,1],"7":[1,0],"8":[1,1],"9":[1,0],"10":[1,0],"11":[4,0]},"_coverageSchema":"332fd63041d2c1bcb487cc26dd0d5f7d97098a6c","hash":"ecee3c150b4a76e7a021326d0964cdd95914157f","contentHash":"15608b4c4662f3e906a06c05744d73ea_11.0.2"},"/home/elena/HIHI/gitmaster/client/components/game/items/InventoryItem.js":{"path":"/home/elena/HIHI/gitmaster/client/components/game/items/InventoryItem.js","statementMap":{"0":{"start":{"line":3,"column":0},"end":{"line":5,"column":3}},"1":{"start":{"line":7,"column":19},"end":{"line":7,"column":563}},"2":{"start":{"line":7,"column":76},"end":{"line":7,"column":347}},"3":{"start":{"line":7,"column":134},"end":{"line":7,"column":142}},"4":{"start":{"line":7,"column":144},"end":{"line":7,"column":199}},"5":{"start":{"line":7,"column":200},"end":{"line":7,"column":231}},"6":{"start":{"line":7,"column":232},"end":{"line":7,"column":286}},"7":{"start":{"line":7,"column":259},"end":{"line":7,"column":286}},"8":{"start":{"line":7,"column":287},"end":{"line":7,"column":345}},"9":{"start":{"line":7,"column":350},"end":{"line":7,"column":559}},"10":{"start":{"line":7,"column":407},"end":{"line":7,"column":475}},"11":{"start":{"line":7,"column":423},"end":{"line":7,"column":475}},"12":{"start":{"line":7,"column":476},"end":{"line":7,"column":536}},"13":{"start":{"line":7,"column":493},"end":{"line":7,"column":536}},"14":{"start":{"line":7,"column":537},"end":{"line":7,"column":556}},"15":{"start":{"line":9,"column":11},"end":{"line":9,"column":490}},"16":{"start":{"line":9,"column":54},"end":{"line":9,"column":103}},"17":{"start":{"line":9,"column":75},"end":{"line":9,"column":103}},"18":{"start":{"line":9,"column":115},"end":{"line":9,"column":164}},"19":{"start":{"line":9,"column":166},"end":{"line":9,"column":488}},"20":{"start":{"line":9,"column":205},"end":{"line":9,"column":234}},"21":{"start":{"line":9,"column":236},"end":{"line":9,"column":327}},"22":{"start":{"line":9,"column":259},"end":{"line":9,"column":276}},"23":{"start":{"line":9,"column":286},"end":{"line":9,"column":325}},"24":{"start":{"line":9,"column":335},"end":{"line":9,"column":488}},"25":{"start":{"line":9,"column":358},"end":{"line":9,"column":376}},"26":{"start":{"line":9,"column":399},"end":{"line":9,"column":407}},"27":{"start":{"line":9,"column":409},"end":{"line":9,"column":456}},"28":{"start":{"line":9,"column":437},"end":{"line":9,"column":454}},"29":{"start":{"line":9,"column":457},"end":{"line":9,"column":486}},"30":{"start":{"line":11,"column":13},"end":{"line":11,"column":30}},"31":{"start":{"line":13,"column":13},"end":{"line":13,"column":43}},"32":{"start":{"line":15,"column":17},"end":{"line":15,"column":54}},"33":{"start":{"line":17,"column":18},"end":{"line":17,"column":56}},"34":{"start":{"line":19,"column":39},"end":{"line":19,"column":93}},"35":{"start":{"line":21,"column":50},"end":{"line":21,"column":151}},"36":{"start":{"line":21,"column":92},"end":{"line":21,"column":149}},"37":{"start":{"line":23,"column":50},"end":{"line":23,"column":151}},"38":{"start":{"line":23,"column":63},"end":{"line":23,"column":149}},"39":{"start":{"line":23,"column":152},"end":{"line":23,"column":238}},"40":{"start":{"line":25,"column":43},"end":{"line":25,"column":208}},"41":{"start":{"line":25,"column":106},"end":{"line":25,"column":206}},"42":{"start":{"line":25,"column":209},"end":{"line":25,"column":373}},"43":{"start":{"line":25,"column":374},"end":{"line":25,"column":492}},"44":{"start":{"line":25,"column":390},"end":{"line":25,"column":492}},"45":{"start":{"line":27,"column":20},"end":{"line":55,"column":17}},"46":{"start":{"line":28,"column":2},"end":{"line":28,"column":34}},"47":{"start":{"line":31,"column":4},"end":{"line":31,"column":41}},"48":{"start":{"line":33,"column":4},"end":{"line":33,"column":132}},"49":{"start":{"line":36,"column":2},"end":{"line":52,"column":6}},"50":{"start":{"line":39,"column":6},"end":{"line":39,"column":52}},"51":{"start":{"line":40,"column":6},"end":{"line":40,"column":127}},"52":{"start":{"line":45,"column":6},"end":{"line":45,"column":57}},"53":{"start":{"line":46,"column":6},"end":{"line":50,"column":7}},"54":{"start":{"line":47,"column":8},"end":{"line":47,"column":57}},"55":{"start":{"line":49,"column":8},"end":{"line":49,"column":64}},"56":{"start":{"line":54,"column":2},"end":{"line":54,"column":23}},"57":{"start":{"line":57,"column":0},"end":{"line":57,"column":32}}},"fnMap":{"0":{"name":"(anonymous_0)","decl":{"start":{"line":7,"column":19},"end":{"line":7,"column":20}},"loc":{"start":{"line":7,"column":31},"end":{"line":7,"column":561}},"line":7},"1":{"name":"defineProperties","decl":{"start":{"line":7,"column":42},"end":{"line":7,"column":58}},"loc":{"start":{"line":7,"column":74},"end":{"line":7,"column":349}},"line":7},"2":{"name":"(anonymous_2)","decl":{"start":{"line":7,"column":357},"end":{"line":7,"column":358}},"loc":{"start":{"line":7,"column":405},"end":{"line":7,"column":558}},"line":7},"3":{"name":"get","decl":{"start":{"line":9,"column":20},"end":{"line":9,"column":23}},"loc":{"start":{"line":9,"column":52},"end":{"line":9,"column":490}},"line":9},"4":{"name":"_interopRequireDefault","decl":{"start":{"line":19,"column":9},"end":{"line":19,"column":31}},"loc":{"start":{"line":19,"column":37},"end":{"line":19,"column":95}},"line":19},"5":{"name":"_classCallCheck","decl":{"start":{"line":21,"column":9},"end":{"line":21,"column":24}},"loc":{"start":{"line":21,"column":48},"end":{"line":21,"column":153}},"line":21},"6":{"name":"_possibleConstructorReturn","decl":{"start":{"line":23,"column":9},"end":{"line":23,"column":35}},"loc":{"start":{"line":23,"column":48},"end":{"line":23,"column":240}},"line":23},"7":{"name":"_inherits","decl":{"start":{"line":25,"column":9},"end":{"line":25,"column":18}},"loc":{"start":{"line":25,"column":41},"end":{"line":25,"column":494}},"line":25},"8":{"name":"(anonymous_8)","decl":{"start":{"line":27,"column":20},"end":{"line":27,"column":21}},"loc":{"start":{"line":27,"column":37},"end":{"line":55,"column":1}},"line":27},"9":{"name":"InventoryItem","decl":{"start":{"line":30,"column":11},"end":{"line":30,"column":24}},"loc":{"start":{"line":30,"column":35},"end":{"line":34,"column":3}},"line":30},"10":{"name":"mouseClick","decl":{"start":{"line":38,"column":20},"end":{"line":38,"column":30}},"loc":{"start":{"line":38,"column":33},"end":{"line":41,"column":5}},"line":38},"11":{"name":"toggleActive","decl":{"start":{"line":44,"column":20},"end":{"line":44,"column":32}},"loc":{"start":{"line":44,"column":48},"end":{"line":51,"column":5}},"line":44}},"branchMap":{"0":{"loc":{"start":{"line":7,"column":168},"end":{"line":7,"column":198}},"type":"binary-expr","locations":[{"start":{"line":7,"column":168},"end":{"line":7,"column":189}},{"start":{"line":7,"column":193},"end":{"line":7,"column":198}}],"line":7},"1":{"loc":{"start":{"line":7,"column":232},"end":{"line":7,"column":286}},"type":"if","locations":[{"start":{"line":7,"column":232},"end":{"line":7,"column":286}},{"start":{"line":7,"column":232},"end":{"line":7,"column":286}}],"line":7},"2":{"loc":{"start":{"line":7,"column":407},"end":{"line":7,"column":475}},"type":"if","locations":[{"start":{"line":7,"column":407},"end":{"line":7,"column":475}},{"start":{"line":7,"column":407},"end":{"line":7,"column":475}}],"line":7},"3":{"loc":{"start":{"line":7,"column":476},"end":{"line":7,"column":536}},"type":"if","locations":[{"start":{"line":7,"column":476},"end":{"line":7,"column":536}},{"start":{"line":7,"column":476},"end":{"line":7,"column":536}}],"line":7},"4":{"loc":{"start":{"line":9,"column":54},"end":{"line":9,"column":103}},"type":"if","locations":[{"start":{"line":9,"column":54},"end":{"line":9,"column":103}},{"start":{"line":9,"column":54},"end":{"line":9,"column":103}}],"line":9},"5":{"loc":{"start":{"line":9,"column":166},"end":{"line":9,"column":488}},"type":"if","locations":[{"start":{"line":9,"column":166},"end":{"line":9,"column":488}},{"start":{"line":9,"column":166},"end":{"line":9,"column":488}}],"line":9},"6":{"loc":{"start":{"line":9,"column":236},"end":{"line":9,"column":327}},"type":"if","locations":[{"start":{"line":9,"column":236},"end":{"line":9,"column":327}},{"start":{"line":9,"column":236},"end":{"line":9,"column":327}}],"line":9},"7":{"loc":{"start":{"line":9,"column":335},"end":{"line":9,"column":488}},"type":"if","locations":[{"start":{"line":9,"column":335},"end":{"line":9,"column":488}},{"start":{"line":9,"column":335},"end":{"line":9,"column":488}}],"line":9},"8":{"loc":{"start":{"line":9,"column":409},"end":{"line":9,"column":456}},"type":"if","locations":[{"start":{"line":9,"column":409},"end":{"line":9,"column":456}},{"start":{"line":9,"column":409},"end":{"line":9,"column":456}}],"line":9},"9":{"loc":{"start":{"line":19,"column":46},"end":{"line":19,"column":92}},"type":"cond-expr","locations":[{"start":{"line":19,"column":70},"end":{"line":19,"column":73}},{"start":{"line":19,"column":76},"end":{"line":19,"column":92}}],"line":19},"10":{"loc":{"start":{"line":19,"column":46},"end":{"line":19,"column":67}},"type":"binary-expr","locations":[{"start":{"line":19,"column":46},"end":{"line":19,"column":49}},{"start":{"line":19,"column":53},"end":{"line":19,"column":67}}],"line":19},"11":{"loc":{"start":{"line":21,"column":50},"end":{"line":21,"column":151}},"type":"if","locations":[{"start":{"line":21,"column":50},"end":{"line":21,"column":151}},{"start":{"line":21,"column":50},"end":{"line":21,"column":151}}],"line":21},"12":{"loc":{"start":{"line":23,"column":50},"end":{"line":23,"column":151}},"type":"if","locations":[{"start":{"line":23,"column":50},"end":{"line":23,"column":151}},{"start":{"line":23,"column":50},"end":{"line":23,"column":151}}],"line":23},"13":{"loc":{"start":{"line":23,"column":159},"end":{"line":23,"column":237}},"type":"cond-expr","locations":[{"start":{"line":23,"column":226},"end":{"line":23,"column":230}},{"start":{"line":23,"column":233},"end":{"line":23,"column":237}}],"line":23},"14":{"loc":{"start":{"line":23,"column":159},"end":{"line":23,"column":223}},"type":"binary-expr","locations":[{"start":{"line":23,"column":159},"end":{"line":23,"column":163}},{"start":{"line":23,"column":168},"end":{"line":23,"column":192}},{"start":{"line":23,"column":196},"end":{"line":23,"column":222}}],"line":23},"15":{"loc":{"start":{"line":25,"column":43},"end":{"line":25,"column":208}},"type":"if","locations":[{"start":{"line":25,"column":43},"end":{"line":25,"column":208}},{"start":{"line":25,"column":43},"end":{"line":25,"column":208}}],"line":25},"16":{"loc":{"start":{"line":25,"column":47},"end":{"line":25,"column":102}},"type":"binary-expr","locations":[{"start":{"line":25,"column":47},"end":{"line":25,"column":79}},{"start":{"line":25,"column":83},"end":{"line":25,"column":102}}],"line":25},"17":{"loc":{"start":{"line":25,"column":244},"end":{"line":25,"column":278}},"type":"binary-expr","locations":[{"start":{"line":25,"column":244},"end":{"line":25,"column":254}},{"start":{"line":25,"column":258},"end":{"line":25,"column":278}}],"line":25},"18":{"loc":{"start":{"line":25,"column":374},"end":{"line":25,"column":492}},"type":"if","locations":[{"start":{"line":25,"column":374},"end":{"line":25,"column":492}},{"start":{"line":25,"column":374},"end":{"line":25,"column":492}}],"line":25},"19":{"loc":{"start":{"line":25,"column":390},"end":{"line":25,"column":491}},"type":"cond-expr","locations":[{"start":{"line":25,"column":414},"end":{"line":25,"column":457}},{"start":{"line":25,"column":460},"end":{"line":25,"column":491}}],"line":25},"20":{"loc":{"start":{"line":33,"column":45},"end":{"line":33,"column":108}},"type":"binary-expr","locations":[{"start":{"line":33,"column":45},"end":{"line":33,"column":68}},{"start":{"line":33,"column":72},"end":{"line":33,"column":108}}],"line":33},"21":{"loc":{"start":{"line":40,"column":11},"end":{"line":40,"column":94}},"type":"binary-expr","locations":[{"start":{"line":40,"column":11},"end":{"line":40,"column":44}},{"start":{"line":40,"column":48},"end":{"line":40,"column":94}}],"line":40},"22":{"loc":{"start":{"line":46,"column":6},"end":{"line":50,"column":7}},"type":"if","locations":[{"start":{"line":46,"column":6},"end":{"line":50,"column":7}},{"start":{"line":46,"column":6},"end":{"line":50,"column":7}}],"line":46}},"s":{"0":1,"1":1,"2":1,"3":2,"4":2,"5":2,"6":2,"7":2,"8":2,"9":1,"10":1,"11":1,"12":1,"13":0,"14":1,"15":1,"16":0,"17":0,"18":0,"19":0,"20":0,"21":0,"22":0,"23":0,"24":0,"25":0,"26":0,"27":0,"28":0,"29":0,"30":1,"31":1,"32":1,"33":1,"34":1,"35":9,"36":0,"37":9,"38":0,"39":9,"40":1,"41":0,"42":1,"43":1,"44":1,"45":1,"46":1,"47":9,"48":9,"49":1,"50":0,"51":0,"52":0,"53":0,"54":0,"55":0,"56":1,"57":1},"f":{"0":1,"1":1,"2":1,"3":0,"4":1,"5":9,"6":9,"7":1,"8":1,"9":9,"10":0,"11":0},"b":{"0":[2,2],"1":[2,0],"2":[1,0],"3":[0,1],"4":[0,0],"5":[0,0],"6":[0,0],"7":[0,0],"8":[0,0],"9":[1,0],"10":[1,1],"11":[0,9],"12":[0,9],"13":[0,9],"14":[9,0,0],"15":[0,1],"16":[1,0],"17":[1,1],"18":[1,0],"19":[1,0],"20":[9,0],"21":[0,0],"22":[0,0]},"_coverageSchema":"332fd63041d2c1bcb487cc26dd0d5f7d97098a6c","hash":"12b1a8c800dada96063bd9b8ca3dbfe5b199623b","contentHash":"9caf21c9dca9e9aabac4ba3f68bcaeb0_11.0.2"},"/home/elena/HIHI/gitmaster/client/components/game/items/Item.js":{"path":"/home/elena/HIHI/gitmaster/client/components/game/items/Item.js","statementMap":{"0":{"start":{"line":3,"column":0},"end":{"line":5,"column":3}},"1":{"start":{"line":7,"column":19},"end":{"line":7,"column":563}},"2":{"start":{"line":7,"column":76},"end":{"line":7,"column":347}},"3":{"start":{"line":7,"column":134},"end":{"line":7,"column":142}},"4":{"start":{"line":7,"column":144},"end":{"line":7,"column":199}},"5":{"start":{"line":7,"column":200},"end":{"line":7,"column":231}},"6":{"start":{"line":7,"column":232},"end":{"line":7,"column":286}},"7":{"start":{"line":7,"column":259},"end":{"line":7,"column":286}},"8":{"start":{"line":7,"column":287},"end":{"line":7,"column":345}},"9":{"start":{"line":7,"column":350},"end":{"line":7,"column":559}},"10":{"start":{"line":7,"column":407},"end":{"line":7,"column":475}},"11":{"start":{"line":7,"column":423},"end":{"line":7,"column":475}},"12":{"start":{"line":7,"column":476},"end":{"line":7,"column":536}},"13":{"start":{"line":7,"column":493},"end":{"line":7,"column":536}},"14":{"start":{"line":7,"column":537},"end":{"line":7,"column":556}},"15":{"start":{"line":9,"column":18},"end":{"line":9,"column":56}},"16":{"start":{"line":11,"column":18},"end":{"line":11,"column":56}},"17":{"start":{"line":13,"column":18},"end":{"line":13,"column":56}},"18":{"start":{"line":15,"column":50},"end":{"line":15,"column":151}},"19":{"start":{"line":15,"column":92},"end":{"line":15,"column":149}},"20":{"start":{"line":17,"column":11},"end":{"line":43,"column":3}},"21":{"start":{"line":19,"column":4},"end":{"line":19,"column":32}},"22":{"start":{"line":21,"column":4},"end":{"line":21,"column":29}},"23":{"start":{"line":24,"column":2},"end":{"line":40,"column":6}},"24":{"start":{"line":27,"column":6},"end":{"line":27,"column":60}},"25":{"start":{"line":28,"column":6},"end":{"line":28,"column":58}},"26":{"start":{"line":42,"column":2},"end":{"line":42,"column":14}},"27":{"start":{"line":45,"column":0},"end":{"line":45,"column":23}}},"fnMap":{"0":{"name":"(anonymous_0)","decl":{"start":{"line":7,"column":19},"end":{"line":7,"column":20}},"loc":{"start":{"line":7,"column":31},"end":{"line":7,"column":561}},"line":7},"1":{"name":"defineProperties","decl":{"start":{"line":7,"column":42},"end":{"line":7,"column":58}},"loc":{"start":{"line":7,"column":74},"end":{"line":7,"column":349}},"line":7},"2":{"name":"(anonymous_2)","decl":{"start":{"line":7,"column":357},"end":{"line":7,"column":358}},"loc":{"start":{"line":7,"column":405},"end":{"line":7,"column":558}},"line":7},"3":{"name":"_classCallCheck","decl":{"start":{"line":15,"column":9},"end":{"line":15,"column":24}},"loc":{"start":{"line":15,"column":48},"end":{"line":15,"column":153}},"line":15},"4":{"name":"(anonymous_4)","decl":{"start":{"line":17,"column":11},"end":{"line":17,"column":12}},"loc":{"start":{"line":17,"column":23},"end":{"line":43,"column":1}},"line":17},"5":{"name":"Item","decl":{"start":{"line":18,"column":11},"end":{"line":18,"column":15}},"loc":{"start":{"line":18,"column":26},"end":{"line":22,"column":3}},"line":18},"6":{"name":"mouseClick","decl":{"start":{"line":26,"column":20},"end":{"line":26,"column":30}},"loc":{"start":{"line":26,"column":33},"end":{"line":29,"column":5}},"line":26},"7":{"name":"mouseOver","decl":{"start":{"line":32,"column":20},"end":{"line":32,"column":29}},"loc":{"start":{"line":32,"column":32},"end":{"line":34,"column":5}},"line":32},"8":{"name":"mouseOff","decl":{"start":{"line":37,"column":20},"end":{"line":37,"column":28}},"loc":{"start":{"line":37,"column":31},"end":{"line":39,"column":5}},"line":37}},"branchMap":{"0":{"loc":{"start":{"line":7,"column":168},"end":{"line":7,"column":198}},"type":"binary-expr","locations":[{"start":{"line":7,"column":168},"end":{"line":7,"column":189}},{"start":{"line":7,"column":193},"end":{"line":7,"column":198}}],"line":7},"1":{"loc":{"start":{"line":7,"column":232},"end":{"line":7,"column":286}},"type":"if","locations":[{"start":{"line":7,"column":232},"end":{"line":7,"column":286}},{"start":{"line":7,"column":232},"end":{"line":7,"column":286}}],"line":7},"2":{"loc":{"start":{"line":7,"column":407},"end":{"line":7,"column":475}},"type":"if","locations":[{"start":{"line":7,"column":407},"end":{"line":7,"column":475}},{"start":{"line":7,"column":407},"end":{"line":7,"column":475}}],"line":7},"3":{"loc":{"start":{"line":7,"column":476},"end":{"line":7,"column":536}},"type":"if","locations":[{"start":{"line":7,"column":476},"end":{"line":7,"column":536}},{"start":{"line":7,"column":476},"end":{"line":7,"column":536}}],"line":7},"4":{"loc":{"start":{"line":15,"column":50},"end":{"line":15,"column":151}},"type":"if","locations":[{"start":{"line":15,"column":50},"end":{"line":15,"column":151}},{"start":{"line":15,"column":50},"end":{"line":15,"column":151}}],"line":15}},"s":{"0":1,"1":1,"2":1,"3":3,"4":3,"5":3,"6":3,"7":3,"8":3,"9":1,"10":1,"11":1,"12":1,"13":0,"14":1,"15":1,"16":1,"17":1,"18":23,"19":0,"20":1,"21":23,"22":23,"23":1,"24":0,"25":0,"26":1,"27":1},"f":{"0":1,"1":1,"2":1,"3":23,"4":1,"5":23,"6":0,"7":0,"8":0},"b":{"0":[3,3],"1":[3,0],"2":[1,0],"3":[0,1],"4":[0,23]},"_coverageSchema":"332fd63041d2c1bcb487cc26dd0d5f7d97098a6c","hash":"39b153fda9f43da3f1b5dccd7f2e92bcd2755c8c","contentHash":"82947c648bffb56c0e4adae76e25073d_11.0.2"},"/home/elena/HIHI/gitmaster/client/actions/activeItem.js":{"path":"/home/elena/HIHI/gitmaster/client/actions/activeItem.js","statementMap":{"0":{"start":{"line":3,"column":0},"end":{"line":5,"column":3}},"1":{"start":{"line":6,"column":19},"end":{"line":11,"column":1}},"2":{"start":{"line":7,"column":2},"end":{"line":10,"column":4}},"3":{"start":{"line":13,"column":21},"end":{"line":18,"column":1}},"4":{"start":{"line":14,"column":2},"end":{"line":17,"column":4}}},"fnMap":{"0":{"name":"activateItem","decl":{"start":{"line":6,"column":51},"end":{"line":6,"column":63}},"loc":{"start":{"line":6,"column":70},"end":{"line":11,"column":1}},"line":6},"1":{"name":"deactivateItem","decl":{"start":{"line":13,"column":55},"end":{"line":13,"column":69}},"loc":{"start":{"line":13,"column":72},"end":{"line":18,"column":1}},"line":13}},"branchMap":{},"s":{"0":1,"1":1,"2":0,"3":1,"4":0},"f":{"0":0,"1":0},"b":{},"_coverageSchema":"332fd63041d2c1bcb487cc26dd0d5f7d97098a6c","hash":"c5db9a0a6d4eb0572311390689327a2611433b34","contentHash":"78e03a1476d7c34ee25d47c6e1dc9f10_11.0.2"},"/home/elena/HIHI/gitmaster/client/actions/worldItems.js":{"path":"/home/elena/HIHI/gitmaster/client/actions/worldItems.js","statementMap":{"0":{"start":{"line":3,"column":0},"end":{"line":5,"column":3}},"1":{"start":{"line":6,"column":17},"end":{"line":11,"column":1}},"2":{"start":{"line":7,"column":2},"end":{"line":10,"column":4}}},"fnMap":{"0":{"name":"deleteItem","decl":{"start":{"line":6,"column":47},"end":{"line":6,"column":57}},"loc":{"start":{"line":6,"column":68},"end":{"line":11,"column":1}},"line":6}},"branchMap":{},"s":{"0":1,"1":1,"2":0},"f":{"0":0},"b":{},"_coverageSchema":"332fd63041d2c1bcb487cc26dd0d5f7d97098a6c","hash":"fde220021af46d753d71d2b532a4cdb46aa8acfe","contentHash":"bafe05c1c5ef6d4073f420fceedd00b7_11.0.2"},"/home/elena/HIHI/gitmaster/client/actions/currentLog.js":{"path":"/home/elena/HIHI/gitmaster/client/actions/currentLog.js","statementMap":{"0":{"start":{"line":3,"column":0},"end":{"line":5,"column":3}},"1":{"start":{"line":6,"column":16},"end":{"line":11,"column":1}},"2":{"start":{"line":7,"column":2},"end":{"line":10,"column":4}}},"fnMap":{"0":{"name":"updateLog","decl":{"start":{"line":6,"column":45},"end":{"line":6,"column":54}},"loc":{"start":{"line":6,"column":60},"end":{"line":11,"column":1}},"line":6}},"branchMap":{},"s":{"0":1,"1":1,"2":0},"f":{"0":0},"b":{},"_coverageSchema":"332fd63041d2c1bcb487cc26dd0d5f7d97098a6c","hash":"3479626e51fc5cd5a557a5198f3c39b0c4fc930d","contentHash":"b219bce4a7eedf392be257d0fc44b8a6_11.0.2"},"/home/elena/HIHI/gitmaster/client/actions/inventory.js":{"path":"/home/elena/HIHI/gitmaster/client/actions/inventory.js","statementMap":{"0":{"start":{"line":3,"column":0},"end":{"line":5,"column":3}},"1":{"start":{"line":6,"column":15},"end":{"line":11,"column":1}},"2":{"start":{"line":7,"column":2},"end":{"line":10,"column":4}},"3":{"start":{"line":13,"column":18},"end":{"line":18,"column":1}},"4":{"start":{"line":14,"column":2},"end":{"line":17,"column":4}}},"fnMap":{"0":{"name":"addToInv","decl":{"start":{"line":6,"column":43},"end":{"line":6,"column":51}},"loc":{"start":{"line":6,"column":58},"end":{"line":11,"column":1}},"line":6},"1":{"name":"dropFromInv","decl":{"start":{"line":13,"column":49},"end":{"line":13,"column":60}},"loc":{"start":{"line":13,"column":67},"end":{"line":18,"column":1}},"line":13}},"branchMap":{},"s":{"0":1,"1":1,"2":0,"3":1,"4":0},"f":{"0":0,"1":0},"b":{},"_coverageSchema":"332fd63041d2c1bcb487cc26dd0d5f7d97098a6c","hash":"9e553fb4695b1479d389373e5272fb03fcb7348c","contentHash":"128298c727a4816cb3604e00e8c784d3_11.0.2"},"/home/elena/HIHI/gitmaster/client/components/game/items/Bucket.js":{"path":"/home/elena/HIHI/gitmaster/client/components/game/items/Bucket.js","statementMap":{"0":{"start":{"line":3,"column":0},"end":{"line":5,"column":3}},"1":{"start":{"line":7,"column":12},"end":{"line":7,"column":29}},"2":{"start":{"line":9,"column":13},"end":{"line":9,"column":42}},"3":{"start":{"line":11,"column":17},"end":{"line":11,"column":54}},"4":{"start":{"line":13,"column":18},"end":{"line":13,"column":56}},"5":{"start":{"line":15,"column":18},"end":{"line":15,"column":56}},"6":{"start":{"line":17,"column":22},"end":{"line":17,"column":48}},"7":{"start":{"line":19,"column":22},"end":{"line":19,"column":61}},"8":{"start":{"line":21,"column":39},"end":{"line":21,"column":93}},"9":{"start":{"line":23,"column":50},"end":{"line":23,"column":151}},"10":{"start":{"line":23,"column":92},"end":{"line":23,"column":149}},"11":{"start":{"line":25,"column":50},"end":{"line":25,"column":151}},"12":{"start":{"line":25,"column":63},"end":{"line":25,"column":149}},"13":{"start":{"line":25,"column":152},"end":{"line":25,"column":238}},"14":{"start":{"line":27,"column":43},"end":{"line":27,"column":208}},"15":{"start":{"line":27,"column":106},"end":{"line":27,"column":206}},"16":{"start":{"line":27,"column":209},"end":{"line":27,"column":373}},"17":{"start":{"line":27,"column":374},"end":{"line":27,"column":492}},"18":{"start":{"line":27,"column":390},"end":{"line":27,"column":492}},"19":{"start":{"line":29,"column":13},"end":{"line":60,"column":26}},"20":{"start":{"line":30,"column":2},"end":{"line":30,"column":36}},"21":{"start":{"line":33,"column":4},"end":{"line":33,"column":34}},"22":{"start":{"line":35,"column":16},"end":{"line":35,"column":122}},"23":{"start":{"line":37,"column":4},"end":{"line":37,"column":42}},"24":{"start":{"line":38,"column":4},"end":{"line":38,"column":103}},"25":{"start":{"line":39,"column":4},"end":{"line":39,"column":26}},"26":{"start":{"line":40,"column":4},"end":{"line":47,"column":6}},"27":{"start":{"line":48,"column":4},"end":{"line":55,"column":6}},"28":{"start":{"line":56,"column":4},"end":{"line":56,"column":17}},"29":{"start":{"line":59,"column":2},"end":{"line":59,"column":16}},"30":{"start":{"line":62,"column":0},"end":{"line":62,"column":25}}},"fnMap":{"0":{"name":"_interopRequireDefault","decl":{"start":{"line":21,"column":9},"end":{"line":21,"column":31}},"loc":{"start":{"line":21,"column":37},"end":{"line":21,"column":95}},"line":21},"1":{"name":"_classCallCheck","decl":{"start":{"line":23,"column":9},"end":{"line":23,"column":24}},"loc":{"start":{"line":23,"column":48},"end":{"line":23,"column":153}},"line":23},"2":{"name":"_possibleConstructorReturn","decl":{"start":{"line":25,"column":9},"end":{"line":25,"column":35}},"loc":{"start":{"line":25,"column":48},"end":{"line":25,"column":240}},"line":25},"3":{"name":"_inherits","decl":{"start":{"line":27,"column":9},"end":{"line":27,"column":18}},"loc":{"start":{"line":27,"column":41},"end":{"line":27,"column":494}},"line":27},"4":{"name":"(anonymous_4)","decl":{"start":{"line":29,"column":13},"end":{"line":29,"column":14}},"loc":{"start":{"line":29,"column":39},"end":{"line":60,"column":1}},"line":29},"5":{"name":"Bucket","decl":{"start":{"line":32,"column":11},"end":{"line":32,"column":17}},"loc":{"start":{"line":32,"column":28},"end":{"line":57,"column":3}},"line":32}},"branchMap":{"0":{"loc":{"start":{"line":21,"column":46},"end":{"line":21,"column":92}},"type":"cond-expr","locations":[{"start":{"line":21,"column":70},"end":{"line":21,"column":73}},{"start":{"line":21,"column":76},"end":{"line":21,"column":92}}],"line":21},"1":{"loc":{"start":{"line":21,"column":46},"end":{"line":21,"column":67}},"type":"binary-expr","locations":[{"start":{"line":21,"column":46},"end":{"line":21,"column":49}},{"start":{"line":21,"column":53},"end":{"line":21,"column":67}}],"line":21},"2":{"loc":{"start":{"line":23,"column":50},"end":{"line":23,"column":151}},"type":"if","locations":[{"start":{"line":23,"column":50},"end":{"line":23,"column":151}},{"start":{"line":23,"column":50},"end":{"line":23,"column":151}}],"line":23},"3":{"loc":{"start":{"line":25,"column":50},"end":{"line":25,"column":151}},"type":"if","locations":[{"start":{"line":25,"column":50},"end":{"line":25,"column":151}},{"start":{"line":25,"column":50},"end":{"line":25,"column":151}}],"line":25},"4":{"loc":{"start":{"line":25,"column":159},"end":{"line":25,"column":237}},"type":"cond-expr","locations":[{"start":{"line":25,"column":226},"end":{"line":25,"column":230}},{"start":{"line":25,"column":233},"end":{"line":25,"column":237}}],"line":25},"5":{"loc":{"start":{"line":25,"column":159},"end":{"line":25,"column":223}},"type":"binary-expr","locations":[{"start":{"line":25,"column":159},"end":{"line":25,"column":163}},{"start":{"line":25,"column":168},"end":{"line":25,"column":192}},{"start":{"line":25,"column":196},"end":{"line":25,"column":222}}],"line":25},"6":{"loc":{"start":{"line":27,"column":43},"end":{"line":27,"column":208}},"type":"if","locations":[{"start":{"line":27,"column":43},"end":{"line":27,"column":208}},{"start":{"line":27,"column":43},"end":{"line":27,"column":208}}],"line":27},"7":{"loc":{"start":{"line":27,"column":47},"end":{"line":27,"column":102}},"type":"binary-expr","locations":[{"start":{"line":27,"column":47},"end":{"line":27,"column":79}},{"start":{"line":27,"column":83},"end":{"line":27,"column":102}}],"line":27},"8":{"loc":{"start":{"line":27,"column":244},"end":{"line":27,"column":278}},"type":"binary-expr","locations":[{"start":{"line":27,"column":244},"end":{"line":27,"column":254}},{"start":{"line":27,"column":258},"end":{"line":27,"column":278}}],"line":27},"9":{"loc":{"start":{"line":27,"column":374},"end":{"line":27,"column":492}},"type":"if","locations":[{"start":{"line":27,"column":374},"end":{"line":27,"column":492}},{"start":{"line":27,"column":374},"end":{"line":27,"column":492}}],"line":27},"10":{"loc":{"start":{"line":27,"column":390},"end":{"line":27,"column":491}},"type":"cond-expr","locations":[{"start":{"line":27,"column":414},"end":{"line":27,"column":457}},{"start":{"line":27,"column":460},"end":{"line":27,"column":491}}],"line":27},"11":{"loc":{"start":{"line":35,"column":50},"end":{"line":35,"column":99}},"type":"binary-expr","locations":[{"start":{"line":35,"column":50},"end":{"line":35,"column":66}},{"start":{"line":35,"column":70},"end":{"line":35,"column":99}}],"line":35}},"s":{"0":1,"1":1,"2":1,"3":1,"4":1,"5":1,"6":1,"7":1,"8":2,"9":4,"10":0,"11":4,"12":0,"13":4,"14":1,"15":0,"16":1,"17":1,"18":1,"19":1,"20":1,"21":4,"22":4,"23":4,"24":4,"25":4,"26":4,"27":4,"28":4,"29":1,"30":1},"f":{"0":2,"1":4,"2":4,"3":1,"4":1,"5":4},"b":{"0":[2,0],"1":[2,2],"2":[0,4],"3":[0,4],"4":[4,0],"5":[4,4,0],"6":[0,1],"7":[1,0],"8":[1,1],"9":[1,0],"10":[1,0],"11":[4,0]},"_coverageSchema":"332fd63041d2c1bcb487cc26dd0d5f7d97098a6c","hash":"219a27ce44221f1e60b63c37453da3bb747c7f77","contentHash":"e8c43f4010b2a472a297175b85775679_11.0.2"},"/home/elena/HIHI/gitmaster/client/components/game/items/Brick.js":{"path":"/home/elena/HIHI/gitmaster/client/components/game/items/Brick.js","statementMap":{"0":{"start":{"line":3,"column":0},"end":{"line":5,"column":3}},"1":{"start":{"line":7,"column":13},"end":{"line":7,"column":30}},"2":{"start":{"line":9,"column":13},"end":{"line":9,"column":43}},"3":{"start":{"line":11,"column":39},"end":{"line":11,"column":93}},"4":{"start":{"line":13,"column":50},"end":{"line":13,"column":151}},"5":{"start":{"line":13,"column":92},"end":{"line":13,"column":149}},"6":{"start":{"line":15,"column":50},"end":{"line":15,"column":151}},"7":{"start":{"line":15,"column":63},"end":{"line":15,"column":149}},"8":{"start":{"line":15,"column":152},"end":{"line":15,"column":238}},"9":{"start":{"line":17,"column":43},"end":{"line":17,"column":208}},"10":{"start":{"line":17,"column":106},"end":{"line":17,"column":206}},"11":{"start":{"line":17,"column":209},"end":{"line":17,"column":373}},"12":{"start":{"line":17,"column":374},"end":{"line":17,"column":492}},"13":{"start":{"line":17,"column":390},"end":{"line":17,"column":492}},"14":{"start":{"line":19,"column":12},"end":{"line":42,"column":17}},"15":{"start":{"line":20,"column":2},"end":{"line":20,"column":26}},"16":{"start":{"line":23,"column":4},"end":{"line":23,"column":33}},"17":{"start":{"line":25,"column":16},"end":{"line":25,"column":120}},"18":{"start":{"line":27,"column":4},"end":{"line":27,"column":41}},"19":{"start":{"line":28,"column":4},"end":{"line":28,"column":58}},"20":{"start":{"line":29,"column":4},"end":{"line":29,"column":25}},"21":{"start":{"line":30,"column":4},"end":{"line":37,"column":6}},"22":{"start":{"line":38,"column":4},"end":{"line":38,"column":17}},"23":{"start":{"line":41,"column":2},"end":{"line":41,"column":15}},"24":{"start":{"line":44,"column":0},"end":{"line":44,"column":24}}},"fnMap":{"0":{"name":"_interopRequireDefault","decl":{"start":{"line":11,"column":9},"end":{"line":11,"column":31}},"loc":{"start":{"line":11,"column":37},"end":{"line":11,"column":95}},"line":11},"1":{"name":"_classCallCheck","decl":{"start":{"line":13,"column":9},"end":{"line":13,"column":24}},"loc":{"start":{"line":13,"column":48},"end":{"line":13,"column":153}},"line":13},"2":{"name":"_possibleConstructorReturn","decl":{"start":{"line":15,"column":9},"end":{"line":15,"column":35}},"loc":{"start":{"line":15,"column":48},"end":{"line":15,"column":240}},"line":15},"3":{"name":"_inherits","decl":{"start":{"line":17,"column":9},"end":{"line":17,"column":18}},"loc":{"start":{"line":17,"column":41},"end":{"line":17,"column":494}},"line":17},"4":{"name":"(anonymous_4)","decl":{"start":{"line":19,"column":12},"end":{"line":19,"column":13}},"loc":{"start":{"line":19,"column":29},"end":{"line":42,"column":1}},"line":19},"5":{"name":"Brick","decl":{"start":{"line":22,"column":11},"end":{"line":22,"column":16}},"loc":{"start":{"line":22,"column":27},"end":{"line":39,"column":3}},"line":22}},"branchMap":{"0":{"loc":{"start":{"line":11,"column":46},"end":{"line":11,"column":92}},"type":"cond-expr","locations":[{"start":{"line":11,"column":70},"end":{"line":11,"column":73}},{"start":{"line":11,"column":76},"end":{"line":11,"column":92}}],"line":11},"1":{"loc":{"start":{"line":11,"column":46},"end":{"line":11,"column":67}},"type":"binary-expr","locations":[{"start":{"line":11,"column":46},"end":{"line":11,"column":49}},{"start":{"line":11,"column":53},"end":{"line":11,"column":67}}],"line":11},"2":{"loc":{"start":{"line":13,"column":50},"end":{"line":13,"column":151}},"type":"if","locations":[{"start":{"line":13,"column":50},"end":{"line":13,"column":151}},{"start":{"line":13,"column":50},"end":{"line":13,"column":151}}],"line":13},"3":{"loc":{"start":{"line":15,"column":50},"end":{"line":15,"column":151}},"type":"if","locations":[{"start":{"line":15,"column":50},"end":{"line":15,"column":151}},{"start":{"line":15,"column":50},"end":{"line":15,"column":151}}],"line":15},"4":{"loc":{"start":{"line":15,"column":159},"end":{"line":15,"column":237}},"type":"cond-expr","locations":[{"start":{"line":15,"column":226},"end":{"line":15,"column":230}},{"start":{"line":15,"column":233},"end":{"line":15,"column":237}}],"line":15},"5":{"loc":{"start":{"line":15,"column":159},"end":{"line":15,"column":223}},"type":"binary-expr","locations":[{"start":{"line":15,"column":159},"end":{"line":15,"column":163}},{"start":{"line":15,"column":168},"end":{"line":15,"column":192}},{"start":{"line":15,"column":196},"end":{"line":15,"column":222}}],"line":15},"6":{"loc":{"start":{"line":17,"column":43},"end":{"line":17,"column":208}},"type":"if","locations":[{"start":{"line":17,"column":43},"end":{"line":17,"column":208}},{"start":{"line":17,"column":43},"end":{"line":17,"column":208}}],"line":17},"7":{"loc":{"start":{"line":17,"column":47},"end":{"line":17,"column":102}},"type":"binary-expr","locations":[{"start":{"line":17,"column":47},"end":{"line":17,"column":79}},{"start":{"line":17,"column":83},"end":{"line":17,"column":102}}],"line":17},"8":{"loc":{"start":{"line":17,"column":244},"end":{"line":17,"column":278}},"type":"binary-expr","locations":[{"start":{"line":17,"column":244},"end":{"line":17,"column":254}},{"start":{"line":17,"column":258},"end":{"line":17,"column":278}}],"line":17},"9":{"loc":{"start":{"line":17,"column":374},"end":{"line":17,"column":492}},"type":"if","locations":[{"start":{"line":17,"column":374},"end":{"line":17,"column":492}},{"start":{"line":17,"column":374},"end":{"line":17,"column":492}}],"line":17},"10":{"loc":{"start":{"line":17,"column":390},"end":{"line":17,"column":491}},"type":"cond-expr","locations":[{"start":{"line":17,"column":414},"end":{"line":17,"column":457}},{"start":{"line":17,"column":460},"end":{"line":17,"column":491}}],"line":17},"11":{"loc":{"start":{"line":25,"column":50},"end":{"line":25,"column":97}},"type":"binary-expr","locations":[{"start":{"line":25,"column":50},"end":{"line":25,"column":65}},{"start":{"line":25,"column":69},"end":{"line":25,"column":97}}],"line":25}},"s":{"0":1,"1":1,"2":1,"3":1,"4":4,"5":0,"6":4,"7":0,"8":4,"9":1,"10":0,"11":1,"12":1,"13":1,"14":1,"15":1,"16":4,"17":4,"18":4,"19":4,"20":4,"21":4,"22":4,"23":1,"24":1},"f":{"0":1,"1":4,"2":4,"3":1,"4":1,"5":4},"b":{"0":[1,0],"1":[1,1],"2":[0,4],"3":[0,4],"4":[0,4],"5":[4,0,0],"6":[0,1],"7":[1,0],"8":[1,1],"9":[1,0],"10":[1,0],"11":[4,0]},"_coverageSchema":"332fd63041d2c1bcb487cc26dd0d5f7d97098a6c","hash":"202d9fe66626829f88e7b77d2a9c824a022dd49d","contentHash":"e4f65b1e356b0fd55d671908f2913484_11.0.2"},"/home/elena/HIHI/gitmaster/client/components/game/Door/CellDoor.js":{"path":"/home/elena/HIHI/gitmaster/client/components/game/Door/CellDoor.js","statementMap":{"0":{"start":{"line":3,"column":0},"end":{"line":5,"column":3}},"1":{"start":{"line":7,"column":19},"end":{"line":7,"column":563}},"2":{"start":{"line":7,"column":76},"end":{"line":7,"column":347}},"3":{"start":{"line":7,"column":134},"end":{"line":7,"column":142}},"4":{"start":{"line":7,"column":144},"end":{"line":7,"column":199}},"5":{"start":{"line":7,"column":200},"end":{"line":7,"column":231}},"6":{"start":{"line":7,"column":232},"end":{"line":7,"column":286}},"7":{"start":{"line":7,"column":259},"end":{"line":7,"column":286}},"8":{"start":{"line":7,"column":287},"end":{"line":7,"column":345}},"9":{"start":{"line":7,"column":350},"end":{"line":7,"column":559}},"10":{"start":{"line":7,"column":407},"end":{"line":7,"column":475}},"11":{"start":{"line":7,"column":423},"end":{"line":7,"column":475}},"12":{"start":{"line":7,"column":476},"end":{"line":7,"column":536}},"13":{"start":{"line":7,"column":493},"end":{"line":7,"column":536}},"14":{"start":{"line":7,"column":537},"end":{"line":7,"column":556}},"15":{"start":{"line":9,"column":11},"end":{"line":9,"column":490}},"16":{"start":{"line":9,"column":54},"end":{"line":9,"column":103}},"17":{"start":{"line":9,"column":75},"end":{"line":9,"column":103}},"18":{"start":{"line":9,"column":115},"end":{"line":9,"column":164}},"19":{"start":{"line":9,"column":166},"end":{"line":9,"column":488}},"20":{"start":{"line":9,"column":205},"end":{"line":9,"column":234}},"21":{"start":{"line":9,"column":236},"end":{"line":9,"column":327}},"22":{"start":{"line":9,"column":259},"end":{"line":9,"column":276}},"23":{"start":{"line":9,"column":286},"end":{"line":9,"column":325}},"24":{"start":{"line":9,"column":335},"end":{"line":9,"column":488}},"25":{"start":{"line":9,"column":358},"end":{"line":9,"column":376}},"26":{"start":{"line":9,"column":399},"end":{"line":9,"column":407}},"27":{"start":{"line":9,"column":409},"end":{"line":9,"column":456}},"28":{"start":{"line":9,"column":437},"end":{"line":9,"column":454}},"29":{"start":{"line":9,"column":457},"end":{"line":9,"column":486}},"30":{"start":{"line":11,"column":13},"end":{"line":11,"column":30}},"31":{"start":{"line":13,"column":13},"end":{"line":13,"column":43}},"32":{"start":{"line":15,"column":18},"end":{"line":15,"column":56}},"33":{"start":{"line":17,"column":12},"end":{"line":17,"column":44}},"34":{"start":{"line":19,"column":18},"end":{"line":19,"column":56}},"35":{"start":{"line":21,"column":39},"end":{"line":21,"column":93}},"36":{"start":{"line":23,"column":50},"end":{"line":23,"column":151}},"37":{"start":{"line":23,"column":92},"end":{"line":23,"column":149}},"38":{"start":{"line":25,"column":50},"end":{"line":25,"column":151}},"39":{"start":{"line":25,"column":63},"end":{"line":25,"column":149}},"40":{"start":{"line":25,"column":152},"end":{"line":25,"column":238}},"41":{"start":{"line":27,"column":43},"end":{"line":27,"column":208}},"42":{"start":{"line":27,"column":106},"end":{"line":27,"column":206}},"43":{"start":{"line":27,"column":209},"end":{"line":27,"column":373}},"44":{"start":{"line":27,"column":374},"end":{"line":27,"column":492}},"45":{"start":{"line":27,"column":390},"end":{"line":27,"column":492}},"46":{"start":{"line":29,"column":15},"end":{"line":74,"column":17}},"47":{"start":{"line":30,"column":2},"end":{"line":30,"column":29}},"48":{"start":{"line":33,"column":4},"end":{"line":33,"column":36}},"49":{"start":{"line":35,"column":16},"end":{"line":35,"column":126}},"50":{"start":{"line":37,"column":4},"end":{"line":37,"column":44}},"51":{"start":{"line":38,"column":4},"end":{"line":38,"column":31}},"52":{"start":{"line":39,"column":4},"end":{"line":39,"column":44}},"53":{"start":{"line":40,"column":4},"end":{"line":40,"column":73}},"54":{"start":{"line":41,"column":4},"end":{"line":41,"column":28}},"55":{"start":{"line":42,"column":4},"end":{"line":42,"column":57}},"56":{"start":{"line":43,"column":4},"end":{"line":43,"column":68}},"57":{"start":{"line":44,"column":4},"end":{"line":51,"column":6}},"58":{"start":{"line":52,"column":4},"end":{"line":52,"column":17}},"59":{"start":{"line":55,"column":2},"end":{"line":71,"column":6}},"60":{"start":{"line":58,"column":6},"end":{"line":58,"column":30}},"61":{"start":{"line":59,"column":6},"end":{"line":69,"column":7}},"62":{"start":{"line":60,"column":8},"end":{"line":60,"column":64}},"63":{"start":{"line":61,"column":8},"end":{"line":61,"column":45}},"64":{"start":{"line":62,"column":8},"end":{"line":62,"column":47}},"65":{"start":{"line":63,"column":8},"end":{"line":63,"column":57}},"66":{"start":{"line":64,"column":13},"end":{"line":69,"column":7}},"67":{"start":{"line":65,"column":8},"end":{"line":65,"column":119}},"68":{"start":{"line":67,"column":8},"end":{"line":67,"column":64}},"69":{"start":{"line":68,"column":8},"end":{"line":68,"column":78}},"70":{"start":{"line":68,"column":24},"end":{"line":68,"column":78}},"71":{"start":{"line":73,"column":2},"end":{"line":73,"column":18}},"72":{"start":{"line":76,"column":0},"end":{"line":76,"column":27}}},"fnMap":{"0":{"name":"(anonymous_0)","decl":{"start":{"line":7,"column":19},"end":{"line":7,"column":20}},"loc":{"start":{"line":7,"column":31},"end":{"line":7,"column":561}},"line":7},"1":{"name":"defineProperties","decl":{"start":{"line":7,"column":42},"end":{"line":7,"column":58}},"loc":{"start":{"line":7,"column":74},"end":{"line":7,"column":349}},"line":7},"2":{"name":"(anonymous_2)","decl":{"start":{"line":7,"column":357},"end":{"line":7,"column":358}},"loc":{"start":{"line":7,"column":405},"end":{"line":7,"column":558}},"line":7},"3":{"name":"get","decl":{"start":{"line":9,"column":20},"end":{"line":9,"column":23}},"loc":{"start":{"line":9,"column":52},"end":{"line":9,"column":490}},"line":9},"4":{"name":"_interopRequireDefault","decl":{"start":{"line":21,"column":9},"end":{"line":21,"column":31}},"loc":{"start":{"line":21,"column":37},"end":{"line":21,"column":95}},"line":21},"5":{"name":"_classCallCheck","decl":{"start":{"line":23,"column":9},"end":{"line":23,"column":24}},"loc":{"start":{"line":23,"column":48},"end":{"line":23,"column":153}},"line":23},"6":{"name":"_possibleConstructorReturn","decl":{"start":{"line":25,"column":9},"end":{"line":25,"column":35}},"loc":{"start":{"line":25,"column":48},"end":{"line":25,"column":240}},"line":25},"7":{"name":"_inherits","decl":{"start":{"line":27,"column":9},"end":{"line":27,"column":18}},"loc":{"start":{"line":27,"column":41},"end":{"line":27,"column":494}},"line":27},"8":{"name":"(anonymous_8)","decl":{"start":{"line":29,"column":15},"end":{"line":29,"column":16}},"loc":{"start":{"line":29,"column":32},"end":{"line":74,"column":1}},"line":29},"9":{"name":"CellDoor","decl":{"start":{"line":32,"column":11},"end":{"line":32,"column":19}},"loc":{"start":{"line":32,"column":30},"end":{"line":53,"column":3}},"line":32},"10":{"name":"mouseClick","decl":{"start":{"line":57,"column":20},"end":{"line":57,"column":30}},"loc":{"start":{"line":57,"column":55},"end":{"line":70,"column":5}},"line":57}},"branchMap":{"0":{"loc":{"start":{"line":7,"column":168},"end":{"line":7,"column":198}},"type":"binary-expr","locations":[{"start":{"line":7,"column":168},"end":{"line":7,"column":189}},{"start":{"line":7,"column":193},"end":{"line":7,"column":198}}],"line":7},"1":{"loc":{"start":{"line":7,"column":232},"end":{"line":7,"column":286}},"type":"if","locations":[{"start":{"line":7,"column":232},"end":{"line":7,"column":286}},{"start":{"line":7,"column":232},"end":{"line":7,"column":286}}],"line":7},"2":{"loc":{"start":{"line":7,"column":407},"end":{"line":7,"column":475}},"type":"if","locations":[{"start":{"line":7,"column":407},"end":{"line":7,"column":475}},{"start":{"line":7,"column":407},"end":{"line":7,"column":475}}],"line":7},"3":{"loc":{"start":{"line":7,"column":476},"end":{"line":7,"column":536}},"type":"if","locations":[{"start":{"line":7,"column":476},"end":{"line":7,"column":536}},{"start":{"line":7,"column":476},"end":{"line":7,"column":536}}],"line":7},"4":{"loc":{"start":{"line":9,"column":54},"end":{"line":9,"column":103}},"type":"if","locations":[{"start":{"line":9,"column":54},"end":{"line":9,"column":103}},{"start":{"line":9,"column":54},"end":{"line":9,"column":103}}],"line":9},"5":{"loc":{"start":{"line":9,"column":166},"end":{"line":9,"column":488}},"type":"if","locations":[{"start":{"line":9,"column":166},"end":{"line":9,"column":488}},{"start":{"line":9,"column":166},"end":{"line":9,"column":488}}],"line":9},"6":{"loc":{"start":{"line":9,"column":236},"end":{"line":9,"column":327}},"type":"if","locations":[{"start":{"line":9,"column":236},"end":{"line":9,"column":327}},{"start":{"line":9,"column":236},"end":{"line":9,"column":327}}],"line":9},"7":{"loc":{"start":{"line":9,"column":335},"end":{"line":9,"column":488}},"type":"if","locations":[{"start":{"line":9,"column":335},"end":{"line":9,"column":488}},{"start":{"line":9,"column":335},"end":{"line":9,"column":488}}],"line":9},"8":{"loc":{"start":{"line":9,"column":409},"end":{"line":9,"column":456}},"type":"if","locations":[{"start":{"line":9,"column":409},"end":{"line":9,"column":456}},{"start":{"line":9,"column":409},"end":{"line":9,"column":456}}],"line":9},"9":{"loc":{"start":{"line":21,"column":46},"end":{"line":21,"column":92}},"type":"cond-expr","locations":[{"start":{"line":21,"column":70},"end":{"line":21,"column":73}},{"start":{"line":21,"column":76},"end":{"line":21,"column":92}}],"line":21},"10":{"loc":{"start":{"line":21,"column":46},"end":{"line":21,"column":67}},"type":"binary-expr","locations":[{"start":{"line":21,"column":46},"end":{"line":21,"column":49}},{"start":{"line":21,"column":53},"end":{"line":21,"column":67}}],"line":21},"11":{"loc":{"start":{"line":23,"column":50},"end":{"line":23,"column":151}},"type":"if","locations":[{"start":{"line":23,"column":50},"end":{"line":23,"column":151}},{"start":{"line":23,"column":50},"end":{"line":23,"column":151}}],"line":23},"12":{"loc":{"start":{"line":25,"column":50},"end":{"line":25,"column":151}},"type":"if","locations":[{"start":{"line":25,"column":50},"end":{"line":25,"column":151}},{"start":{"line":25,"column":50},"end":{"line":25,"column":151}}],"line":25},"13":{"loc":{"start":{"line":25,"column":159},"end":{"line":25,"column":237}},"type":"cond-expr","locations":[{"start":{"line":25,"column":226},"end":{"line":25,"column":230}},{"start":{"line":25,"column":233},"end":{"line":25,"column":237}}],"line":25},"14":{"loc":{"start":{"line":25,"column":159},"end":{"line":25,"column":223}},"type":"binary-expr","locations":[{"start":{"line":25,"column":159},"end":{"line":25,"column":163}},{"start":{"line":25,"column":168},"end":{"line":25,"column":192}},{"start":{"line":25,"column":196},"end":{"line":25,"column":222}}],"line":25},"15":{"loc":{"start":{"line":27,"column":43},"end":{"line":27,"column":208}},"type":"if","locations":[{"start":{"line":27,"column":43},"end":{"line":27,"column":208}},{"start":{"line":27,"column":43},"end":{"line":27,"column":208}}],"line":27},"16":{"loc":{"start":{"line":27,"column":47},"end":{"line":27,"column":102}},"type":"binary-expr","locations":[{"start":{"line":27,"column":47},"end":{"line":27,"column":79}},{"start":{"line":27,"column":83},"end":{"line":27,"column":102}}],"line":27},"17":{"loc":{"start":{"line":27,"column":244},"end":{"line":27,"column":278}},"type":"binary-expr","locations":[{"start":{"line":27,"column":244},"end":{"line":27,"column":254}},{"start":{"line":27,"column":258},"end":{"line":27,"column":278}}],"line":27},"18":{"loc":{"start":{"line":27,"column":374},"end":{"line":27,"column":492}},"type":"if","locations":[{"start":{"line":27,"column":374},"end":{"line":27,"column":492}},{"start":{"line":27,"column":374},"end":{"line":27,"column":492}}],"line":27},"19":{"loc":{"start":{"line":27,"column":390},"end":{"line":27,"column":491}},"type":"cond-expr","locations":[{"start":{"line":27,"column":414},"end":{"line":27,"column":457}},{"start":{"line":27,"column":460},"end":{"line":27,"column":491}}],"line":27},"20":{"loc":{"start":{"line":35,"column":50},"end":{"line":35,"column":103}},"type":"binary-expr","locations":[{"start":{"line":35,"column":50},"end":{"line":35,"column":68}},{"start":{"line":35,"column":72},"end":{"line":35,"column":103}}],"line":35},"21":{"loc":{"start":{"line":59,"column":6},"end":{"line":69,"column":7}},"type":"if","locations":[{"start":{"line":59,"column":6},"end":{"line":69,"column":7}},{"start":{"line":59,"column":6},"end":{"line":69,"column":7}}],"line":59},"22":{"loc":{"start":{"line":64,"column":13},"end":{"line":69,"column":7}},"type":"if","locations":[{"start":{"line":64,"column":13},"end":{"line":69,"column":7}},{"start":{"line":64,"column":13},"end":{"line":69,"column":7}}],"line":64},"23":{"loc":{"start":{"line":65,"column":13},"end":{"line":65,"column":86}},"type":"binary-expr","locations":[{"start":{"line":65,"column":13},"end":{"line":65,"column":41}},{"start":{"line":65,"column":45},"end":{"line":65,"column":86}}],"line":65},"24":{"loc":{"start":{"line":68,"column":8},"end":{"line":68,"column":78}},"type":"if","locations":[{"start":{"line":68,"column":8},"end":{"line":68,"column":78}},{"start":{"line":68,"column":8},"end":{"line":68,"column":78}}],"line":68}},"s":{"0":1,"1":1,"2":1,"3":1,"4":1,"5":1,"6":1,"7":1,"8":1,"9":1,"10":1,"11":1,"12":1,"13":0,"14":1,"15":1,"16":0,"17":0,"18":0,"19":0,"20":0,"21":0,"22":0,"23":0,"24":0,"25":0,"26":0,"27":0,"28":0,"29":0,"30":1,"31":1,"32":1,"33":1,"34":1,"35":1,"36":4,"37":0,"38":4,"39":0,"40":4,"41":1,"42":0,"43":1,"44":1,"45":1,"46":1,"47":1,"48":4,"49":4,"50":4,"51":4,"52":4,"53":4,"54":4,"55":4,"56":4,"57":4,"58":4,"59":1,"60":0,"61":0,"62":0,"63":0,"64":0,"65":0,"66":0,"67":0,"68":0,"69":0,"70":0,"71":1,"72":1},"f":{"0":1,"1":1,"2":1,"3":0,"4":1,"5":4,"6":4,"7":1,"8":1,"9":4,"10":0},"b":{"0":[1,1],"1":[1,0],"2":[1,0],"3":[0,1],"4":[0,0],"5":[0,0],"6":[0,0],"7":[0,0],"8":[0,0],"9":[1,0],"10":[1,1],"11":[0,4],"12":[0,4],"13":[4,0],"14":[4,4,0],"15":[0,1],"16":[1,0],"17":[1,1],"18":[1,0],"19":[1,0],"20":[4,0],"21":[0,0],"22":[0,0],"23":[0,0],"24":[0,0]},"_coverageSchema":"332fd63041d2c1bcb487cc26dd0d5f7d97098a6c","hash":"28740cc2938b4947bbfc050c7c81fc61ef8b4a29","contentHash":"dd4d8513f3d2e1aa04fb7c63d6f659b0_11.0.2"},"/home/elena/HIHI/gitmaster/client/components/game/Door/Door.js":{"path":"/home/elena/HIHI/gitmaster/client/components/game/Door/Door.js","statementMap":{"0":{"start":{"line":3,"column":0},"end":{"line":5,"column":3}},"1":{"start":{"line":7,"column":19},"end":{"line":7,"column":563}},"2":{"start":{"line":7,"column":76},"end":{"line":7,"column":347}},"3":{"start":{"line":7,"column":134},"end":{"line":7,"column":142}},"4":{"start":{"line":7,"column":144},"end":{"line":7,"column":199}},"5":{"start":{"line":7,"column":200},"end":{"line":7,"column":231}},"6":{"start":{"line":7,"column":232},"end":{"line":7,"column":286}},"7":{"start":{"line":7,"column":259},"end":{"line":7,"column":286}},"8":{"start":{"line":7,"column":287},"end":{"line":7,"column":345}},"9":{"start":{"line":7,"column":350},"end":{"line":7,"column":559}},"10":{"start":{"line":7,"column":407},"end":{"line":7,"column":475}},"11":{"start":{"line":7,"column":423},"end":{"line":7,"column":475}},"12":{"start":{"line":7,"column":476},"end":{"line":7,"column":536}},"13":{"start":{"line":7,"column":493},"end":{"line":7,"column":536}},"14":{"start":{"line":7,"column":537},"end":{"line":7,"column":556}},"15":{"start":{"line":9,"column":13},"end":{"line":9,"column":37}},"16":{"start":{"line":11,"column":13},"end":{"line":11,"column":43}},"17":{"start":{"line":13,"column":12},"end":{"line":13,"column":44}},"18":{"start":{"line":15,"column":18},"end":{"line":15,"column":56}},"19":{"start":{"line":17,"column":39},"end":{"line":17,"column":93}},"20":{"start":{"line":19,"column":50},"end":{"line":19,"column":151}},"21":{"start":{"line":19,"column":92},"end":{"line":19,"column":149}},"22":{"start":{"line":21,"column":50},"end":{"line":21,"column":151}},"23":{"start":{"line":21,"column":63},"end":{"line":21,"column":149}},"24":{"start":{"line":21,"column":152},"end":{"line":21,"column":238}},"25":{"start":{"line":23,"column":43},"end":{"line":23,"column":208}},"26":{"start":{"line":23,"column":106},"end":{"line":23,"column":206}},"27":{"start":{"line":23,"column":209},"end":{"line":23,"column":373}},"28":{"start":{"line":23,"column":374},"end":{"line":23,"column":492}},"29":{"start":{"line":23,"column":390},"end":{"line":23,"column":492}},"30":{"start":{"line":25,"column":11},"end":{"line":43,"column":17}},"31":{"start":{"line":26,"column":2},"end":{"line":26,"column":25}},"32":{"start":{"line":29,"column":4},"end":{"line":29,"column":32}},"33":{"start":{"line":31,"column":4},"end":{"line":31,"column":114}},"34":{"start":{"line":34,"column":2},"end":{"line":40,"column":6}},"35":{"start":{"line":37,"column":6},"end":{"line":37,"column":56}},"36":{"start":{"line":38,"column":6},"end":{"line":38,"column":62}},"37":{"start":{"line":42,"column":2},"end":{"line":42,"column":14}},"38":{"start":{"line":45,"column":0},"end":{"line":45,"column":23}}},"fnMap":{"0":{"name":"(anonymous_0)","decl":{"start":{"line":7,"column":19},"end":{"line":7,"column":20}},"loc":{"start":{"line":7,"column":31},"end":{"line":7,"column":561}},"line":7},"1":{"name":"defineProperties","decl":{"start":{"line":7,"column":42},"end":{"line":7,"column":58}},"loc":{"start":{"line":7,"column":74},"end":{"line":7,"column":349}},"line":7},"2":{"name":"(anonymous_2)","decl":{"start":{"line":7,"column":357},"end":{"line":7,"column":358}},"loc":{"start":{"line":7,"column":405},"end":{"line":7,"column":558}},"line":7},"3":{"name":"_interopRequireDefault","decl":{"start":{"line":17,"column":9},"end":{"line":17,"column":31}},"loc":{"start":{"line":17,"column":37},"end":{"line":17,"column":95}},"line":17},"4":{"name":"_classCallCheck","decl":{"start":{"line":19,"column":9},"end":{"line":19,"column":24}},"loc":{"start":{"line":19,"column":48},"end":{"line":19,"column":153}},"line":19},"5":{"name":"_possibleConstructorReturn","decl":{"start":{"line":21,"column":9},"end":{"line":21,"column":35}},"loc":{"start":{"line":21,"column":48},"end":{"line":21,"column":240}},"line":21},"6":{"name":"_inherits","decl":{"start":{"line":23,"column":9},"end":{"line":23,"column":18}},"loc":{"start":{"line":23,"column":41},"end":{"line":23,"column":494}},"line":23},"7":{"name":"(anonymous_7)","decl":{"start":{"line":25,"column":11},"end":{"line":25,"column":12}},"loc":{"start":{"line":25,"column":28},"end":{"line":43,"column":1}},"line":25},"8":{"name":"Door","decl":{"start":{"line":28,"column":11},"end":{"line":28,"column":15}},"loc":{"start":{"line":28,"column":26},"end":{"line":32,"column":3}},"line":28},"9":{"name":"mouseClick","decl":{"start":{"line":36,"column":20},"end":{"line":36,"column":30}},"loc":{"start":{"line":36,"column":33},"end":{"line":39,"column":5}},"line":36}},"branchMap":{"0":{"loc":{"start":{"line":7,"column":168},"end":{"line":7,"column":198}},"type":"binary-expr","locations":[{"start":{"
[...]
sh":"812d48375e597c4f7369621b4335d119fc2abab3","contentHash":"77f00d79115d35841c86b9f2902538da_11.0.2"},"/home/elena/HIHI/gitmaster/client/components/game/items/Crowbar.js":{"path":"/home/elena/HIHI/gitmaster/client/components/game/items/Crowbar.js","statementMap":{"0":{"start":{"line":3,"column":0},"end":{"line":5,"column":3}},"1":{"start":{"line":7,"column":22},"end":{"line":7,"column":48}},"2":{"start":{"line":9,"column":22},"end":{"line":9,"column":61}},"3":{"start":{"line":11,"column":39},"end":{"line":11,"column":93}},"4":{"start":{"line":13,"column":50},"end":{"line":13,"column":151}},"5":{"start":{"line":13,"column":92},"end":{"line":13,"column":149}},"6":{"start":{"line":15,"column":50},"end":{"line":15,"column":151}},"7":{"start":{"line":15,"column":63},"end":{"line":15,"column":149}},"8":{"start":{"line":15,"column":152},"end":{"line":15,"column":238}},"9":{"start":{"line":17,"column":43},"end":{"line":17,"column":208}},"10":{"start":{"line":17,"column":106},"end":{"line":17,"column":206}},"11":{"start":{"line":17,"column":209},"end":{"line":17,"column":373}},"12":{"start":{"line":17,"column":374},"end":{"line":17,"column":492}},"13":{"start":{"line":17,"column":390},"end":{"line":17,"column":492}},"14":{"start":{"line":19,"column":14},"end":{"line":42,"column":26}},"15":{"start":{"line":20,"column":2},"end":{"line":20,"column":37}},"16":{"start":{"line":23,"column":4},"end":{"line":23,"column":35}},"17":{"start":{"line":25,"column":16},"end":{"line":25,"column":124}},"18":{"start":{"line":27,"column":4},"end":{"line":27,"column":43}},"19":{"start":{"line":28,"column":4},"end":{"line":28,"column":27}},"20":{"start":{"line":29,"column":4},"end":{"line":29,"column":75}},"21":{"start":{"line":30,"column":4},"end":{"line":37,"column":6}},"22":{"start":{"line":38,"column":4},"end":{"line":38,"column":17}},"23":{"start":{"line":41,"column":2},"end":{"line":41,"column":17}},"24":{"start":{"line":44,"column":0},"end":{"line":44,"column":26}}},"fnMap":{"0":{"name":"_interopRequireDefault","decl":{"start":{"line":11,"column":9},"end":{"line":11,"column":31}},"loc":{"start":{"line":11,"column":37},"end":{"line":11,"column":95}},"line":11},"1":{"name":"_classCallCheck","decl":{"start":{"line":13,"column":9},"end":{"line":13,"column":24}},"loc":{"start":{"line":13,"column":48},"end":{"line":13,"column":153}},"line":13},"2":{"name":"_possibleConstructorReturn","decl":{"start":{"line":15,"column":9},"end":{"line":15,"column":35}},"loc":{"start":{"line":15,"column":48},"end":{"line":15,"column":240}},"line":15},"3":{"name":"_inherits","decl":{"start":{"line":17,"column":9},"end":{"line":17,"column":18}},"loc":{"start":{"line":17,"column":41},"end":{"line":17,"column":494}},"line":17},"4":{"name":"(anonymous_4)","decl":{"start":{"line":19,"column":14},"end":{"line":19,"column":15}},"loc":{"start":{"line":19,"column":40},"end":{"line":42,"column":1}},"line":19},"5":{"name":"Crowbar","decl":{"start":{"line":22,"column":11},"end":{"line":22,"column":18}},"loc":{"start":{"line":22,"column":29},"end":{"line":39,"column":3}},"line":22}},"branchMap":{"0":{"loc":{"start":{"line":11,"column":46},"end":{"line":11,"column":92}},"type":"cond-expr","locations":[{"start":{"line":11,"column":70},"end":{"line":11,"column":73}},{"start":{"line":11,"column":76},"end":{"line":11,"column":92}}],"line":11},"1":{"loc":{"start":{"line":11,"column":46},"end":{"line":11,"column":67}},"type":"binary-expr","locations":[{"start":{"line":11,"column":46},"end":{"line":11,"column":49}},{"start":{"line":11,"column":53},"end":{"line":11,"column":67}}],"line":11},"2":{"loc":{"start":{"line":13,"column":50},"end":{"line":13,"column":151}},"type":"if","locations":[{"start":{"line":13,"column":50},"end":{"line":13,"column":151}},{"start":{"line":13,"column":50},"end":{"line":13,"column":151}}],"line":13},"3":{"loc":{"start":{"line":15,"column":50},"end":{"line":15,"column":151}},"type":"if","locations":[{"start":{"line":15,"column":50},"end":{"line":15,"column":151}},{"start":{"line":15,"column":50},"end":{"line":15,"column":151}}],"line":15},"4":{"loc":{"start":{"line":15,"column":159},"end":{"line":15,"column":237}},"type":"cond-expr","locations":[{"start":{"line":15,"column":226},"end":{"line":15,"column":230}},{"start":{"line":15,"column":233},"end":{"line":15,"column":237}}],"line":15},"5":{"loc":{"start":{"line":15,"column":159},"end":{"line":15,"column":223}},"type":"binary-expr","locations":[{"start":{"line":15,"column":159},"end":{"line":15,"column":163}},{"start":{"line":15,"column":168},"end":{"line":15,"column":192}},{"start":{"line":15,"column":196},"end":{"line":15,"column":222}}],"line":15},"6":{"loc":{"start":{"line":17,"column":43},"end":{"line":17,"column":208}},"type":"if","locations":[{"start":{"line":17,"column":43},"end":{"line":17,"column":208}},{"start":{"line":17,"column":43},"end":{"line":17,"column":208}}],"line":17},"7":{"loc":{"start":{"line":17,"column":47},"end":{"line":17,"column":102}},"type":"binary-expr","locations":[{"start":{"line":17,"column":47},"end":{"line":17,"column":79}},{"start":{"line":17,"column":83},"end":{"line":17,"column":102}}],"line":17},"8":{"loc":{"start":{"line":17,"column":244},"end":{"line":17,"column":278}},"type":"binary-expr","locations":[{"start":{"line":17,"column":244},"end":{"line":17,"column":254}},{"start":{"line":17,"column":258},"end":{"line":17,"column":278}}],"line":17},"9":{"loc":{"start":{"line":17,"column":374},"end":{"line":17,"column":492}},"type":"if","locations":[{"start":{"line":17,"column":374},"end":{"line":17,"column":492}},{"start":{"line":17,"column":374},"end":{"line":17,"column":492}}],"line":17},"10":{"loc":{"start":{"line":17,"column":390},"end":{"line":17,"column":491}},"type":"cond-expr","locations":[{"start":{"line":17,"column":414},"end":{"line":17,"column":457}},{"start":{"line":17,"column":460},"end":{"line":17,"column":491}}],"line":17},"11":{"loc":{"start":{"line":25,"column":50},"end":{"line":25,"column":101}},"type":"binary-expr","locations":[{"start":{"line":25,"column":50},"end":{"line":25,"column":67}},{"start":{"line":25,"column":71},"end":{"line":25,"column":101}}],"line":25}},"s":{"0":1,"1":1,"2":1,"3":1,"4":0,"5":0,"6":0,"7":0,"8":0,"9":1,"10":0,"11":1,"12":1,"13":1,"14":1,"15":1,"16":0,"17":0,"18":0,"19":0,"20":0,"21":0,"22":0,"23":1,"24":1},"f":{"0":1,"1":0,"2":0,"3":1,"4":1,"5":0},"b":{"0":[1,0],"1":[1,1],"2":[0,0],"3":[0,0],"4":[0,0],"5":[0,0,0],"6":[0,1],"7":[1,0],"8":[1,1],"9":[1,0],"10":[1,0],"11":[0,0]},"_coverageSchema":"332fd63041d2c1bcb487cc26dd0d5f7d97098a6c","hash":"79d8e5f3c34f65522d322111b94ea630a20760b3","contentHash":"646e2d9d0734ec345fc597bcc33595aa_11.0.2"},"/home/elena/HIHI/gitmaster/client/components/game/items/Locker3.js":{"path":"/home/elena/HIHI/gitmaster/client/components/game/items/Locker3.js","statementMap":{"0":{"start":{"line":3,"column":0},"end":{"line":5,"column":3}},"1":{"start":{"line":7,"column":19},"end":{"line":7,"column":42}},"2":{"start":{"line":9,"column":19},"end":{"line":9,"column":55}},"3":{"start":{"line":11,"column":13},"end":{"line":11,"column":38}},"4":{"start":{"line":13,"column":14},"end":{"line":13,"column":44}},"5":{"start":{"line":15,"column":39},"end":{"line":15,"column":93}},"6":{"start":{"line":17,"column":50},"end":{"line":17,"column":151}},"7":{"start":{"line":17,"column":92},"end":{"line":17,"column":149}},"8":{"start":{"line":19,"column":50},"end":{"line":19,"column":151}},"9":{"start":{"line":19,"column":63},"end":{"line":19,"column":149}},"10":{"start":{"line":19,"column":152},"end":{"line":19,"column":238}},"11":{"start":{"line":21,"column":43},"end":{"line":21,"column":208}},"12":{"start":{"line":21,"column":106},"end":{"line":21,"column":206}},"13":{"start":{"line":21,"column":209},"end":{"line":21,"column":373}},"14":{"start":{"line":21,"column":374},"end":{"line":21,"column":492}},"15":{"start":{"line":21,"column":390},"end":{"line":21,"column":492}},"16":{"start":{"line":23,"column":14},"end":{"line":47,"column":23}},"17":{"start":{"line":24,"column":2},"end":{"line":24,"column":34}},"18":{"start":{"line":27,"column":4},"end":{"line":27,"column":35}},"19":{"start":{"line":29,"column":16},"end":{"line":29,"column":124}},"20":{"start":{"line":31,"column":4},"end":{"line":31,"column":43}},"21":{"start":{"line":32,"column":4},"end":{"line":32,"column":56}},"22":{"start":{"line":33,"column":4},"end":{"line":33,"column":27}},"23":{"start":{"line":34,"column":4},"end":{"line":34,"column":53}},"24":{"start":{"line":35,"column":4},"end":{"line":42,"column":6}},"25":{"start":{"line":43,"column":4},"end":{"line":43,"column":17}},"26":{"start":{"line":46,"column":2},"end":{"line":46,"column":17}},"27":{"start":{"line":49,"column":0},"end":{"line":49,"column":26}}},"fnMap":{"0":{"name":"_interopRequireDefault","decl":{"start":{"line":15,"column":9},"end":{"line":15,"column":31}},"loc":{"start":{"line":15,"column":37},"end":{"line":15,"column":95}},"line":15},"1":{"name":"_classCallCheck","decl":{"start":{"line":17,"column":9},"end":{"line":17,"column":24}},"loc":{"start":{"line":17,"column":48},"end":{"line":17,"column":153}},"line":17},"2":{"name":"_possibleConstructorReturn","decl":{"start":{"line":19,"column":9},"end":{"line":19,"column":35}},"loc":{"start":{"line":19,"column":48},"end":{"line":19,"column":240}},"line":19},"3":{"name":"_inherits","decl":{"start":{"line":21,"column":9},"end":{"line":21,"column":18}},"loc":{"start":{"line":21,"column":41},"end":{"line":21,"column":494}},"line":21},"4":{"name":"(anonymous_4)","decl":{"start":{"line":23,"column":14},"end":{"line":23,"column":15}},"loc":{"start":{"line":23,"column":37},"end":{"line":47,"column":1}},"line":23},"5":{"name":"Locker3","decl":{"start":{"line":26,"column":11},"end":{"line":26,"column":18}},"loc":{"start":{"line":26,"column":29},"end":{"line":44,"column":3}},"line":26}},"branchMap":{"0":{"loc":{"start":{"line":15,"column":46},"end":{"line":15,"column":92}},"type":"cond-expr","locations":[{"start":{"line":15,"column":70},"end":{"line":15,"column":73}},{"start":{"line":15,"column":76},"end":{"line":15,"column":92}}],"line":15},"1":{"loc":{"start":{"line":15,"column":46},"end":{"line":15,"column":67}},"type":"binary-expr","locations":[{"start":{"line":15,"column":46},"end":{"line":15,"column":49}},{"start":{"line":15,"column":53},"end":{"line":15,"column":67}}],"line":15},"2":{"loc":{"start":{"line":17,"column":50},"end":{"line":17,"column":151}},"type":"if","locations":[{"start":{"line":17,"column":50},"end":{"line":17,"column":151}},{"start":{"line":17,"column":50},"end":{"line":17,"column":151}}],"line":17},"3":{"loc":{"start":{"line":19,"column":50},"end":{"line":19,"column":151}},"type":"if","locations":[{"start":{"line":19,"column":50},"end":{"line":19,"column":151}},{"start":{"line":19,"column":50},"end":{"line":19,"column":151}}],"line":19},"4":{"loc":{"start":{"line":19,"column":159},"end":{"line":19,"column":237}},"type":"cond-expr","locations":[{"start":{"line":19,"column":226},"end":{"line":19,"column":230}},{"start":{"line":19,"column":233},"end":{"line":19,"column":237}}],"line":19},"5":{"loc":{"start":{"line":19,"column":159},"end":{"line":19,"column":223}},"type":"binary-expr","locations":[{"start":{"line":19,"column":159},"end":{"line":19,"column":163}},{"start":{"line":19,"column":168},"end":{"line":19,"column":192}},{"start":{"line":19,"column":196},"end":{"line":19,"column":222}}],"line":19},"6":{"loc":{"start":{"line":21,"column":43},"end":{"line":21,"column":208}},"type":"if","locations":[{"start":{"line":21,"column":43},"end":{"line":21,"column":208}},{"start":{"line":21,"column":43},"end":{"line":21,"column":208}}],"line":21},"7":{"loc":{"start":{"line":21,"column":47},"end":{"line":21,"column":102}},"type":"binary-expr","locations":[{"start":{"line":21,"column":47},"end":{"line":21,"column":79}},{"start":{"line":21,"column":83},"end":{"line":21,"column":102}}],"line":21},"8":{"loc":{"start":{"line":21,"column":244},"end":{"line":21,"column":278}},"type":"binary-expr","locations":[{"start":{"line":21,"column":244},"end":{"line":21,"column":254}},{"start":{"line":21,"column":258},"end":{"line":21,"column":278}}],"line":21},"9":{"loc":{"start":{"line":21,"column":374},"end":{"line":21,"column":492}},"type":"if","locations":[{"start":{"line":21,"column":374},"end":{"line":21,"column":492}},{"start":{"line":21,"column":374},"end":{"line":21,"column":492}}],"line":21},"10":{"loc":{"start":{"line":21,"column":390},"end":{"line":21,"column":491}},"type":"cond-expr","locations":[{"start":{"line":21,"column":414},"end":{"line":21,"column":457}},{"start":{"line":21,"column":460},"end":{"line":21,"column":491}}],"line":21},"11":{"loc":{"start":{"line":29,"column":50},"end":{"line":29,"column":101}},"type":"binary-expr","locations":[{"start":{"line":29,"column":50},"end":{"line":29,"column":67}},{"start":{"line":29,"column":71},"end":{"line":29,"column":101}}],"line":29}},"s":{"0":1,"1":1,"2":1,"3":1,"4":1,"5":2,"6":0,"7":0,"8":0,"9":0,"10":0,"11":1,"12":0,"13":1,"14":1,"15":1,"16":1,"17":1,"18":0,"19":0,"20":0,"21":0,"22":0,"23":0,"24":0,"25":0,"26":1,"27":1},"f":{"0":2,"1":0,"2":0,"3":1,"4":1,"5":0},"b":{"0":[2,0],"1":[2,2],"2":[0,0],"3":[0,0],"4":[0,0],"5":[0,0,0],"6":[0,1],"7":[1,0],"8":[1,1],"9":[1,0],"10":[1,0],"11":[0,0]},"_coverageSchema":"332fd63041d2c1bcb487cc26dd0d5f7d97098a6c","hash":"89ee1137da22c38a42c0d198721813a4b83e62b5","contentHash":"aab35fe32f6e8ca1e04f70dfb78da22e_11.0.2"},"/home/elena/HIHI/gitmaster/client/components/game/items/Photo.js":{"path":"/home/elena/HIHI/gitmaster/client/components/game/items/Photo.js","statementMap":{"0":{"start":{"line":3,"column":0},"end":{"line":5,"column":3}},"1":{"start":{"line":7,"column":22},"end":{"line":7,"column":48}},"2":{"start":{"line":9,"column":22},"end":{"line":9,"column":61}},"3":{"start":{"line":11,"column":39},"end":{"line":11,"column":93}},"4":{"start":{"line":13,"column":50},"end":{"line":13,"column":151}},"5":{"start":{"line":13,"column":92},"end":{"line":13,"column":149}},"6":{"start":{"line":15,"column":50},"end":{"line":15,"column":151}},"7":{"start":{"line":15,"column":63},"end":{"line":15,"column":149}},"8":{"start":{"line":15,"column":152},"end":{"line":15,"column":238}},"9":{"start":{"line":17,"column":43},"end":{"line":17,"column":208}},"10":{"start":{"line":17,"column":106},"end":{"line":17,"column":206}},"11":{"start":{"line":17,"column":209},"end":{"line":17,"column":373}},"12":{"start":{"line":17,"column":374},"end":{"line":17,"column":492}},"13":{"start":{"line":17,"column":390},"end":{"line":17,"column":492}},"14":{"start":{"line":19,"column":12},"end":{"line":42,"column":26}},"15":{"start":{"line":20,"column":2},"end":{"line":20,"column":35}},"16":{"start":{"line":23,"column":4},"end":{"line":23,"column":33}},"17":{"start":{"line":25,"column":16},"end":{"line":25,"column":120}},"18":{"start":{"line":27,"column":4},"end":{"line":27,"column":41}},"19":{"start":{"line":28,"column":4},"end":{"line":28,"column":45}},"20":{"start":{"line":29,"column":4},"end":{"line":29,"column":25}},"21":{"start":{"line":30,"column":4},"end":{"line":37,"column":6}},"22":{"start":{"line":38,"column":4},"end":{"line":38,"column":17}},"23":{"start":{"line":41,"column":2},"end":{"line":41,"column":15}},"24":{"start":{"line":44,"column":0},"end":{"line":44,"column":24}}},"fnMap":{"0":{"name":"_interopRequireDefault","decl":{"start":{"line":11,"column":9},"end":{"line":11,"column":31}},"loc":{"start":{"line":11,"column":37},"end":{"line":11,"column":95}},"line":11},"1":{"name":"_classCallCheck","decl":{"start":{"line":13,"column":9},"end":{"line":13,"column":24}},"loc":{"start":{"line":13,"column":48},"end":{"line":13,"column":153}},"line":13},"2":{"name":"_possibleConstructorReturn","decl":{"start":{"line":15,"column":9},"end":{"line":15,"column":35}},"loc":{"start":{"line":15,"column":48},"end":{"line":15,"column":240}},"line":15},"3":{"name":"_inherits","decl":{"start":{"line":17,"column":9},"end":{"line":17,"column":18}},"loc":{"start":{"line":17,"column":41},"end":{"line":17,"column":494}},"line":17},"4":{"name":"(anonymous_4)","decl":{"start":{"line":19,"column":12},"end":{"line":19,"column":13}},"loc":{"start":{"line":19,"column":38},"end":{"line":42,"column":1}},"line":19},"5":{"name":"Photo","decl":{"start":{"line":22,"column":11},"end":{"line":22,"column":16}},"loc":{"start":{"line":22,"column":27},"end":{"line":39,"column":3}},"line":22}},"branchMap":{"0":{"loc":{"start":{"line":11,"column":46},"end":{"line":11,"column":92}},"type":"cond-expr","locations":[{"start":{"line":11,"column":70},"end":{"line":11,"column":73}},{"start":{"line":11,"column":76},"end":{"line":11,"column":92}}],"line":11},"1":{"loc":{"start":{"line":11,"column":46},"end":{"line":11,"column":67}},"type":"binary-expr","locations":[{"start":{"line":11,"column":46},"end":{"line":11,"column":49}},{"start":{"line":11,"column":53},"end":{"line":11,"column":67}}],"line":11},"2":{"loc":{"start":{"line":13,"column":50},"end":{"line":13,"column":151}},"type":"if","locations":[{"start":{"line":13,"column":50},"end":{"line":13,"column":151}},{"start":{"line":13,"column":50},"end":{"line":13,"column":151}}],"line":13},"3":{"loc":{"start":{"line":15,"column":50},"end":{"line":15,"column":151}},"type":"if","locations":[{"start":{"line":15,"column":50},"end":{"line":15,"column":151}},{"start":{"line":15,"column":50},"end":{"line":15,"column":151}}],"line":15},"4":{"loc":{"start":{"line":15,"column":159},"end":{"line":15,"column":237}},"type":"cond-expr","locations":[{"start":{"line":15,"column":226},"end":{"line":15,"column":230}},{"start":{"line":15,"column":233},"end":{"line":15,"column":237}}],"line":15},"5":{"loc":{"start":{"line":15,"column":159},"end":{"line":15,"column":223}},"type":"binary-expr","locations":[{"start":{"line":15,"column":159},"end":{"line":15,"column":163}},{"start":{"line":15,"column":168},"end":{"line":15,"column":192}},{"start":{"line":15,"column":196},"end":{"line":15,"column":222}}],"line":15},"6":{"loc":{"start":{"line":17,"column":43},"end":{"line":17,"column":208}},"type":"if","locations":[{"start":{"line":17,"column":43},"end":{"line":17,"column":208}},{"start":{"line":17,"column":43},"end":{"line":17,"column":208}}],"line":17},"7":{"loc":{"start":{"line":17,"column":47},"end":{"line":17,"column":102}},"type":"binary-expr","locations":[{"start":{"line":17,"column":47},"end":{"line":17,"column":79}},{"start":{"line":17,"column":83},"end":{"line":17,"column":102}}],"line":17},"8":{"loc":{"start":{"line":17,"column":244},"end":{"line":17,"column":278}},"type":"binary-expr","locations":[{"start":{"line":17,"column":244},"end":{"line":17,"column":254}},{"start":{"line":17,"column":258},"end":{"line":17,"column":278}}],"line":17},"9":{"loc":{"start":{"line":17,"column":374},"end":{"line":17,"column":492}},"type":"if","locations":[{"start":{"line":17,"column":374},"end":{"line":17,"column":492}},{"start":{"line":17,"column":374},"end":{"line":17,"column":492}}],"line":17},"10":{"loc":{"start":{"line":17,"column":390},"end":{"line":17,"column":491}},"type":"cond-expr","locations":[{"start":{"line":17,"column":414},"end":{"line":17,"column":457}},{"start":{"line":17,"column":460},"end":{"line":17,"column":491}}],"line":17},"11":{"loc":{"start":{"line":25,"column":50},"end":{"line":25,"column":97}},"type":"binary-expr","locations":[{"start":{"line":25,"column":50},"end":{"line":25,"column":65}},{"start":{"line":25,"column":69},"end":{"line":25,"column":97}}],"line":25}},"s":{"0":1,"1":1,"2":1,"3":1,"4":0,"5":0,"6":0,"7":0,"8":0,"9":1,"10":0,"11":1,"12":1,"13":1,"14":1,"15":1,"16":0,"17":0,"18":0,"19":0,"20":0,"21":0,"22":0,"23":1,"24":1},"f":{"0":1,"1":0,"2":0,"3":1,"4":1,"5":0},"b":{"0":[1,0],"1":[1,1],"2":[0,0],"3":[0,0],"4":[0,0],"5":[0,0,0],"6":[0,1],"7":[1,0],"8":[1,1],"9":[1,0],"10":[1,0],"11":[0,0]},"_coverageSchema":"332fd63041d2c1bcb487cc26dd0d5f7d97098a6c","hash":"3bdd5fe54e168f3d79e6c85509c7fbcbb15a387e","contentHash":"e57d9278de798e5986d4960f8ab3d59d_11.0.2"}}