{"/home/elena/HIHI/gitmaster/client/store.js":{"path":"/home/elena/HIHI/gitmaster/client/store.js","statementMap":{"0":{"start":{"line":3,"column":0},"end":{"line":5,"column":3}},"1":{"start":{"line":7,"column":13},"end":{"line":7,"column":29}},"2":{"start":{"line":9,"column":16},"end":{"line":9,"column":37}},"3":{"start":{"line":11,"column":17},"end":{"line":11,"column":50}},"4":{"start":{"line":13,"column":18},"end":{"line":13,"column":40}},"5":{"start":{"line":15,"column":19},"end":{"line":15,"column":54}},"6":{"start":{"line":17,"column":39},"end":{"line":17,"column":93}},"7":{"start":{"line":19,"column":12},"end":{"line":21,"column":3}},"8":{"start":{"line":20,"column":2},"end":{"line":20,"column":11}},"9":{"start":{"line":23,"column":0},"end":{"line":23,"column":24}}},"fnMap":{"0":{"name":"_interopRequireDefault","decl":{"start":{"line":17,"column":9},"end":{"line":17,"column":31}},"loc":{"start":{"line":17,"column":37},"end":{"line":17,"column":95}},"line":17},"1":{"name":"(anonymous_1)","decl":{"start":{"line":19,"column":183},"end":{"line":19,"column":184}},"loc":{"start":{"line":19,"column":196},"end":{"line":21,"column":1}},"line":19}},"branchMap":{"0":{"loc":{"start":{"line":17,"column":46},"end":{"line":17,"column":92}},"type":"cond-expr","locations":[{"start":{"line":17,"column":70},"end":{"line":17,"column":73}},{"start":{"line":17,"column":76},"end":{"line":17,"column":92}}],"line":17},"1":{"loc":{"start":{"line":17,"column":46},"end":{"line":17,"column":67}},"type":"binary-expr","locations":[{"start":{"line":17,"column":46},"end":{"line":17,"column":49}},{"start":{"line":17,"column":53},"end":{"line":17,"column":67}}],"line":17},"2":{"loc":{"start":{"line":19,"column":127},"end":{"line":21,"column":1}},"type":"cond-expr","locations":[{"start":{"line":19,"column":154},"end":{"line":19,"column":180}},{"start":{"line":19,"column":183},"end":{"line":21,"column":1}}],"line":19}},"s":{"0":1,"1":1,"2":1,"3":1,"4":1,"5":1,"6":2,"7":1,"8":1,"9":1},"f":{"0":2,"1":1},"b":{"0":[2,0],"1":[2,2],"2":[0,1]},"_coverageSchema":"332fd63041d2c1bcb487cc26dd0d5f7d97098a6c","hash":"120f591b61e4ea071824b10af44d992fda4f2d45","contentHash":"7e19438490bcf59b420232bd3e3be6d6_11.0.2"},"/home/elena/HIHI/gitmaster/client/reducers/index.js":{"path":"/home/elena/HIHI/gitmaster/client/reducers/index.js","statementMap":{"0":{"start":{"line":3,"column":0},"end":{"line":5,"column":3}},"1":{"start":{"line":7,"column":13},"end":{"line":7,"column":29}},"2":{"start":{"line":9,"column":17},"end":{"line":9,"column":39}},"3":{"start":{"line":11,"column":18},"end":{"line":11,"column":52}},"4":{"start":{"line":13,"column":18},"end":{"line":13,"column":41}},"5":{"start":{"line":15,"column":19},"end":{"line":15,"column":54}},"6":{"start":{"line":17,"column":18},"end":{"line":17,"column":41}},"7":{"start":{"line":19,"column":19},"end":{"line":19,"column":54}},"8":{"start":{"line":21,"column":16},"end":{"line":21,"column":37}},"9":{"start":{"line":23,"column":17},"end":{"line":23,"column":50}},"10":{"start":{"line":25,"column":18},"end":{"line":25,"column":41}},"11":{"start":{"line":27,"column":19},"end":{"line":27,"column":54}},"12":{"start":{"line":29,"column":18},"end":{"line":29,"column":41}},"13":{"start":{"line":31,"column":19},"end":{"line":31,"column":54}},"14":{"start":{"line":33,"column":18},"end":{"line":33,"column":41}},"15":{"start":{"line":35,"column":19},"end":{"line":35,"column":54}},"16":{"start":{"line":37,"column":16},"end":{"line":37,"column":37}},"17":{"start":{"line":39,"column":17},"end":{"line":39,"column":50}},"18":{"start":{"line":41,"column":39},"end":{"line":41,"column":93}},"19":{"start":{"line":43,"column":0},"end":{"line":52,"column":3}}},"fnMap":{"0":{"name":"_interopRequireDefault","decl":{"start":{"line":41,"column":9},"end":{"line":41,"column":31}},"loc":{"start":{"line":41,"column":37},"end":{"line":41,"column":95}},"line":41}},"branchMap":{"0":{"loc":{"start":{"line":41,"column":46},"end":{"line":41,"column":92}},"type":"cond-expr","locations":[{"start":{"line":41,"column":70},"end":{"line":41,"column":73}},{"start":{"line":41,"column":76},"end":{"line":41,"column":92}}],"line":41},"1":{"loc":{"start":{"line":41,"column":46},"end":{"line":41,"column":67}},"type":"binary-expr","locations":[{"start":{"line":41,"column":46},"end":{"line":41,"column":49}},{"start":{"line":41,"column":53},"end":{"line":41,"column":67}}],"line":41}},"s":{"0":1,"1":1,"2":1,"3":1,"4":1,"5":1,"6":1,"7":1,"8":1,"9":1,"10":1,"11":1,"12":1,"13":1,"14":1,"15":1,"16":1,"17":1,"18":8,"19":1},"f":{"0":8},"b":{"0":[8,0],"1":[8,8]},"_coverageSchema":"332fd63041d2c1bcb487cc26dd0d5f7d97098a6c","hash":"fcfe99d09cb937dda1ce467aa53f470367c29a11","contentHash":"eabb456ee385e25a880995ba3dbdfb5a_11.0.2"},"/home/elena/HIHI/gitmaster/client/reducers/inventory.js":{"path":"/home/elena/HIHI/gitmaster/client/reducers/inventory.js","statementMap":{"0":{"start":{"line":3,"column":0},"end":{"line":5,"column":3}},"1":{"start":{"line":7,"column":35},"end":{"line":7,"column":193}},"2":{"start":{"line":7,"column":61},"end":{"line":7,"column":145}},"3":{"start":{"line":7,"column":126},"end":{"line":7,"column":143}},"4":{"start":{"line":7,"column":146},"end":{"line":7,"column":158}},"5":{"start":{"line":7,"column":168},"end":{"line":7,"column":191}},"6":{"start":{"line":10,"column":14},"end":{"line":10,"column":84}},"7":{"start":{"line":11,"column":15},"end":{"line":11,"column":27}},"8":{"start":{"line":13,"column":2},"end":{"line":22,"column":3}},"9":{"start":{"line":15,"column":6},"end":{"line":15,"column":65}},"10":{"start":{"line":17,"column":6},"end":{"line":19,"column":9}},"11":{"start":{"line":18,"column":8},"end":{"line":18,"column":36}},"12":{"start":{"line":21,"column":6},"end":{"line":21,"column":19}},"13":{"start":{"line":25,"column":0},"end":{"line":25,"column":28}}},"fnMap":{"0":{"name":"_toConsumableArray","decl":{"start":{"line":7,"column":9},"end":{"line":7,"column":27}},"loc":{"start":{"line":7,"column":33},"end":{"line":7,"column":195}},"line":7},"1":{"name":"inventory","decl":{"start":{"line":9,"column":9},"end":{"line":9,"column":18}},"loc":{"start":{"line":9,"column":21},"end":{"line":23,"column":1}},"line":9},"2":{"name":"(anonymous_2)","decl":{"start":{"line":17,"column":26},"end":{"line":17,"column":27}},"loc":{"start":{"line":17,"column":42},"end":{"line":19,"column":7}},"line":17}},"branchMap":{"0":{"loc":{"start":{"line":7,"column":35},"end":{"line":7,"column":193}},"type":"if","locations":[{"start":{"line":7,"column":35},"end":{"line":7,"column":193}},{"start":{"line":7,"column":35},"end":{"line":7,"column":193}}],"line":7},"1":{"loc":{"start":{"line":10,"column":14},"end":{"line":10,"column":84}},"type":"cond-expr","locations":[{"start":{"line":10,"column":67},"end":{"line":10,"column":79}},{"start":{"line":10,"column":82},"end":{"line":10,"column":84}}],"line":10},"2":{"loc":{"start":{"line":10,"column":14},"end":{"line":10,"column":64}},"type":"binary-expr","locations":[{"start":{"line":10,"column":14},"end":{"line":10,"column":34}},{"start":{"line":10,"column":38},"end":{"line":10,"column":64}}],"line":10},"3":{"loc":{"start":{"line":13,"column":2},"end":{"line":22,"column":3}},"type":"switch","locations":[{"start":{"line":14,"column":4},"end":{"line":15,"column":65}},{"start":{"line":16,"column":4},"end":{"line":19,"column":9}},{"start":{"line":20,"column":4},"end":{"line":21,"column":19}}],"line":13}},"s":{"0":1,"1":0,"2":0,"3":0,"4":0,"5":0,"6":3,"7":3,"8":3,"9":0,"10":0,"11":0,"12":3,"13":1},"f":{"0":0,"1":3,"2":0},"b":{"0":[0,0],"1":[0,3],"2":[3,3],"3":[0,0,3]},"_coverageSchema":"332fd63041d2c1bcb487cc26dd0d5f7d97098a6c","hash":"35c3051fa20e54b7c6aac9c1f6ab70cc881ec72c","contentHash":"d4eb43e6a576187a6bd83900d9802790_11.0.2"},"/home/elena/HIHI/gitmaster/client/reducers/worldItems.js":{"path":"/home/elena/HIHI/gitmaster/client/reducers/worldItems.js","statementMap":{"0":{"start":{"line":3,"column":0},"end":{"line":5,"column":3}},"1":{"start":{"line":7,"column":14},"end":{"line":7,"column":255}},"2":{"start":{"line":8,"column":15},"end":{"line":8,"column":27}},"3":{"start":{"line":10,"column":2},"end":{"line":17,"column":3}},"4":{"start":{"line":12,"column":6},"end":{"line":14,"column":9}},"5":{"start":{"line":13,"column":8},"end":{"line":13,"column":44}},"6":{"start":{"line":16,"column":6},"end":{"line":16,"column":19}},"7":{"start":{"line":20,"column":0},"end":{"line":20,"column":29}}},"fnMap":{"0":{"name":"worldItems","decl":{"start":{"line":6,"column":9},"end":{"line":6,"column":19}},"loc":{"start":{"line":6,"column":22},"end":{"line":18,"column":1}},"line":6},"1":{"name":"(anonymous_1)","decl":{"start":{"line":12,"column":26},"end":{"line":12,"column":27}},"loc":{"start":{"line":12,"column":46},"end":{"line":14,"column":7}},"line":12}},"branchMap":{"0":{"loc":{"start":{"line":7,"column":14},"end":{"line":7,"column":255}},"type":"cond-expr","locations":[{"start":{"line":7,"column":67},"end":{"line":7,"column":79}},{"start":{"line":7,"column":82},"end":{"line":7,"column":255}}],"line":7},"1":{"loc":{"start":{"line":7,"column":14},"end":{"line":7,"column":64}},"type":"binary-expr","locations":[{"start":{"line":7,"column":14},"end":{"line":7,"column":34}},{"start":{"line":7,"column":38},"end":{"line":7,"column":64}}],"line":7},"2":{"loc":{"start":{"line":10,"column":2},"end":{"line":17,"column":3}},"type":"switch","locations":[{"start":{"line":11,"column":4},"end":{"line":14,"column":9}},{"start":{"line":15,"column":4},"end":{"line":16,"column":19}}],"line":10}},"s":{"0":1,"1":3,"2":3,"3":3,"4":0,"5":0,"6":3,"7":1},"f":{"0":3,"1":0},"b":{"0":[0,3],"1":[3,3],"2":[0,3]},"_coverageSchema":"332fd63041d2c1bcb487cc26dd0d5f7d97098a6c","hash":"93c2db190da98a4fffd070bb08ada36cec26c845","contentHash":"d2b9a07464a9dc677f6a796438baba6f_11.0.2"},"/home/elena/HIHI/gitmaster/client/reducers/cellLocked.js":{"path":"/home/elena/HIHI/gitmaster/client/reducers/cellLocked.js","statementMap":{"0":{"start":{"line":3,"column":0},"end":{"line":5,"column":3}},"1":{"start":{"line":7,"column":14},"end":{"line":7,"column":86}},"2":{"start":{"line":8,"column":15},"end":{"line":8,"column":27}},"3":{"start":{"line":10,"column":2},"end":{"line":15,"column":3}},"4":{"start":{"line":12,"column":6},"end":{"line":12,"column":19}},"5":{"start":{"line":14,"column":6},"end":{"line":14,"column":19}},"6":{"start":{"line":18,"column":0},"end":{"line":18,"column":29}}},"fnMap":{"0":{"name":"cellLocked","decl":{"start":{"line":6,"column":9},"end":{"line":6,"column":19}},"loc":{"start":{"line":6,"column":22},"end":{"line":16,"column":1}},"line":6}},"branchMap":{"0":{"loc":{"start":{"line":7,"column":14},"end":{"line":7,"column":86}},"type":"cond-expr","locations":[{"start":{"line":7,"column":67},"end":{"line":7,"column":79}},{"start":{"line":7,"column":82},"end":{"line":7,"column":86}}],"line":7},"1":{"loc":{"start":{"line":7,"column":14},"end":{"line":7,"column":64}},"type":"binary-expr","locations":[{"start":{"line":7,"column":14},"end":{"line":7,"column":34}},{"start":{"line":7,"column":38},"end":{"line":7,"column":64}}],"line":7},"2":{"loc":{"start":{"line":10,"column":2},"end":{"line":15,"column":3}},"type":"switch","locations":[{"start":{"line":11,"column":4},"end":{"line":12,"column":19}},{"start":{"line":13,"column":4},"end":{"line":14,"column":19}}],"line":10}},"s":{"0":1,"1":3,"2":3,"3":3,"4":0,"5":3,"6":1},"f":{"0":3},"b":{"0":[0,3],"1":[3,3],"2":[0,3]},"_coverageSchema":"332fd63041d2c1bcb487cc26dd0d5f7d97098a6c","hash":"f0bfd49aad2aa4b62280b7165b2d82fefe0cce54","contentHash":"85113575ebe0819e81c0bda6f8a4d127_11.0.2"},"/home/elena/HIHI/gitmaster/client/reducers/location.js":{"path":"/home/elena/HIHI/gitmaster/client/reducers/location.js","statementMap":{"0":{"start":{"line":3,"column":0},"end":{"line":5,"column":3}},"1":{"start":{"line":7,"column":14},"end":{"line":7,"column":88}},"2":{"start":{"line":8,"column":15},"end":{"line":8,"column":27}},"3":{"start":{"line":10,"column":2},"end":{"line":15,"column":3}},"4":{"start":{"line":12,"column":6},"end":{"line":12,"column":33}},"5":{"start":{"line":14,"column":6},"end":{"line":14,"column":19}},"6":{"start":{"line":18,"column":0},"end":{"line":18,"column":27}}},"fnMap":{"0":{"name":"location","decl":{"start":{"line":6,"column":9},"end":{"line":6,"column":17}},"loc":{"start":{"line":6,"column":20},"end":{"line":16,"column":1}},"line":6}},"branchMap":{"0":{"loc":{"start":{"line":7,"column":14},"end":{"line":7,"column":88}},"type":"cond-expr","locations":[{"start":{"line":7,"column":67},"end":{"line":7,"column":79}},{"start":{"line":7,"column":82},"end":{"line":7,"column":88}}],"line":7},"1":{"loc":{"start":{"line":7,"column":14},"end":{"line":7,"column":64}},"type":"binary-expr","locations":[{"start":{"line":7,"column":14},"end":{"line":7,"column":34}},{"start":{"line":7,"column":38},"end":{"line":7,"column":64}}],"line":7},"2":{"loc":{"start":{"line":10,"column":2},"end":{"line":15,"column":3}},"type":"switch","locations":[{"start":{"line":11,"column":4},"end":{"line":12,"column":33}},{"start":{"line":13,"column":4},"end":{"line":14,"column":19}}],"line":10}},"s":{"0":1,"1":3,"2":3,"3":3,"4":0,"5":3,"6":1},"f":{"0":3},"b":{"0":[0,3],"1":[3,3],"2":[0,3]},"_coverageSchema":"332fd63041d2c1bcb487cc26dd0d5f7d97098a6c","hash":"5b722354c1ba856a683826b363a2c31819ef655b","contentHash":"e4ea53925ef6ecda7edd4a267776bf18_11.0.2"},"/home/elena/HIHI/gitmaster/client/reducers/currentLog.js":{"path":"/home/elena/HIHI/gitmaster/client/reducers/currentLog.js","statementMap":{"0":{"start":{"line":3,"column":0},"end":{"line":5,"column":3}},"1":{"start":{"line":7,"column":14},"end":{"line":7,"column":107}},"2":{"start":{"line":8,"column":15},"end":{"line":8,"column":27}},"3":{"start":{"line":10,"column":2},"end":{"line":15,"column":3}},"4":{"start":{"line":12,"column":6},"end":{"line":12,"column":24}},"5":{"start":{"line":14,"column":6},"end":{"line":14,"column":19}},"6":{"start":{"line":18,"column":0},"end":{"line":18,"column":29}}},"fnMap":{"0":{"name":"currentLog","decl":{"start":{"line":6,"column":9},"end":{"line":6,"column":19}},"loc":{"start":{"line":6,"column":22},"end":{"line":16,"column":1}},"line":6}},"branchMap":{"0":{"loc":{"start":{"line":7,"column":14},"end":{"line":7,"column":107}},"type":"cond-expr","locations":[{"start":{"line":7,"column":67},"end":{"line":7,"column":79}},{"start":{"line":7,"column":82},"end":{"line":7,"column":107}}],"line":7},"1":{"loc":{"start":{"line":7,"column":14},"end":{"line":7,"column":64}},"type":"binary-expr","locations":[{"start":{"line":7,"column":14},"end":{"line":7,"column":34}},{"start":{"line":7,"column":38},"end":{"line":7,"column":64}}],"line":7},"2":{"loc":{"start":{"line":10,"column":2},"end":{"line":15,"column":3}},"type":"switch","locations":[{"start":{"line":11,"column":4},"end":{"line":12,"column":24}},{"start":{"line":13,"column":4},"end":{"line":14,"column":19}}],"line":10}},"s":{"0":1,"1":3,"2":3,"3":3,"4":0,"5":3,"6":1},"f":{"0":3},"b":{"0":[0,3],"1":[3,3],"2":[0,3]},"_coverageSchema":"332fd63041d2c1bcb487cc26dd0d5f7d97098a6c","hash":"8a2136f474a58b8bdc583dfa238dea2eff2f9c52","contentHash":"6d9328fb6c6786b7cf5d05de23329e98_11.0.2"},"/home/elena/HIHI/gitmaster/client/reducers/activeItem.js":{"path":"/home/elena/HIHI/gitmaster/client/reducers/activeItem.js","statementMap":{"0":{"start":{"line":3,"column":0},"end":{"line":5,"column":3}},"1":{"start":{"line":7,"column":14},"end":{"line":7,"column":84}},"2":{"start":{"line":8,"column":15},"end":{"line":8,"column":27}},"3":{"start":{"line":10,"column":2},"end":{"line":17,"column":3}},"4":{"start":{"line":12,"column":6},"end":{"line":12,"column":25}},"5":{"start":{"line":14,"column":6},"end":{"line":14,"column":16}},"6":{"start":{"line":16,"column":6},"end":{"line":16,"column":19}},"7":{"start":{"line":20,"column":0},"end":{"line":20,"column":29}}},"fnMap":{"0":{"name":"activeItem","decl":{"start":{"line":6,"column":9},"end":{"line":6,"column":19}},"loc":{"start":{"line":6,"column":22},"end":{"line":18,"column":1}},"line":6}},"branchMap":{"0":{"loc":{"start":{"line":7,"column":14},"end":{"line":7,"column":84}},"type":"cond-expr","locations":[{"start":{"line":7,"column":67},"end":{"line":7,"column":79}},{"start":{"line":7,"column":82},"end":{"line":7,"column":84}}],"line":7},"1":{"loc":{"start":{"line":7,"column":14},"end":{"line":7,"column":64}},"type":"binary-expr","locations":[{"start":{"line":7,"column":14},"end":{"line":7,"column":34}},{"start":{"line":7,"column":38},"end":{"line":7,"column":64}}],"line":7},"2":{"loc":{"start":{"line":10,"column":2},"end":{"line":17,"column":3}},"type":"switch","locations":[{"start":{"line":11,"column":4},"end":{"line":12,"column":25}},{"start":{"line":13,"column":4},"end":{"line":14,"column":16}},{"start":{"line":15,"column":4},"end":{"line":16,"column":19}}],"line":10}},"s":{"0":1,"1":3,"2":3,"3":3,"4":0,"5":0,"6":3,"7":1},"f":{"0":3},"b":{"0":[0,3],"1":[3,3],"2":[0,0,3]},"_coverageSchema":"332fd63041d2c1bcb487cc26dd0d5f7d97098a6c","hash":"3b4686022cd952b6f0d9f67f94f2f41b6592dd7d","contentHash":"9444c9229d9ce0fa2b6c40774989e395_11.0.2"},"/home/elena/HIHI/gitmaster/client/reducers/authorised.js":{"path":"/home/elena/HIHI/gitmaster/client/reducers/authorised.js","statementMap":{"0":{"start":{"line":3,"column":0},"end":{"line":5,"column":3}},"1":{"start":{"line":7,"column":14},"end":{"line":7,"column":87}},"2":{"start":{"line":8,"column":15},"end":{"line":8,"column":27}},"3":{"start":{"line":10,"column":2},"end":{"line":15,"column":3}},"4":{"start":{"line":12,"column":6},"end":{"line":12,"column":18}},"5":{"start":{"line":14,"column":6},"end":{"line":14,"column":19}},"6":{"start":{"line":18,"column":0},"end":{"line":18,"column":29}}},"fnMap":{"0":{"name":"authorised","decl":{"start":{"line":6,"column":9},"end":{"line":6,"column":19}},"loc":{"start":{"line":6,"column":22},"end":{"line":16,"column":1}},"line":6}},"branchMap":{"0":{"loc":{"start":{"line":7,"column":14},"end":{"line":7,"column":87}},"type":"cond-expr","locations":[{"start":{"line":7,"column":67},"end":{"line":7,"column":79}},{"start":{"line":7,"column":82},"end":{"line":7,"column":87}}],"line":7},"1":{"loc":{"start":{"line":7,"column":14},"end":{"line":7,"column":64}},"type":"binary-expr","locations":[{"start":{"line":7,"column":14},"end":{"line":7,"column":34}},{"start":{"line":7,"column":38},"end":{"line":7,"column":64}}],"line":7},"2":{"loc":{"start":{"line":10,"column":2},"end":{"line":15,"column":3}},"type":"switch","locations":[{"start":{"line":11,"column":4},"end":{"line":12,"column":18}},{"start":{"line":13,"column":4},"end":{"line":14,"column":19}}],"line":10}},"s":{"0":1,"1":3,"2":3,"3":3,"4":0,"5":3,"6":1},"f":{"0":3},"b":{"0":[0,3],"1":[3,3],"2":[0,3]},"_coverageSchema":"332fd63041d2c1bcb487cc26dd0d5f7d97098a6c","hash":"afed33bf36521c25a864e2bd726f3b535040f040","contentHash":"60b902f1ed311ee31dbe40b399576242_11.0.2"},"/home/elena/HIHI/gitmaster/client/reducers/function.js":{"path":"/home/elena/HIHI/gitmaster/client/reducers/function.js","statementMap":{"0":{"start":{"line":3,"column":0},"end":{"line":5,"column":3}},"1":{"start":{"line":7,"column":35},"end":{"line":7,"column":193}},"2":{"start":{"line":7,"column":61},"end":{"line":7,"column":145}},"3":{"start":{"line":7,"column":126},"end":{"line":7,"column":143}},"4":{"start":{"line":7,"column":146},"end":{"line":7,"column":158}},"5":{"start":{"line":7,"column":168},"end":{"line":7,"column":191}},"6":{"start":{"line":10,"column":14},"end":{"line":10,"column":84}},"7":{"start":{"line":11,"column":15},"end":{"line":11,"column":27}},"8":{"start":{"line":13,"column":2},"end":{"line":18,"column":3}},"9":{"start":{"line":15,"column":6},"end":{"line":15,"column":65}},"10":{"start":{"line":17,"column":6},"end":{"line":17,"column":19}},"11":{"start":{"line":21,"column":0},"end":{"line":21,"column":23}}},"fnMap":{"0":{"name":"_toConsumableArray","decl":{"start":{"line":7,"column":9},"end":{"line":7,"column":27}},"loc":{"start":{"line":7,"column":33},"end":{"line":7,"column":195}},"line":7},"1":{"name":"func","decl":{"start":{"line":9,"column":9},"end":{"line":9,"column":13}},"loc":{"start":{"line":9,"column":16},"end":{"line":19,"column":1}},"line":9}},"branchMap":{"0":{"loc":{"start":{"line":7,"column":35},"end":{"line":7,"column":193}},"type":"if","locations":[{"start":{"line":7,"column":35},"end":{"line":7,"column":193}},{"start":{"line":7,"column":35},"end":{"line":7,"column":193}}],"line":7},"1":{"loc":{"start":{"line":10,"column":14},"end":{"line":10,"column":84}},"type":"cond-expr","locations":[{"start":{"line":10,"column":67},"end":{"line":10,"column":79}},{"start":{"line":10,"column":82},"end":{"line":10,"column":84}}],"line":10},"2":{"loc":{"start":{"line":10,"column":14},"end":{"line":10,"column":64}},"type":"binary-expr","locations":[{"start":{"line":10,"column":14},"end":{"line":10,"column":34}},{"start":{"line":10,"column":38},"end":{"line":10,"column":64}}],"line":10},"3":{"loc":{"start":{"line":13,"column":2},"end":{"line":18,"column":3}},"type":"switch","locations":[{"start":{"line":14,"column":4},"end":{"line":15,"column":65}},{"start":{"line":16,"column":4},"end":{"line":17,"column":19}}],"line":13}},"s":{"0":1,"1":0,"2":0,"3":0,"4":0,"5":0,"6":3,"7":3,"8":3,"9":0,"10":3,"11":1},"f":{"0":0,"1":3},"b":{"0":[0,0],"1":[0,3],"2":[3,3],"3":[0,3]},"_coverageSchema":"332fd63041d2c1bcb487cc26dd0d5f7d97098a6c","hash":"9a56746f3bec9f5e8bae650250ea4c768c1e5edc","contentHash":"89f5029508d07fc2cca7367d3f55bcf3_11.0.2"},"/home/elena/HIHI/gitmaster/client/components/game/items/Skull.js":{"path":"/home/elena/HIHI/gitmaster/client/components/game/items/Skull.js","statementMap":{"0":{"start":{"line":3,"column":0},"end":{"line":5,"column":3}},"1":{"start":{"line":7,"column":22},"end":{"line":7,"column":48}},"2":{"start":{"line":9,"column":22},"end":{"line":9,"column":61}},"3":{"start":{"line":11,"column":39},"end":{"line":11,"column":93}},"4":{"start":{"line":13,"column":50},"end":{"line":13,"column":151}},"5":{"start":{"line":13,"column":92},"end":{"line":13,"column":149}},"6":{"start":{"line":15,"column":50},"end":{"line":15,"column":151}},"7":{"start":{"line":15,"column":63},"end":{"line":15,"column":149}},"8":{"start":{"line":15,"column":152},"end":{"line":15,"column":238}},"9":{"start":{"line":17,"column":43},"end":{"line":17,"column":208}},"10":{"start":{"line":17,"column":106},"end":{"line":17,"column":206}},"11":{"start":{"line":17,"column":209},"end":{"line":17,"column":373}},"12":{"start":{"line":17,"column":374},"end":{"line":17,"column":492}},"13":{"start":{"line":17,"column":390},"end":{"line":17,"column":492}},"14":{"start":{"line":19,"column":12},"end":{"line":50,"column":26}},"15":{"start":{"line":20,"column":2},"end":{"line":20,"column":35}},"16":{"start":{"line":23,"column":4},"end":{"line":23,"column":33}},"17":{"start":{"line":25,"column":16},"end":{"line":25,"column":120}},"18":{"start":{"line":27,"column":4},"end":{"line":27,"column":41}},"19":{"start":{"line":28,"column":4},"end":{"line":28,"column":57}},"20":{"start":{"line":29,"column":4},"end":{"line":29,"column":25}},"21":{"start":{"line":30,"column":4},"end":{"line":37,"column":6}},"22":{"start":{"line":38,"column":4},"end":{"line":45,"column":6}},"23":{"start":{"line":46,"column":4},"end":{"line":46,"column":17}},"24":{"start":{"line":49,"column":2},"end":{"line":49,"column":15}},"25":{"start":{"line":52,"column":0},"end":{"line":52,"column":24}}},"fnMap":{"0":{"name":"_interopRequireDefault","decl":{"start":{"line":11,"column":9},"end":{"line":11,"column":31}},"loc":{"start":{"line":11,"column":37},"end":{"line":11,"column":95}},"line":11},"1":{"name":"_classCallCheck","decl":{"start":{"line":13,"column":9},"end":{"line":13,"column":24}},"loc":{"start":{"line":13,"column":48},"end":{"line":13,"column":153}},"line":13},"2":{"name":"_possibleConstructorReturn","decl":{"start":{"line":15,"column":9},"end":{"line":15,"column":35}},"loc":{"start":{"line":15,"column":48},"end":{"line":15,"column":240}},"line":15},"3":{"name":"_inherits","decl":{"start":{"line":17,"column":9},"end":{"line":17,"column":18}},"loc":{"start":{"line":17,"column":41},"end":{"line":17,"column":494}},"line":17},"4":{"name":"(anonymous_4)","decl":{"start":{"line":19,"column":12},"end":{"line":19,"column":13}},"loc":{"start":{"line":19,"column":38},"end":{"line":50,"column":1}},"line":19},"5":{"name":"Skull","decl":{"start":{"line":22,"column":11},"end":{"line":22,"column":16}},"loc":{"start":{"line":22,"column":27},"end":{"line":47,"column":3}},"line":22}},"branchMap":{"0":{"loc":{"start":{"line":11,"column":46},"end":{"line":11,"column":92}},"type":"cond-expr","locations":[{"start":{"line":11,"column":70},"end":{"line":11,"column":73}},{"start":{"line":11,"column":76},"end":{"line":11,"column":92}}],"line":11},"1":{"loc":{"start":{"line":11,"column":46},"end":{"line":11,"column":67}},"type":"binary-expr","locations":[{"start":{"line":11,"column":46},"end":{"line":11,"column":49}},{"start":{"line":11,"column":53},"end":{"line":11,"column":67}}],"line":11},"2":{"loc":{"start":{"line":13,"column":50},"end":{"line":13,"column":151}},"type":"if","locations":[{"start":{"line":13,"column":50},"end":{"line":13,"column":151}},{"start":{"line":13,"column":50},"end":{"line":13,"column":151}}],"line":13},"3":{"loc":{"start":{"line":15,"column":50},"end":{"line":15,"column":151}},"type":"if","locations":[{"start":{"line":15,"column":50},"end":{"line":15,"column":151}},{"start":{"line":15,"column":50},"end":{"line":15,"column":151}}],"line":15},"4":{"loc":{"start":{"line":15,"column":159},"end":{"line":15,"column":237}},"type":"cond-expr","locations":[{"start":{"line":15,"column":226},"end":{"line":15,"column":230}},{"start":{"line":15,"column":233},"end":{"line":15,"column":237}}],"line":15},"5":{"loc":{"start":{"line":15,"column":159},"end":{"line":15,"column":223}},"type":"binary-expr","locations":[{"start":{"line":15,"column":159},"end":{"line":15,"column":163}},{"start":{"line":15,"column":168},"end":{"line":15,"column":192}},{"start":{"line":15,"column":196},"end":{"line":15,"column":222}}],"line":15},"6":{"loc":{"start":{"line":17,"column":43},"end":{"line":17,"column":208}},"type":"if","locations":[{"start":{"line":17,"column":43},"end":{"line":17,"column":208}},{"start":{"line":17,"column":43},"end":{"line":17,"column":208}}],"line":17},"7":{"loc":{"start":{"line":17,"column":47},"end":{"line":17,"column":102}},"type":"binary-expr","locations":[{"start":{"line":17,"column":47},"end":{"line":17,"column":79}},{"start":{"line":17,"column":83},"end":{"line":17,"column":102}}],"line":17},"8":{"loc":{"start":{"line":17,"column":244},"end":{"line":17,"column":278}},"type":"binary-expr","locations":[{"start":{"line":17,"column":244},"end":{"line":17,"column":254}},{"start":{"line":17,"column":258},"end":{"line":17,"column":278}}],"line":17},"9":{"loc":{"start":{"line":17,"column":374},"end":{"line":17,"column":492}},"type":"if","locations":[{"start":{"line":17,"column":374},"end":{"line":17,"column":492}},{"start":{"line":17,"column":374},"end":{"line":17,"column":492}}],"line":17},"10":{"loc":{"start":{"line":17,"column":390},"end":{"line":17,"column":491}},"type":"cond-expr","locations":[{"start":{"line":17,"column":414},"end":{"line":17,"column":457}},{"start":{"line":17,"column":460},"end":{"line":17,"column":491}}],"line":17},"11":{"loc":{"start":{"line":25,"column":50},"end":{"line":25,"column":97}},"type":"binary-expr","locations":[{"start":{"line":25,"column":50},"end":{"line":25,"column":65}},{"start":{"line":25,"column":69},"end":{"line":25,"column":97}}],"line":25}},"s":{"0":1,"1":1,"2":1,"3":1,"4":5,"5":0,"6":5,"7":0,"8":5,"9":1,"10":0,"11":1,"12":1,"13":1,"14":1,"15":1,"16":5,"17":5,"18":5,"19":5,"20":5,"21":5,"22":5,"23":5,"24":1,"25":1},"f":{"0":1,"1":5,"2":5,"3":1,"4":1,"5":5},"b":{"0":[1,0],"1":[1,1],"2":[0,5],"3":[0,5],"4":[5,0],"5":[5,5,0],"6":[0,1],"7":[1,0],"8":[1,1],"9":[1,0],"10":[1,0],"11":[5,0]},"_coverageSchema":"332fd63041d2c1bcb487cc26dd0d5f7d97098a6c","hash":"ecee3c150b4a76e7a021326d0964cdd95914157f","contentHash":"15608b4c4662f3e906a06c05744d73ea_11.0.2"},"/home/elena/HIHI/gitmaster/client/components/game/items/InventoryItem.js":{"path":"/home/elena/HIHI/gitmaster/client/components/game/items/InventoryItem.js","statementMap":{"0":{"start":{"line":3,"column":0},"end":{"line":5,"column":3}},"1":{"start":{"line":7,"column":19},"end":{"line":7,"column":563}},"2":{"start":{"line":7,"column":76},"end":{"line":7,"column":347}},"3":{"start":{"line":7,"column":134},"end":{"line":7,"column":142}},"4":{"start":{"line":7,"column":144},"end":{"line":7,"column":199}},"5":{"start":{"line":7,"column":200},"end":{"line":7,"column":231}},"6":{"start":{"line":7,"column":232},"end":{"line":7,"column":286}},"7":{"start":{"line":7,"column":259},"end":{"line":7,"column":286}},"8":{"start":{"line":7,"column":287},"end":{"line":7,"column":345}},"9":{"start":{"line":7,"column":350},"end":{"line":7,"column":559}},"10":{"start":{"line":7,"column":407},"end":{"line":7,"column":475}},"11":{"start":{"line":7,"column":423},"end":{"line":7,"column":475}},"12":{"start":{"line":7,"column":476},"end":{"line":7,"column":536}},"13":{"start":{"line":7,"column":493},"end":{"line":7,"column":536}},"14":{"start":{"line":7,"column":537},"end":{"line":7,"column":556}},"15":{"start":{"line":9,"column":11},"end":{"line":9,"column":490}},"16":{"start":{"line":9,"column":54},"end":{"line":9,"column":103}},"17":{"start":{"line":9,"column":75},"end":{"line":9,"column":103}},"18":{"start":{"line":9,"column":115},"end":{"line":9,"column":164}},"19":{"start":{"line":9,"column":166},"end":{"line":9,"column":488}},"20":{"start":{"line":9,"column":205},"end":{"line":9,"column":234}},"21":{"start":{"line":9,"column":236},"end":{"line":9,"column":327}},"22":{"start":{"line":9,"column":259},"end":{"line":9,"column":276}},"23":{"start":{"line":9,"column":286},"end":{"line":9,"column":325}},"24":{"start":{"line":9,"column":335},"end":{"line":9,"column":488}},"25":{"start":{"line":9,"column":358},"end":{"line":9,"column":376}},"26":{"start":{"line":9,"column":399},"end":{"line":9,"column":407}},"27":{"start":{"line":9,"column":409},"end":{"line":9,"column":456}},"28":{"start":{"line":9,"column":437},"end":{"line":9,"column":454}},"29":{"start":{"line":9,"column":457},"end":{"line":9,"column":486}},"30":{"start":{"line":11,"column":13},"end":{"line":11,"column":30}},"31":{"start":{"line":13,"column":13},"end":{"line":13,"column":43}},"32":{"start":{"line":15,"column":17},"end":{"line":15,"column":54}},"33":{"start":{"line":17,"column":18},"end":{"line":17,"column":56}},"34":{"start":{"line":19,"column":39},"end":{"line":19,"column":93}},"35":{"start":{"line":21,"column":50},"end":{"line":21,"column":151}},"36":{"start":{"line":21,"column":92},"end":{"line":21,"column":149}},"37":{"start":{"line":23,"column":50},"end":{"line":23,"column":151}},"38":{"start":{"line":23,"column":63},"end":{"line":23,"column":149}},"39":{"start":{"line":23,"column":152},"end":{"line":23,"column":238}},"40":{"start":{"line":25,"column":43},"end":{"line":25,"column":208}},"41":{"start":{"line":25,"column":106},"end":{"line":25,"column":206}},"42":{"start":{"line":25,"column":209},"end":{"line":25,"column":373}},"43":{"start":{"line":25,"column":374},"end":{"line":25,"column":492}},"44":{"start":{"line":25,"column":390},"end":{"line":25,"column":492}},"45":{"start":{"line":27,"column":20},"end":{"line":55,"column":17}},"46":{"start":{"line":28,"column":2},"end":{"line":28,"column":34}},"47":{"start":{"line":31,"column":4},"end":{"line":31,"column":41}},"48":{"start":{"line":33,"column":4},"end":{"line":33,"column":132}},"49":{"start":{"line":36,"column":2},"end":{"line":52,"column":6}},"50":{"start":{"line":39,"column":6},"end":{"line":39,"column":52}},"51":{"start":{"line":40,"column":6},"end":{"line":40,"column":127}},"52":{"start":{"line":46,"column":6},"end":{"line":50,"column":7}},"53":{"start":{"line":47,"column":8},"end":{"line":47,"column":57}},"54":{"start":{"line":49,"column":8},"end":{"line":49,"column":64}},"55":{"start":{"line":54,"column":2},"end":{"line":54,"column":23}},"56":{"start":{"line":57,"column":0},"end":{"line":57,"column":32}}},"fnMap":{"0":{"name":"(anonymous_0)","decl":{"start":{"line":7,"column":19},"end":{"line":7,"column":20}},"loc":{"start":{"line":7,"column":31},"end":{"line":7,"column":561}},"line":7},"1":{"name":"defineProperties","decl":{"start":{"line":7,"column":42},"end":{"line":7,"column":58}},"loc":{"start":{"line":7,"column":74},"end":{"line":7,"column":349}},"line":7},"2":{"name":"(anonymous_2)","decl":{"start":{"line":7,"column":357},"end":{"line":7,"column":358}},"loc":{"start":{"line":7,"column":405},"end":{"line":7,"column":558}},"line":7},"3":{"name":"get","decl":{"start":{"line":9,"column":20},"end":{"line":9,"column":23}},"loc":{"start":{"line":9,"column":52},"end":{"line":9,"column":490}},"line":9},"4":{"name":"_interopRequireDefault","decl":{"start":{"line":19,"column":9},"end":{"line":19,"column":31}},"loc":{"start":{"line":19,"column":37},"end":{"line":19,"column":95}},"line":19},"5":{"name":"_classCallCheck","decl":{"start":{"line":21,"column":9},"end":{"line":21,"column":24}},"loc":{"start":{"line":21,"column":48},"end":{"line":21,"column":153}},"line":21},"6":{"name":"_possibleConstructorReturn","decl":{"start":{"line":23,"column":9},"end":{"line":23,"column":35}},"loc":{"start":{"line":23,"column":48},"end":{"line":23,"column":240}},"line":23},"7":{"name":"_inherits","decl":{"start":{"line":25,"column":9},"end":{"line":25,"column":18}},"loc":{"start":{"line":25,"column":41},"end":{"line":25,"column":494}},"line":25},"8":{"name":"(anonymous_8)","decl":{"start":{"line":27,"column":20},"end":{"line":27,"column":21}},"loc":{"start":{"line":27,"column":37},"end":{"line":55,"column":1}},"line":27},"9":{"name":"InventoryItem","decl":{"start":{"line":30,"column":11},"end":{"line":30,"column":24}},"loc":{"start":{"line":30,"column":35},"end":{"line":34,"column":3}},"line":30},"10":{"name":"mouseClick","decl":{"start":{"line":38,"column":20},"end":{"line":38,"column":30}},"loc":{"start":{"line":38,"column":33},"end":{"line":41,"column":5}},"line":38},"11":{"name":"toggleActive","decl":{"start":{"line":44,"column":20},"end":{"line":44,"column":32}},"loc":{"start":{"line":44,"column":48},"end":{"line":51,"column":5}},"line":44}},"branchMap":{"0":{"loc":{"start":{"line":7,"column":168},"end":{"line":7,"column":198}},"type":"binary-expr","locations":[{"start":{"line":7,"column":168},"end":{"line":7,"column":189}},{"start":{"line":7,"column":193},"end":{"line":7,"column":198}}],"line":7},"1":{"loc":{"start":{"line":7,"column":232},"end":{"line":7,"column":286}},"type":"if","locations":[{"start":{"line":7,"column":232},"end":{"line":7,"column":286}},{"start":{"line":7,"column":232},"end":{"line":7,"column":286}}],"line":7},"2":{"loc":{"start":{"line":7,"column":407},"end":{"line":7,"column":475}},"type":"if","locations":[{"start":{"line":7,"column":407},"end":{"line":7,"column":475}},{"start":{"line":7,"column":407},"end":{"line":7,"column":475}}],"line":7},"3":{"loc":{"start":{"line":7,"column":476},"end":{"line":7,"column":536}},"type":"if","locations":[{"start":{"line":7,"column":476},"end":{"line":7,"column":536}},{"start":{"line":7,"column":476},"end":{"line":7,"column":536}}],"line":7},"4":{"loc":{"start":{"line":9,"column":54},"end":{"line":9,"column":103}},"type":"if","locations":[{"start":{"line":9,"column":54},"end":{"line":9,"column":103}},{"start":{"line":9,"column":54},"end":{"line":9,"column":103}}],"line":9},"5":{"loc":{"start":{"line":9,"column":166},"end":{"line":9,"column":488}},"type":"if","locations":[{"start":{"line":9,"column":166},"end":{"line":9,"column":488}},{"start":{"line":9,"column":166},"end":{"line":9,"column":488}}],"line":9},"6":{"loc":{"start":{"line":9,"column":236},"end":{"line":9,"column":327}},"type":"if","locations":[{"start":{"line":9,"column":236},"end":{"line":9,"column":327}},{"start":{"line":9,"column":236},"end":{"line":9,"column":327}}],"line":9},"7":{"loc":{"start":{"line":9,"column":335},"end":{"line":9,"column":488}},"type":"if","locations":[{"start":{"line":9,"column":335},"end":{"line":9,"column":488}},{"start":{"line":9,"column":335},"end":{"line":9,"column":488}}],"line":9},"8":{"loc":{"start":{"line":9,"column":409},"end":{"line":9,"column":456}},"type":"if","locations":[{"start":{"line":9,"column":409},"end":{"line":9,"column":456}},{"start":{"line":9,"column":409},"end":{"line":9,"column":456}}],"line":9},"9":{"loc":{"start":{"line":19,"column":46},"end":{"line":19,"column":92}},"type":"cond-expr","locations":[{"start":{"line":19,"column":70},"end":{"line":19,"column":73}},{"start":{"line":19,"column":76},"end":{"line":19,"column":92}}],"line":19},"10":{"loc":{"start":{"line":19,"column":46},"end":{"line":19,"column":67}},"type":"binary-expr","locations":[{"start":{"line":19,"column":46},"end":{"line":19,"column":49}},{"start":{"line":19,"column":53},"end":{"line":19,"column":67}}],"line":19},"11":{"loc":{"start":{"line":21,"column":50},"end":{"line":21,"column":151}},"type":"if","locations":[{"start":{"line":21,"column":50},"end":{"line":21,"column":151}},{"start":{"line":21,"column":50},"end":{"line":21,"column":151}}],"line":21},"12":{"loc":{"start":{"line":23,"column":50},"end":{"line":23,"column":151}},"type":"if","locations":[{"start":{"line":23,"column":50},"end":{"line":23,"column":151}},{"start":{"line":23,"column":50},"end":{"line":23,"column":151}}],"line":23},"13":{"loc":{"start":{"line":23,"column":159},"end":{"line":23,"column":237}},"type":"cond-expr","locations":[{"start":{"line":23,"column":226},"end":{"line":23,"column":230}},{"start":{"line":23,"column":233},"end":{"line":23,"column":237}}],"line":23},"14":{"loc":{"start":{"line":23,"column":159},"end":{"line":23,"column":223}},"type":"binary-expr","locations":[{"start":{"line":23,"column":159},"end":{"line":23,"column":163}},{"start":{"line":23,"column":168},"end":{"line":23,"column":192}},{"start":{"line":23,"column":196},"end":{"line":23,"column":222}}],"line":23},"15":{"loc":{"start":{"line":25,"column":43},"end":{"line":25,"column":208}},"type":"if","locations":[{"start":{"line":25,"column":43},"end":{"line":25,"column":208}},{"start":{"line":25,"column":43},"end":{"line":25,"column":208}}],"line":25},"16":{"loc":{"start":{"line":25,"column":47},"end":{"line":25,"column":102}},"type":"binary-expr","locations":[{"start":{"line":25,"column":47},"end":{"line":25,"column":79}},{"start":{"line":25,"column":83},"end":{"line":25,"column":102}}],"line":25},"17":{"loc":{"start":{"line":25,"column":244},"end":{"line":25,"column":278}},"type":"binary-expr","locations":[{"start":{"line":25,"column":244},"end":{"line":25,"column":254}},{"start":{"line":25,"column":258},"end":{"line":25,"column":278}}],"line":25},"18":{"loc":{"start":{"line":25,"column":374},"end":{"line":25,"column":492}},"type":"if","locations":[{"start":{"line":25,"column":374},"end":{"line":25,"column":492}},{"start":{"line":25,"column":374},"end":{"line":25,"column":492}}],"line":25},"19":{"loc":{"start":{"line":25,"column":390},"end":{"line":25,"column":491}},"type":"cond-expr","locations":[{"start":{"line":25,"column":414},"end":{"line":25,"column":457}},{"start":{"line":25,"column":460},"end":{"line":25,"column":491}}],"line":25},"20":{"loc":{"start":{"line":33,"column":45},"end":{"line":33,"column":108}},"type":"binary-expr","locations":[{"start":{"line":33,"column":45},"end":{"line":33,"column":68}},{"start":{"line":33,"column":72},"end":{"line":33,"column":108}}],"line":33},"21":{"loc":{"start":{"line":40,"column":11},"end":{"line":40,"column":94}},"type":"binary-expr","locations":[{"start":{"line":40,"column":11},"end":{"line":40,"column":44}},{"start":{"line":40,"column":48},"end":{"line":40,"column":94}}],"line":40},"22":{"loc":{"start":{"line":46,"column":6},"end":{"line":50,"column":7}},"type":"if","locations":[{"start":{"line":46,"column":6},"end":{"line":50,"column":7}},{"start":{"line":46,"column":6},"end":{"line":50,"column":7}}],"line":46}},"s":{"0":1,"1":1,"2":1,"3":2,"4":2,"5":2,"6":2,"7":2,"8":2,"9":1,"10":1,"11":1,"12":1,"13":0,"14":1,"15":1,"16":0,"17":0,"18":0,"19":0,"20":0,"21":0,"22":0,"23":0,"24":0,"25":0,"26":0,"27":0,"28":0,"29":0,"30":1,"31":1,"32":1,"33":1,"34":1,"35":11,"36":0,"37":11,"38":0,"39":11,"40":1,"41":0,"42":1,"43":1,"44":1,"45":1,"46":1,"47":11,"48":11,"49":1,"50":0,"51":0,"52":0,"53":0,"54":0,"55":1,"56":1},"f":{"0":1,"1":1,"2":1,"3":0,"4":1,"5":11,"6":11,"7":1,"8":1,"9":11,"10":0,"11":0},"b":{"0":[2,2],"1":[2,0],"2":[1,0],"3":[0,1],"4":[0,0],"5":[0,0],"6":[0,0],"7":[0,0],"8":[0,0],"9":[1,0],"10":[1,1],"11":[0,11],"12":[0,11],"13":[0,11],"14":[11,0,0],"15":[0,1],"16":[1,0],"17":[1,1],"18":[1,0],"19":[1,0],"20":[11,0],"21":[0,0],"22":[0,0]},"_coverageSchema":"332fd63041d2c1bcb487cc26dd0d5f7d97098a6c","hash":"1667814466ae32abd345c277c7d4239b21da430a","contentHash":"eb10cb160a5948f6f54f41c2f2597d23_11.0.2"},"/home/elena/HIHI/gitmaster/client/components/game/items/Item.js":{"path":"/home/elena/HIHI/gitmaster/client/components/game/items/Item.js","statementMap":{"0":{"start":{"line":3,"column":0},"end":{"line":5,"column":3}},"1":{"start":{"line":7,"column":19},"end":{"line":7,"column":563}},"2":{"start":{"line":7,"column":76},"end":{"line":7,"column":347}},"3":{"start":{"line":7,"column":134},"end":{"line":7,"column":142}},"4":{"start":{"line":7,"column":144},"end":{"line":7,"column":199}},"5":{"start":{"line":7,"column":200},"end":{"line":7,"column":231}},"6":{"start":{"line":7,"column":232},"end":{"line":7,"column":286}},"7":{"start":{"line":7,"column":259},"end":{"line":7,"column":286}},"8":{"start":{"line":7,"column":287},"end":{"line":7,"column":345}},"9":{"start":{"line":7,"column":350},"end":{"line":7,"column":559}},"10":{"start":{"line":7,"column":407},"end":{"line":7,"column":475}},"11":{"start":{"line":7,"column":423},"end":{"line":7,"column":475}},"12":{"start":{"line":7,"column":476},"end":{"line":7,"column":536}},"13":{"start":{"line":7,"column":493},"end":{"line":7,"column":536}},"14":{"start":{"line":7,"column":537},"end":{"line":7,"column":556}},"15":{"start":{"line":9,"column":18},"end":{"line":9,"column":56}},"16":{"start":{"line":11,"column":18},"end":{"line":11,"column":56}},"17":{"start":{"line":13,"column":50},"end":{"line":13,"column":151}},"18":{"start":{"line":13,"column":92},"end":{"line":13,"column":149}},"19":{"start":{"line":15,"column":11},"end":{"line":41,"column":3}},"20":{"start":{"line":17,"column":4},"end":{"line":17,"column":32}},"21":{"start":{"line":19,"column":4},"end":{"line":19,"column":29}},"22":{"start":{"line":22,"column":2},"end":{"line":38,"column":6}},"23":{"start":{"line":25,"column":6},"end":{"line":25,"column":60}},"24":{"start":{"line":26,"column":6},"end":{"line":26,"column":58}},"25":{"start":{"line":40,"column":2},"end":{"line":40,"column":14}},"26":{"start":{"line":43,"column":0},"end":{"line":43,"column":23}}},"fnMap":{"0":{"name":"(anonymous_0)","decl":{"start":{"line":7,"column":19},"end":{"line":7,"column":20}},"loc":{"start":{"line":7,"column":31},"end":{"line":7,"column":561}},"line":7},"1":{"name":"defineProperties","decl":{"start":{"line":7,"column":42},"end":{"line":7,"column":58}},"loc":{"start":{"line":7,"column":74},"end":{"line":7,"column":349}},"line":7},"2":{"name":"(anonymous_2)","decl":{"start":{"line":7,"column":357},"end":{"line":7,"column":358}},"loc":{"start":{"line":7,"column":405},"end":{"line":7,"column":558}},"line":7},"3":{"name":"_classCallCheck","decl":{"start":{"line":13,"column":9},"end":{"line":13,"column":24}},"loc":{"start":{"line":13,"column":48},"end":{"line":13,"column":153}},"line":13},"4":{"name":"(anonymous_4)","decl":{"start":{"line":15,"column":11},"end":{"line":15,"column":12}},"loc":{"start":{"line":15,"column":23},"end":{"line":41,"column":1}},"line":15},"5":{"name":"Item","decl":{"start":{"line":16,"column":11},"end":{"line":16,"column":15}},"loc":{"start":{"line":16,"column":26},"end":{"line":20,"column":3}},"line":16},"6":{"name":"mouseClick","decl":{"start":{"line":24,"column":20},"end":{"line":24,"column":30}},"loc":{"start":{"line":24,"column":33},"end":{"line":27,"column":5}},"line":24},"7":{"name":"mouseOver","decl":{"start":{"line":30,"column":20},"end":{"line":30,"column":29}},"loc":{"start":{"line":30,"column":32},"end":{"line":32,"column":5}},"line":30},"8":{"name":"mouseOff","decl":{"start":{"line":35,"column":20},"end":{"line":35,"column":28}},"loc":{"start":{"line":35,"column":31},"end":{"line":37,"column":5}},"line":35}},"branchMap":{"0":{"loc":{"start":{"line":7,"column":168},"end":{"line":7,"column":198}},"type":"binary-expr","locations":[{"start":{"line":7,"column":168},"end":{"line":7,"column":189}},{"start":{"line":7,"column":193},"end":{"line":7,"column":198}}],"line":7},"1":{"loc":{"start":{"line":7,"column":232},"end":{"line":7,"column":286}},"type":"if","locations":[{"start":{"line":7,"column":232},"end":{"line":7,"column":286}},{"start":{"line":7,"column":232},"end":{"line":7,"column":286}}],"line":7},"2":{"loc":{"start":{"line":7,"column":407},"end":{"line":7,"column":475}},"type":"if","locations":[{"start":{"line":7,"column":407},"end":{"line":7,"column":475}},{"start":{"line":7,"column":407},"end":{"line":7,"column":475}}],"line":7},"3":{"loc":{"start":{"line":7,"column":476},"end":{"line":7,"column":536}},"type":"if","locations":[{"start":{"line":7,"column":476},"end":{"line":7,"column":536}},{"start":{"line":7,"column":476},"end":{"line":7,"column":536}}],"line":7},"4":{"loc":{"start":{"line":13,"column":50},"end":{"line":13,"column":151}},"type":"if","locations":[{"start":{"line":13,"column":50},"end":{"line":13,"column":151}},{"start":{"line":13,"column":50},"end":{"line":13,"column":151}}],"line":13}},"s":{"0":1,"1":1,"2":1,"3":3,"4":3,"5":3,"6":3,"7":3,"8":3,"9":1,"10":1,"11":1,"12":1,"13":0,"14":1,"15":1,"16":1,"17":27,"18":0,"19":1,"20":27,"21":27,"22":1,"23":0,"24":0,"25":1,"26":1},"f":{"0":1,"1":1,"2":1,"3":27,"4":1,"5":27,"6":0,"7":0,"8":0},"b":{"0":[3,3],"1":[3,0],"2":[1,0],"3":[0,1],"4":[0,27]},"_coverageSchema":"332fd63041d2c1bcb487cc26dd0d5f7d97098a6c","hash":"a4719f8dea620fc430ed32a5da9041d60d9e0f28","contentHash":"fab972822e164b50e59cb95c9f8cb331_11.0.2"},"/home/elena/HIHI/gitmaster/client/actions/worldItems.js":{"path":"/home/elena/HIHI/gitmaster/client/actions/worldItems.js","statementMap":{"0":{"start":{"line":3,"column":0},"end":{"line":5,"column":3}},"1":{"start":{"line":6,"column":17},"end":{"line":11,"column":1}},"2":{"start":{"line":7,"column":2},"end":{"line":10,"column":4}}},"fnMap":{"0":{"name":"deleteItem","decl":{"start":{"line":6,"column":47},"end":{"line":6,"column":57}},"loc":{"start":{"line":6,"column":68},"end":{"line":11,"column":1}},"line":6}},"branchMap":{},"s":{"0":1,"1":1,"2":0},"f":{"0":0},"b":{},"_coverageSchema":"332fd63041d2c1bcb487cc26dd0d5f7d97098a6c","hash":"fde220021af46d753d71d2b532a4cdb46aa8acfe","contentHash":"bafe05c1c5ef6d4073f420fceedd00b7_11.0.2"},"/home/elena/HIHI/gitmaster/client/actions/currentLog.js":{"path":"/home/elena/HIHI/gitmaster/client/actions/currentLog.js","statementMap":{"0":{"start":{"line":3,"column":0},"end":{"line":5,"column":3}},"1":{"start":{"line":6,"column":16},"end":{"line":11,"column":1}},"2":{"start":{"line":7,"column":2},"end":{"line":10,"column":4}}},"fnMap":{"0":{"name":"updateLog","decl":{"start":{"line":6,"column":45},"end":{"line":6,"column":54}},"loc":{"start":{"line":6,"column":60},"end":{"line":11,"column":1}},"line":6}},"branchMap":{},"s":{"0":1,"1":1,"2":0},"f":{"0":0},"b":{},"_coverageSchema":"332fd63041d2c1bcb487cc26dd0d5f7d97098a6c","hash":"3479626e51fc5cd5a557a5198f3c39b0c4fc930d","contentHash":"b219bce4a7eedf392be257d0fc44b8a6_11.0.2"},"/home/elena/HIHI/gitmaster/client/actions/inventory.js":{"path":"/home/elena/HIHI/gitmaster/client/actions/inventory.js","statementMap":{"0":{"start":{"line":3,"column":0},"end":{"line":5,"column":3}},"1":{"start":{"line":6,"column":15},"end":{"line":11,"column":1}},"2":{"start":{"line":7,"column":2},"end":{"line":10,"column":4}},"3":{"start":{"line":13,"column":18},"end":{"line":18,"column":1}},"4":{"start":{"line":14,"column":2},"end":{"line":17,"column":4}}},"fnMap":{"0":{"name":"addToInv","decl":{"start":{"line":6,"column":43},"end":{"line":6,"column":51}},"loc":{"start":{"line":6,"column":58},"end":{"line":11,"column":1}},"line":6},"1":{"name":"dropFromInv","decl":{"start":{"line":13,"column":49},"end":{"line":13,"column":60}},"loc":{"start":{"line":13,"column":67},"end":{"line":18,"column":1}},"line":13}},"branchMap":{},"s":{"0":1,"1":1,"2":0,"3":1,"4":0},"f":{"0":0,"1":0},"b":{},"_coverageSchema":"332fd63041d2c1bcb487cc26dd0d5f7d97098a6c","hash":"9e553fb4695b1479d389373e5272fb03fcb7348c","contentHash":"128298c727a4816cb3604e00e8c784d3_11.0.2"},"/home/elena/HIHI/gitmaster/client/actions/activeItem.js":{"path":"/home/elena/HIHI/gitmaster/client/actions/activeItem.js","statementMap":{"0":{"start":{"line":3,"column":0},"end":{"line":5,"column":3}},"1":{"start":{"line":6,"column":19},"end":{"line":11,"column":1}},"2":{"start":{"line":7,"column":2},"end":{"line":10,"column":4}},"3":{"start":{"line":13,"column":21},"end":{"line":18,"column":1}},"4":{"start":{"line":14,"column":2},"end":{"line":17,"column":4}}},"fnMap":{"0":{"name":"activateItem","decl":{"start":{"line":6,"column":51},"end":{"line":6,"column":63}},"loc":{"start":{"line":6,"column":70},"end":{"line":11,"column":1}},"line":6},"1":{"name":"deactivateItem","decl":{"start":{"line":13,"column":55},"end":{"line":13,"column":69}},"loc":{"start":{"line":13,"column":72},"end":{"line":18,"column":1}},"line":13}},"branchMap":{},"s":{"0":1,"1":1,"2":0,"3":1,"4":0},"f":{"0":0,"1":0},"b":{},"_coverageSchema":"332fd63041d2c1bcb487cc26dd0d5f7d97098a6c","hash":"c5db9a0a6d4eb0572311390689327a2611433b34","contentHash":"78e03a1476d7c34ee25d47c6e1dc9f10_11.0.2"},"/home/elena/HIHI/gitmaster/client/components/game/items/Bucket.js":{"path":"/home/elena/HIHI/gitmaster/client/components/game/items/Bucket.js","statementMap":{"0":{"start":{"line":3,"column":0},"end":{"line":5,"column":3}},"1":{"start":{"line":7,"column":22},"end":{"line":7,"column":48}},"2":{"start":{"line":9,"column":22},"end":{"line":9,"column":61}},"3":{"start":{"line":11,"column":39},"end":{"line":11,"column":93}},"4":{"start":{"line":13,"column":50},"end":{"line":13,"column":151}},"5":{"start":{"line":13,"column":92},"end":{"line":13,"column":149}},"6":{"start":{"line":15,"column":50},"end":{"line":15,"column":151}},"7":{"start":{"line":15,"column":63},"end":{"line":15,"column":149}},"8":{"start":{"line":15,"column":152},"end":{"line":15,"column":238}},"9":{"start":{"line":17,"column":43},"end":{"line":17,"column":208}},"10":{"start":{"line":17,"column":106},"end":{"line":17,"column":206}},"11":{"start":{"line":17,"column":209},"end":{"line":17,"column":373}},"12":{"start":{"line":17,"column":374},"end":{"line":17,"column":492}},"13":{"start":{"line":17,"column":390},"end":{"line":17,"column":492}},"14":{"start":{"line":19,"column":13},"end":{"line":50,"column":26}},"15":{"start":{"line":20,"column":2},"end":{"line":20,"column":36}},"16":{"start":{"line":23,"column":4},"end":{"line":23,"column":34}},"17":{"start":{"line":25,"column":16},"end":{"line":25,"column":122}},"18":{"start":{"line":27,"column":4},"end":{"line":27,"column":42}},"19":{"start":{"line":28,"column":4},"end":{"line":28,"column":103}},"20":{"start":{"line":29,"column":4},"end":{"line":29,"column":26}},"21":{"start":{"line":30,"column":4},"end":{"line":37,"column":6}},"22":{"start":{"line":38,"column":4},"end":{"line":45,"column":6}},"23":{"start":{"line":46,"column":4},"end":{"line":46,"column":17}},"24":{"start":{"line":49,"column":2},"end":{"line":49,"column":16}},"25":{"start":{"line":52,"column":0},"end":{"line":52,"column":25}}},"fnMap":{"0":{"name":"_interopRequireDefault","decl":{"start":{"line":11,"column":9},"end":{"line":11,"column":31}},"loc":{"start":{"line":11,"column":37},"end":{"line":11,"column":95}},"line":11},"1":{"name":"_classCallCheck","decl":{"start":{"line":13,"column":9},"end":{"line":13,"column":24}},"loc":{"start":{"line":13,"column":48},"end":{"line":13,"column":153}},"line":13},"2":{"name":"_possibleConstructorReturn","decl":{"start":{"line":15,"column":9},"end":{"line":15,"column":35}},"loc":{"start":{"line":15,"column":48},"end":{"line":15,"column":240}},"line":15},"3":{"name":"_inherits","decl":{"start":{"line":17,"column":9},"end":{"line":17,"column":18}},"loc":{"start":{"line":17,"column":41},"end":{"line":17,"column":494}},"line":17},"4":{"name":"(anonymous_4)","decl":{"start":{"line":19,"column":13},"end":{"line":19,"column":14}},"loc":{"start":{"line":19,"column":39},"end":{"line":50,"column":1}},"line":19},"5":{"name":"Bucket","decl":{"start":{"line":22,"column":11},"end":{"line":22,"column":17}},"loc":{"start":{"line":22,"column":28},"end":{"line":47,"column":3}},"line":22}},"branchMap":{"0":{"loc":{"start":{"line":11,"column":46},"end":{"line":11,"column":92}},"type":"cond-expr","locations":[{"start":{"line":11,"column":70},"end":{"line":11,"column":73}},{"start":{"line":11,"column":76},"end":{"line":11,"column":92}}],"line":11},"1":{"loc":{"start":{"line":11,"column":46},"end":{"line":11,"column":67}},"type":"binary-expr","locations":[{"start":{"line":11,"column":46},"end":{"line":11,"column":49}},{"start":{"line":11,"column":53},"end":{"line":11,"column":67}}],"line":11},"2":{"loc":{"start":{"line":13,"column":50},"end":{"line":13,"column":151}},"type":"if","locations":[{"start":{"line":13,"column":50},"end":{"line":13,"column":151}},{"start":{"line":13,"column":50},"end":{"line":13,"column":151}}],"line":13},"3":{"loc":{"start":{"line":15,"column":50},"end":{"line":15,"column":151}},"type":"if","locations":[{"start":{"line":15,"column":50},"end":{"line":15,"column":151}},{"start":{"line":15,"column":50},"end":{"line":15,"column":151}}],"line":15},"4":{"loc":{"start":{"line":15,"column":159},"end":{"line":15,"column":237}},"type":"cond-expr","locations":[{"start":{"line":15,"column":226},"end":{"line":15,"column":230}},{"start":{"line":15,"column":233},"end":{"line":15,"column":237}}],"line":15},"5":{"loc":{"start":{"line":15,"column":159},"end":{"line":15,"column":223}},"type":"binary-expr","locations":[{"start":{"line":15,"column":159},"end":{"line":15,"column":163}},{"start":{"line":15,"column":168},"end":{"line":15,"column":192}},{"start":{"line":15,"column":196},"end":{"line":15,"column":222}}],"line":15},"6":{"loc":{"start":{"line":17,"column":43},"end":{"line":17,"column":208}},"type":"if","locations":[{"start":{"line":17,"column":43},"end":{"line":17,"column":208}},{"start":{"line":17,"column":43},"end":{"line":17,"column":208}}],"line":17},"7":{"loc":{"start":{"line":17,"column":47},"end":{"line":17,"column":102}},"type":"binary-expr","locations":[{"start":{"line":17,"column":47},"end":{"line":17,"column":79}},{"start":{"line":17,"column":83},"end":{"line":17,"column":102}}],"line":17},"8":{"loc":{"start":{"line":17,"column":244},"end":{"line":17,"column":278}},"type":"binary-expr","locations":[{"start":{"line":17,"column":244},"end":{"line":17,"column":254}},{"start":{"line":17,"column":258},"end":{"line":17,"column":278}}],"line":17},"9":{"loc":{"start":{"line":17,"column":374},"end":{"line":17,"column":492}},"type":"if","locations":[{"start":{"line":17,"column":374},"end":{"line":17,"column":492}},{"start":{"line":17,"column":374},"end":{"line":17,"column":492}}],"line":17},"10":{"loc":{"start":{"line":17,"column":390},"end":{"line":17,"column":491}},"type":"cond-expr","locations":[{"start":{"line":17,"column":414},"end":{"line":17,"column":457}},{"start":{"line":17,"column":460},"end":{"line":17,"column":491}}],"line":17},"11":{"loc":{"start":{"line":25,"column":50},"end":{"line":25,"column":99}},"type":"binary-expr","locations":[{"start":{"line":25,"column":50},"end":{"line":25,"column":66}},{"start":{"line":25,"column":70},"end":{"line":25,"column":99}}],"line":25}},"s":{"0":1,"1":1,"2":1,"3":1,"4":5,"5":0,"6":5,"7":0,"8":5,"9":1,"10":0,"11":1,"12":1,"13":1,"14":1,"15":1,"16":5,"17":5,"18":5,"19":5,"20":5,"21":5,"22":5,"23":5,"24":1,"25":1},"f":{"0":1,"1":5,"2":5,"3":1,"4":1,"5":5},"b":{"0":[1,0],"1":[1,1],"2":[0,5],"3":[0,5],"4":[5,0],"5":[5,5,0],"6":[0,1],"7":[1,0],"8":[1,1],"9":[1,0],"10":[1,0],"11":[5,0]},"_coverageSchema":"332fd63041d2c1bcb487cc26dd0d5f7d97098a6c","hash":"36d3fd86d812edace2b04bfe2498c309449b0940","contentHash":"592b08280e68535d9c4aa2668ff509de_11.0.2"},"/home/elena/HIHI/gitmaster/client/components/game/code/Brick.js":{"path":"/home/elena/HIHI/gitmaster/client/components/game/code/Brick.js","statementMap":{"0":{"start":{"line":3,"column":0},"end":{"line":5,"column":3}},"1":{"start":{"line":7,"column":18},"end":{"line":7,"column":40}},"2":{"start":{"line":9,"column":18},"end":{"line":9,"column":53}},"3":{"start":{"line":11,"column":39},"end":{"line":11,"column":93}},"4":{"start":{"line":13,"column":50},"end":{"line":13,"column":151}},"5":{"start":{"line":13,"column":92},"end":{"line":13,"column":149}},"6":{"start":{"line":15,"column":50},"end":{"line":15,"column":151}},"7":{"start":{"line":15,"column":63},"end":{"line":15,"column":149}},"8":{"start":{"line":15,"column":152},"end":{"line":15,"column":238}},"9":{"start":{"line":17,"column":43},"end":{"line":17,"column":208}},"10":{"start":{"line":17,"column":106},"end":{"line":17,"column":206}},"11":{"start":{"line":17,"column":209},"end":{"line":17,"column":373}},"12":{"start":{"line":17,"column":374},"end":{"line":17,"column":492}},"13":{"start":{"line":17,"column":390},"end":{"line":17,"column":492}},"14":{"start":{"line":19,"column":12},"end":{"line":43,"column":22}},"15":{"start":{"line":20,"column":2},"end":{"line":20,"column":31}},"16":{"start":{"line":23,"column":4},"end":{"line":23,"column":33}},"17":{"start":{"line":25,"column":16},"end":{"line":25,"column":120}},"18":{"start":{"line":27,"column":4},"end":{"line":27,"column":19}},"19":{"start":{"line":28,"column":4},"end":{"line":28,"column":41}},"20":{"start":{"line":29,"column":4},"end":{"line":29,"column":58}},"21":{"start":{"line":30,"column":4},"end":{"line":30,"column":25}},"22":{"start":{"line":31,"column":4},"end":{"line":38,"column":6}},"23":{"start":{"line":39,"column":4},"end":{"line":39,"column":17}},"24":{"start":{"line":42,"column":2},"end":{"line":42,"column":15}},"25":{"start":{"line":45,"column":0},"end":{"line":45,"column":24}}},"fnMap":{"0":{"name":"_interopRequireDefault","decl":{"start":{"line":11,"column":9},"end":{"line":11,"column":31}},"loc":{"start":{"line":11,"column":37},"end":{"line":11,"column":95}},"line":11},"1":{"name":"_classCallCheck","decl":{"start":{"line":13,"column":9},"end":{"line":13,"column":24}},"loc":{"start":{"line":13,"column":48},"end":{"line":13,"column":153}},"line":13},"2":{"name":"_possibleConstructorReturn","decl":{"start":{"line":15,"column":9},"end":{"line":15,"column":35}},"loc":{"start":{"line":15,"column":48},"end":{"line":15,"column":240}},"line":15},"3":{"name":"_inherits","decl":{"start":{"line":17,"column":9},"end":{"line":17,"column":18}},"loc":{"start":{"line":17,"column":41},"end":{"line":17,"column":494}},"line":17},"4":{"name":"(anonymous_4)","decl":{"start":{"line":19,"column":12},"end":{"line":19,"column":13}},"loc":{"start":{"line":19,"column":34},"end":{"line":43,"column":1}},"line":19},"5":{"name":"Brick","decl":{"start":{"line":22,"column":11},"end":{"line":22,"column":16}},"loc":{"start":{"line":22,"column":27},"end":{"line":40,"column":3}},"line":22}},"branchMap":{"0":{"loc":{"start":{"line":11,"column":46},"end":{"line":11,"column":92}},"type":"cond-expr","locations":[{"start":{"line":11,"column":70},"end":{"line":11,"column":73}},{"start":{"line":11,"column":76},"end":{"line":11,"column":92}}],"line":11},"1":{"loc":{"start":{"line":11,"column":46},"end":{"line":11,"column":67}},"type":"binary-expr","locations":[{"start":{"line":11,"column":46},"end":{"line":11,"column":49}},{"start":{"line":11,"column":53},"end":{"line":11,"column":67}}],"line":11},"2":{"loc":{"start":{"line":13,"column":50},"end":{"line":13,"column":151}},"type":"if","locations":[{"start":{"line":13,"column":50},"end":{"line":13,"column":151}},{"start":{"line":13,"column":50},"end":{"line":13,"column":151}}],"line":13},"3":{"loc":{"start":{"line":15,"column":50},"end":{"line":15,"column":151}},"type":"if","locations":[{"start":{"line":15,"column":50},"end":{"line":15,"column":151}},{"start":{"line":15,"column":50},"end":{"line":15,"column":151}}],"line":15},"4":{"loc":{"start":{"line":15,"column":159},"end":{"line":15,"column":237}},"type":"cond-expr","locations":[{"start":{"line":15,"column":226},"end":{"line":15,"column":230}},{"start":{"line":15,"column":233},"end":{"line":15,"column":237}}],"line":15},"5":{"loc":{"start":{"line":15,"column":159},"end":{"line":15,"column":223}},"type":"binary-expr","locations":[{"start":{"line":15,"column":159},"end":{"line":15,"column":163}},{"start":{"line":15,"column":168},"end":{"line":15,"column":192}},{"start":{"line":15,"column":196},"end":{"line":15,"column":222}}],"line":15},"6":{"loc":{"start":{"line":17,"column":43},"end":{"line":17,"column":208}},"type":"if","locations":[{"start":{"line":17,"column":43},"end":{"line":17,"column":208}},{"start":{"line":17,"column":43},"end":{"line":17,"column":208}}],"line":17},"7":{"loc":{"start":{"line":17,"column":47},"end":{"line":17,"column":102}},"type":"binary-expr","locations":[{"start":{"line":17,"column":47},"end":{"line":17,"column":79}},{"start":{"line":17,"column":83},"end":{"line":17,"column":102}}],"line":17},"8":{"loc":{"start":{"line":17,"column":244},"end":{"line":17,"column":278}},"type":"binary-expr","locations":[{"start":{"line":17,"column":244},"end":{"line":17,"column":254}},{"start":{"line":17,"column":258},"end":{"line":17,"column":278}}],"line":17},"9":{"loc":{"start":{"line":17,"column":374},"end":{"line":17,"column":492}},"type":"if","locations":[{"start":{"line":17,"column":374},"end":{"line":17,"column":492}},{"start":{"line":17,"column":374},"end":{"line":17,"column":492}}],"line":17},"10":{"loc":{"start":{"line":17,"column":390},"end":{"line":17,"column":491}},"type":"cond-expr","locations":[{"start":{"line":17,"column":414},"end":{"line":17,"column":457}},{"start":{"line":17,"column":460},"end":{"line":17,"column":491}}],"line":17},"11":{"loc":{"start":{"line":25,"column":50},"end":{"line":25,"column":97}},"type":"binary-expr","locations":[{"start":{"line":25,"column":50},"end":{"line":25,"column":65}},{"start":{"line":25,"column":69},"end":{"line":25,"column":97}}],"line":25}},"s":{"0":1,"1":1,"2":1,"3":1,"4":5,"5":0,"6":5,"7":0,"8":5,"9":1,"10":0,"11":1,"12":1,"13":1,"14":1,"15":1,"16":5,"17":5,"18":5,"19":5,"20":5,"21":5,"22":5,"23":5,"24":1,"25":1},"f":{"0":1,"1":5,"2":5,"3":1,"4":1,"5":5},"b":{"0":[1,0],"1":[1,1],"2":[0,5],"3":[0,5],"4":[5,0],"5":[5,5,0],"6":[0,1],"7":[1,0],"8":[1,1],"9":[1,0],"10":[1,0],"11":[5,0]},"_coverageSchema":"332fd63041d2c1bcb487cc26dd0d5f7d97098a6c","hash":"cd657e152a0ae60dbdbdb8972374705612dd6423","contentHash":"9aa078dbeb5fe64be6310ff28223f4da_11.0.2"},"/home/elena/HIHI/gitmaster/client/components/game/code/CodeGiver.js":{"path":"/home/elena/HIHI/gitmaster/client/components/game/code/CodeGiver.js","statementMap":{"0":{"start":{"line":3,"column":0},"end":{"line":5,"column":3}},"1":{"start":{"line":7,"column":19},"end":{"line":7,"column":563}},"2":{"start":{"line":7,"column":76},"end":{"line":7,"column":347}},"3":{"start":{"line":7,"column":134},"end":{"line":7,"column":142}},"4":{"start":{"line":7,"column":144},"end":{"line":7,"column":199}},"5":{"start":{"line":7,"column":200},"end":{"line":7,"column":231}},"6":{"start":{"line":7,"column":232},"end":{"line":7,"column":286}},"7":{"start":{"line":7,"column":259},"end":{"line":7,"column":286}},"8":{"start":{"line":7,"column":287},"end":{"line":7,"column":345}},"9":{"start":{"line":7,"column":350},"end":{"line":7,"column":559}},"10":{"start":{"line":7,"column":407},"end":{"line":7,"column":475}},"11":{"start":{"line":7,"column":423},"end":{"line":7,"column":475}},"12":{"start":{"line":7,"column":476},"end":{"line":7,"column":536}},"13":{"start":{"line":7,"column":493},"end":{"line":7,"column":536}},"14":{"start":{"line":7,"column":537},"end":{"line":7,"column":556}},"15":{"start":{"line":9,"column":11},"end":{"line":9,"column":490}},"16":{"start":{"line":9,"column":54},"end":{"line":9,"column":103}},"17":{"start":{"line":9,"column":75},"end":{"line":9,"column":103}},"18":{"start":{"line":9,"column":115},"end":{"line":9,"column":164}},"19":{"start":{"line":9,"column":166},"end":{"line":9,"column":488}},"20":{"start":{"line":9,"column":205},"end":{"line":9,"column":234}},"21":{"start":{"line":9,"column":236},"end":{"line":9,"column":327}},"22":{"start":{"line":9,"column":259},"end":{"line":9,"column":276}},"23":{"start":{"line":9,"column":286},"end":{"line":9,"column":325}},"24":{"start":{"line":9,"column":335},"end":{"line":9,"column":488}},"25":{"start":{"line":9,"column":358},"end":{"line":9,"column":376}},"26":{"start":{"line":9,"column":399},"end":{"line":9,"column":407}},"27":{"start":{"line":9,"column":409},"end":{"line":9,"column":456}},"28":{"start":{"line":9,"column":437},"end":{"line":9,"column":454}},"29":{"start":{"line":9,"column":457},"end":{"line":9,"column":486}},"30":{"start":{"line":11,"column":13},"end":{"line":11,"column":37}},"31":{"start":{"line":13,"column":13},"end":{"line":13,"column":43}},"32":{"start":{"line":15,"column":22},"end":{"line":15,"column":64}},"33":{"start":{"line":17,"column":39},"end":{"line":17,"column":93}},"34":{"start":{"line":19,"column":50},"end":{"line":19,"column":151}},"35":{"start":{"line":19,"column":92},"end":{"line":19,"column":149}},"36":{"start":{"line":21,"column":50},"end":{"line":21,"column":151}},"37":{"start":{"line":21,"column":63},"end":{"line":21,"column":149}},"38":{"start":{"line":21,"column":152},"end":{"line":21,"column":238}},"39":{"start":{"line":23,"column":43},"end":{"line":23,"column":208}},"40":{"start":{"line":23,"column":106},"end":{"line":23,"column":206}},"41":{"start":{"line":23,"column":209},"end":{"line":23,"column":373}},"42":{"start":{"line":23,"column":374},"end":{"line":23,"column":492}},"43":{"start":{"line":23,"column":390},"end":{"line":23,"column":492}},"44":{"start":{"line":25,"column":16},"end":{"line":43,"column":17}},"45":{"start":{"line":26,"column":2},"end":{"line":26,"column":30}},"46":{"start":{"line":29,"column":4},"end":{"line":29,"column":37}},"47":{"start":{"line":31,"column":4},"end":{"line":31,"column":124}},"48":{"start":{"line":34,"column":2},"end":{"line":40,"column":6}},"49":{"start":{"line":37,"column":6},"end":{"line":37,"column":64}},"50":{"start":{"line":38,"column":6},"end":{"line":38,"column":119}},"51":{"start":{"line":42,"column":2},"end":{"line":42,"column":19}},"52":{"start":{"line":45,"column":0},"end":{"line":45,"column":28}}},"fnMap":{"0":{"name":"(anonymous_0)","decl":{"start":{"line":7,"column":19},"end":{"line":7,"column":20}},"loc":{"start":{"line":7,"column":31},"end":{"line":7,"column":561}},"line":7},"1":{"name":"defineProperties","decl":{"start":{"line":7,"column":42},"end":{"line":7,"column":58}},"loc":{"start":{"line":7,"column":74},"end":{"line":7,"column":349}},"line":7},"2":{"name":"(anonymous_2)","decl":{"start":{"line":7,"column":357},"end":{"line":7,"column":358}},"loc":{"start":{"line":7,"column":405},"end":{"line":7,"column":558}},"line":7},"3":{"name":"get","decl":{"start":{"line":9,"column":20},"end":{"line":9,"column":23}},"loc":{"start":{"line":9,"column":52},"end":{"line":9,"column":490}},"line":9},"4":{"name":"_interopRequireDefault","decl":{"start":{"line":17,"column":9},"end":{"line":17,"column":31}},"loc":{"start":{"line":17,"column":37},"end":{"line":17,"column":95}},"line":17},"5":{"name":"_classCallCheck","decl":{"start":{"line":19,"column":9},"end":{"line":19,"column":24}},"loc":{"start":{"line":19,"column":48},"end":{"line":19,"column":153}},"line":19},"6":{"name":"_possibleConstructorReturn","decl":{"start":{"line":21,"column":9},"end":{"line":21,"column":35}},"loc":{"start":{"line":21,"column":48},"end":{"line":21,"column":240}},"line":21},"7":{"name":"_inherits","decl":{"start":{"line":23,"column":9},"end":{"line":23,"column":18}},"loc":{"start":{"line":23,"column":41},"end":{"line":23,"column":494}},"line":23},"8":{"name":"(anonymous_8)","decl":{"start":{"line":25,"column":16},"end":{"line":25,"column":17}},"loc":{"start":{"line":25,"column":33},"end":{"line":43,"column":1}},"line":25},"9":{"name":"CodeGiver","decl":{"start":{"line":28,"column":11},"end":{"line":28,"column":20}},"loc":{"start":{"line":28,"column":31},"end":{"line":32,"column":3}},"line":28},"10":{"name":"mouseClick","decl":{"start":{"line":36,"column":20},"end":{"line":36,"column":30}},"loc":{"start":{"line":36,"column":33},"end":{"line":39,"column":5}},"line":36}},"branchMap":{"0":{"loc":{"start":{"line":7,"column":168},"end":{"line":7,"column":198}},"type":"binary-expr","locations":[{"start":{"line":7,"column":168},"end":{"line":7,"column":189}},{"start":{"line":7,"column":193},"end":{"line":7,"column":198}}],"line":7},"1":{"loc":{"start":{"line":7,"column":232},"end":{"line":7,"column":286}},"type":"if","locations":[{"start":{"line":7,"column":232},"end":{"line":7,"column":286}},{"start":{"line":7,"column":232},"end":{"line":7,"column":286}}],"line":7},"2":{"loc":{"start":{"line":7,"column":407},"end":{"line":7,"column":475}},"type":"if","locations":[{"start":{"line":7,"column":407},"end":{"line":7,"column":475}},{"start":{"line":7,"column":407},"end":{"line":7,"column":475}}],"line":7},"3":{"loc":{"start":{"line":7,"column":476},"end":{"line":7,"column":536}},"type":"if","locations":[{"start":{"line":7,"column":476},"end":{"line":7,"column":536}},{"start":{"line":7,"column":476},"end":{"line":7,"column":536}}],"line":7},"4":{"loc":{"start":{"line":9,"column":54},"end":{"line":9,"column":103}},"type":"if","locations":[{"start":{"line":9,"column":54},"end":{"line":9,"column":103}},{"start":{"line":9,"column":54},"end":{"line":9,"column":103}}],"line":9},"5":{"loc":{"start":{"line":9,"column":166},"end":{"line":9,"column":488}},"type":"if","locations":[{"start":{"line":9,"column":166},"end":{"line":9,"column":488}},{"start":{"line":9,"column":166},"end":{"line":9,"column":488}}],"line":9},"6":{"loc":{"start":{"line":9,"column":236},"end":{"line":9,"column":327}},"type":"if","locations":[{"start":{"line":9,"column":236},"end":{"line":9,"column":327}},{"start":{"line":9,"column":236},"end":{"line":9,"column":327}}],"line":9},"7":{"loc":{"start":{"line":9,"column":335},"end":{"line":9,"column":488}},"type":"if","locations":[{"start":{"line":9,"column":335},"end":{"line":9,"column":488}},{"start":{"line":9,"column":335},"end":{"line":9,"column":488}}],"line":9},"8":{"loc":{"start":{"line":9,"column":409},"end":{"line":9,"column":456}},"type":"if","locations":[{"start":{"line":9,"column":409},"end":{"line":9,"column":456}},{"start":{"line":9,"column":409},"end":{"line":9,"column":456}}],"line":9},"9":{"loc":{"start":{"line":17,"column":46},"end":{"line":17,"column":92}},"type":"cond-expr","locations":[{"start":{"line":17,"column":70},"end":{"line":17,"column":73}},{"start":{"line":17,"column":76},"end":{"line":17,"column":92}}],"line":17},"10":{"loc":{"start":{"line":17,"column":46},"end":{"line":17,"column":67}},"type":"binary-expr","locations":[{"start":{"line":17,"column":46},"end":{"line":17,"column":49}},{"start":{"line":17,"column":53},"end":{"line":17,"column":67}}],"line":17},"11":{"loc":{"start":{"line":19,"column":50},"end":{"line":19,"column":151}},"type":"if","locations":[{"start":{"line":19,"column":50},"end":{"line":19,"column":151}},{"start":{"line":19,"column":50},"end":{"line":19,"column":151}}],"line":19},"12":{"loc":{"start":{"line":21,"column":50},"end":{"line":21,"column":151}},"type":"if","locations":[{"start":{"line":21,"column":50},"end":{"line":21,"column":151}},{"start":{"line":21,"column":50},"end":{"line":21,"column":151}}],"line":21},"13":{"loc":{"start":{"line":21,"column":159},"end":{"line":21,"column":237}},"type":"cond-expr","locations":[{"start":{"line":21,"column":226},"end":{"line":21,"column":230}},{"start":{"line":21,"column":233},"end":{"line":21,"column":237}}],"line":21},"14":{"loc":{"start":{"line":21,"column":159},"end":{"line":21,"column":223}},"type":"binary-expr","locations":[{"start":{"line":21,"column":159},"end":{"line":21,"column":163}},{"start":{"line":21,"column":168},"end":{"line":21,"column":192}},{"start":{"line":21,"column":196},"end":{"line":21,"column":222}}],"line":21},"15":{"loc":{"start":{"line":23,"column":43},"end":{"line":23,"column":208}},"type":"if","locations":[{"start":{"line":23,"column":43},"end":{"line":23,"column":208}},{"start":{"line":23,"column":43},"end":{"line":23,"column":208}}],"line":23},"16":{"loc":{"start":{"line":23,"column":47},"end":{"line":23,"column":102}},"type":"binary-expr","locations":[{"start":{"line":23,"column":47},"end":{"line":23,"column":79}},{"start":{"line":23,"column":83},"end":{"line":23,"column":102}}],"line":23},"17":{"loc":{"start":{"line":23,"column":244},"end":{"line":23,"column":278}},"type":"binary-expr","locations":[{"start":{"line":23,"column":244},"end":{"line":23,"column":254}},{"start":{"line":23,"column":258},"end":{"line":23,"column":278}}],"line":23},"18":{"loc":{"start":{"line":23,"column":374},"end":{"line":23,"column":492}},"type":"if","locations":[{"start":{"line":23,"column":374},"end":{"line":23,"column":492}},{"start":{"line":23,"column":374},"end":{"line":23,"column":492}}],"line":23},"19":{"loc":{"start":{"line":23,"column":390},"end":{"line":23,"column":491}},"type":"cond-expr","locations":[{"start":{"line":23,"column":414},"end":{"line":23,"column":457}},{"start":{"line":23,"column":460},"end":{"line":23,"column":491}}],"line":23},"20":{"loc":{"start":{"line":31,"column":45},"end":{"line":31,"column":100}},"type":"binary-expr","locations":[{"start":{"line":31,"column":45},"end":{"line":31,"column":64}},{"start":{"line":31,"column":68},"end":{"line":31,"column":100}}],"line":31},"21":{"loc":{"start":{"line":38,"column":11},"end":{"line":38,"column":86}},"type":"binary-expr","locations":[{"start":{"line":38,"column":11},"end":{"line":38,"column":40}},{"start":{"line":38,"column":44},"end":{"line":38,"column":86}}],"line":38}},"s":{"0":1,"1":1,"2":1,"3":1,"4":1,"5":1,"6":1,"7":1,"8":1,"9":1,"10":1,"11":1,"12":1,"13":0,"14":1,"15":1,"16":0,"17":0,"18":0,"19":0,"20":0,"21":0,"22":0,"23":0,"24":0,"25":0,"26":0,"27":0,"28":0,"29":0,"30":1,"31":1,"32":1,"33":1,"34":8,"35":0,"36":8,"37":0,"38":8,"39":1,"40":0,"41":1,"42":1,"43":1,"44":1,"45":1,"46":8,"47":8,"48":1,"49":0,"50":0,"51":1,"52":1},"f":{"0":1,"1":1,"2":1,"3":0,"4":1,"5":8,"6":8,"7":1,"8":1,"9":8,"10":0},"b":{"0":[1,1],"1":[1,0],"2":[1,0],"3":[0,1],"4":[0,0],"5":[0,0],"6":[0,0],"7":[0,0],"8":[0,0],"9":[1,0],"10":[1,1],"11":[0,8],"12":[0,8],"13":[0,8],"14":[8,0,0],"15":[0,1],"16":[1,0],"17":[1,1],"18":[1,0],"19":[1,0],"20":[8,0],"21":[0,0]},"_coverageSchema":"332fd63041d2c1bcb487cc26dd0d5f7d97098a6c","hash":"e242e7a34b4eb3c46a1202df25a09880bd30b601","contentHash":"863321ebf51ef969204bc5e31c485de3_11.0.2"},"/home/elena/HIHI/gitmaster/client/actions/sendToFunction.js":{"path":"/home/elena/HIHI/gitmaster/client/actions/sendToFunction.js","statementMap":{"0":{"start":{"line":3,"column":0},"end":{"line":5,"column":3}},"1":{"start":{"line":6,"column":17},"end":{"line":11,"column":1}},"2":{"start":{"line":7,"column":2},"end":{"line":10,"column":4}}},"fnMap":{"0":{"name":"sendToFunc","decl":{"start":{"line":6,"column":47},"end":{"line":6,"column":57}},"loc":{"start":{"line":6,"column":64},"end":{"line":11,"column":1}},"line":6}},"branchMap":{},"s":{"0":1,"1":1,"2":0},"f":{"0":0},"b":{},"_coverageSchema":"332fd63041d2c1bcb487cc26dd0d5f7d97098a6c","hash":"14ae8d2b232c759fa15ff60088b34e3d2daf7c07","contentHash":"e19dba034bff9bbe28dd72b0364090ca_11.0.2"},"/home/elena/HIHI/gitmaster/client/components/game/Door/CellDoor.js":{"path":"/home/elena/HIHI/gitmaster/client/components/game/Door/CellDoor.js","statementMap":{"0":{"start":{"line":3,"column":0},"end":{"line":5,"column":3}},"1":{"start":{"line":7,"column":19},"end":{"line":7,"column":563}},"2":{"start":{"line":7,"column":76},"end":{"line":7,"column":347}},"3":{"start":{"line":7,"column":134},"end":{"line":7,"column":142}},"4":{"start":{"line":7,"column":144},"end":{"line":7,"column":199}},"5":{"start":{"line":7,"column":200},"end":{"line":7,"column":231}},"6":{"start":{"line":7,"column":232},"end":{"line":7,"column":286}},"7":{"start":{"line":7,"column":259},"end":{"line":7,"column":286}},"8":{"start":{"line":7,"column":287},"end":{"line":7,"column":345}},"9":{"start":{"line":7,"column":350},"end":{"line":7,"column":559}},"10":{"start":{"line":7,"column":407},"end":{"line":7,"column":475}},"11":{"start":{"line":7,"column":423},"end":{"line":7,"column":475}},"12":{"start":{"line":7,"column":476},"end":{"line":7,"column":536}},"13":{"start":{"line":7,"column":493},"end":{"line":7,"column":536}},"14":{"start":{"line":7,"column":537},"end":{"line":7,"column":556}},"15":{"start":{"line":9,"column":11},"end":{"line":9,"column":490}},"16":{"start":{"line":9,"column":54},"end":{"line":9,"column":103}},"17":{"start":{"line":9,"column":75},"end":{"line":9,"column":103}},"18":{"start":{"line":9,"column":115},"end":{"line":9,"column":164}},"19":{"start":{"line":9,"column":166},"end":{"line":9,"column":488}},"20":{"start":{"line":9,"column":205},"end":{"line":9,"column":234}},"21":{"start":{"line":9,"column":236},"end":{"line":9,"column":327}},"22":{"start":{"line":9,"column":259},"end":{"line":9,"column":276}},"23":{"start":{"line":9,"column":286},"end":{"line":9,"column":325}},"24":{"start":{"line":9,"column":335},"end":{"line":9,"column":488}},"25":{"start":{"line":9,"column":358},"end":{"line":9,"column":376}},"26":{"start":{"line":9,"column":399},"end":{"line":9,"column":407}},"27":{"start":{"line":9,"column":409},"end":{"line":9,"column":456}},"28":{"start":{"line":9,"column":437},"end":{"line":9,"column":454}},"29":{"start":{"line":9,"column":457},"end":{"line":9,"column":486}},"30":{"start":{"line":11,"column":13},"end":{"line":11,"column":30}},"31":{"start":{"line":13,"column":13},"end":{"line":13,"column":43}},"32":{"start":{"line":15,"column":18},"end":{"line":15,"column":56}},"33":{"start":{"line":17,"column":12},"end":{"line":17,"column":44}},"34":{"start":{"line":19,"column":18},"end":{"line":19,"column":56}},"35":{"start":{"line":21,"column":39},"end":{"line":21,"column":93}},"36":{"start":{"line":23,"column":50},"end":{"line":23,"column":151}},"37":{"start":{"line":23,"column":92},"end":{"line":23,"column":149}},"38":{"start":{"line":25,"column":50},"end":{"line":25,"column":151}},"39":{"start":{"line":25,"column":63},"end":{"line":25,"column":149}},"40":{"start":{"line":25,"column":152},"end":{"line":25,"column":238}},"41":{"start":{"line":27,"column":43},"end":{"line":27,"column":208}},"42":{"start":{"line":27,"column":106},"end":{"line":27,"column":206}},"43":{"start":{"line":27,"column":209},"end":{"line":27,"column":373}},"44":{"start":{"line":27,"column":374},"end":{"line":27,"column":492}},"45":{"start":{"line":27,"column":390},"end":{"line":27,"column":492}},"46":{"start":{"line":29,"column":15},"end":{"line":73,"column":17}},"47":{"start":{"line":30,"column":2},"end":{"line":30,"column":29}},"48":{"start":{"line":33,"column":4},"end":{"line":33,"column":36}},"49":{"start":{"line":35,"column":16},"end":{"line":35,"column":126}},"50":{"start":{"line":37,"column":4},"end":{"line":37,"column":44}},"51":{"start":{"line":38,"column":4},"end":{"line":38,"column":31}},"52":{"start":{"line":39,"column":4},"end":{"line":39,"column":44}},"53":{"start":{"line":40,"column":4},"end":{"line":40,"column":73}},"54":{"start":{"line":41,"column":4},"end":{"line":41,"column":28}},"55":{"start":
[...]
4ec345fc597bcc33595aa_11.0.2"},"/home/elena/HIHI/gitmaster/client/components/game/code/Locker2.js":{"path":"/home/elena/HIHI/gitmaster/client/components/game/code/Locker2.js","statementMap":{"0":{"start":{"line":3,"column":0},"end":{"line":5,"column":3}},"1":{"start":{"line":7,"column":18},"end":{"line":7,"column":40}},"2":{"start":{"line":9,"column":18},"end":{"line":9,"column":53}},"3":{"start":{"line":11,"column":39},"end":{"line":11,"column":93}},"4":{"start":{"line":13,"column":50},"end":{"line":13,"column":151}},"5":{"start":{"line":13,"column":92},"end":{"line":13,"column":149}},"6":{"start":{"line":15,"column":50},"end":{"line":15,"column":151}},"7":{"start":{"line":15,"column":63},"end":{"line":15,"column":149}},"8":{"start":{"line":15,"column":152},"end":{"line":15,"column":238}},"9":{"start":{"line":17,"column":43},"end":{"line":17,"column":208}},"10":{"start":{"line":17,"column":106},"end":{"line":17,"column":206}},"11":{"start":{"line":17,"column":209},"end":{"line":17,"column":373}},"12":{"start":{"line":17,"column":374},"end":{"line":17,"column":492}},"13":{"start":{"line":17,"column":390},"end":{"line":17,"column":492}},"14":{"start":{"line":19,"column":14},"end":{"line":44,"column":22}},"15":{"start":{"line":20,"column":2},"end":{"line":20,"column":33}},"16":{"start":{"line":23,"column":4},"end":{"line":23,"column":35}},"17":{"start":{"line":25,"column":16},"end":{"line":25,"column":124}},"18":{"start":{"line":27,"column":4},"end":{"line":27,"column":19}},"19":{"start":{"line":28,"column":4},"end":{"line":28,"column":43}},"20":{"start":{"line":29,"column":4},"end":{"line":29,"column":46}},"21":{"start":{"line":30,"column":4},"end":{"line":30,"column":27}},"22":{"start":{"line":31,"column":4},"end":{"line":38,"column":6}},"23":{"start":{"line":40,"column":4},"end":{"line":40,"column":17}},"24":{"start":{"line":43,"column":2},"end":{"line":43,"column":17}},"25":{"start":{"line":46,"column":0},"end":{"line":46,"column":26}}},"fnMap":{"0":{"name":"_interopRequireDefault","decl":{"start":{"line":11,"column":9},"end":{"line":11,"column":31}},"loc":{"start":{"line":11,"column":37},"end":{"line":11,"column":95}},"line":11},"1":{"name":"_classCallCheck","decl":{"start":{"line":13,"column":9},"end":{"line":13,"column":24}},"loc":{"start":{"line":13,"column":48},"end":{"line":13,"column":153}},"line":13},"2":{"name":"_possibleConstructorReturn","decl":{"start":{"line":15,"column":9},"end":{"line":15,"column":35}},"loc":{"start":{"line":15,"column":48},"end":{"line":15,"column":240}},"line":15},"3":{"name":"_inherits","decl":{"start":{"line":17,"column":9},"end":{"line":17,"column":18}},"loc":{"start":{"line":17,"column":41},"end":{"line":17,"column":494}},"line":17},"4":{"name":"(anonymous_4)","decl":{"start":{"line":19,"column":14},"end":{"line":19,"column":15}},"loc":{"start":{"line":19,"column":36},"end":{"line":44,"column":1}},"line":19},"5":{"name":"Locker2","decl":{"start":{"line":22,"column":11},"end":{"line":22,"column":18}},"loc":{"start":{"line":22,"column":29},"end":{"line":41,"column":3}},"line":22}},"branchMap":{"0":{"loc":{"start":{"line":11,"column":46},"end":{"line":11,"column":92}},"type":"cond-expr","locations":[{"start":{"line":11,"column":70},"end":{"line":11,"column":73}},{"start":{"line":11,"column":76},"end":{"line":11,"column":92}}],"line":11},"1":{"loc":{"start":{"line":11,"column":46},"end":{"line":11,"column":67}},"type":"binary-expr","locations":[{"start":{"line":11,"column":46},"end":{"line":11,"column":49}},{"start":{"line":11,"column":53},"end":{"line":11,"column":67}}],"line":11},"2":{"loc":{"start":{"line":13,"column":50},"end":{"line":13,"column":151}},"type":"if","locations":[{"start":{"line":13,"column":50},"end":{"line":13,"column":151}},{"start":{"line":13,"column":50},"end":{"line":13,"column":151}}],"line":13},"3":{"loc":{"start":{"line":15,"column":50},"end":{"line":15,"column":151}},"type":"if","locations":[{"start":{"line":15,"column":50},"end":{"line":15,"column":151}},{"start":{"line":15,"column":50},"end":{"line":15,"column":151}}],"line":15},"4":{"loc":{"start":{"line":15,"column":159},"end":{"line":15,"column":237}},"type":"cond-expr","locations":[{"start":{"line":15,"column":226},"end":{"line":15,"column":230}},{"start":{"line":15,"column":233},"end":{"line":15,"column":237}}],"line":15},"5":{"loc":{"start":{"line":15,"column":159},"end":{"line":15,"column":223}},"type":"binary-expr","locations":[{"start":{"line":15,"column":159},"end":{"line":15,"column":163}},{"start":{"line":15,"column":168},"end":{"line":15,"column":192}},{"start":{"line":15,"column":196},"end":{"line":15,"column":222}}],"line":15},"6":{"loc":{"start":{"line":17,"column":43},"end":{"line":17,"column":208}},"type":"if","locations":[{"start":{"line":17,"column":43},"end":{"line":17,"column":208}},{"start":{"line":17,"column":43},"end":{"line":17,"column":208}}],"line":17},"7":{"loc":{"start":{"line":17,"column":47},"end":{"line":17,"column":102}},"type":"binary-expr","locations":[{"start":{"line":17,"column":47},"end":{"line":17,"column":79}},{"start":{"line":17,"column":83},"end":{"line":17,"column":102}}],"line":17},"8":{"loc":{"start":{"line":17,"column":244},"end":{"line":17,"column":278}},"type":"binary-expr","locations":[{"start":{"line":17,"column":244},"end":{"line":17,"column":254}},{"start":{"line":17,"column":258},"end":{"line":17,"column":278}}],"line":17},"9":{"loc":{"start":{"line":17,"column":374},"end":{"line":17,"column":492}},"type":"if","locations":[{"start":{"line":17,"column":374},"end":{"line":17,"column":492}},{"start":{"line":17,"column":374},"end":{"line":17,"column":492}}],"line":17},"10":{"loc":{"start":{"line":17,"column":390},"end":{"line":17,"column":491}},"type":"cond-expr","locations":[{"start":{"line":17,"column":414},"end":{"line":17,"column":457}},{"start":{"line":17,"column":460},"end":{"line":17,"column":491}}],"line":17},"11":{"loc":{"start":{"line":25,"column":50},"end":{"line":25,"column":101}},"type":"binary-expr","locations":[{"start":{"line":25,"column":50},"end":{"line":25,"column":67}},{"start":{"line":25,"column":71},"end":{"line":25,"column":101}}],"line":25}},"s":{"0":1,"1":1,"2":1,"3":1,"4":0,"5":0,"6":0,"7":0,"8":0,"9":1,"10":0,"11":1,"12":1,"13":1,"14":1,"15":1,"16":0,"17":0,"18":0,"19":0,"20":0,"21":0,"22":0,"23":0,"24":1,"25":1},"f":{"0":1,"1":0,"2":0,"3":1,"4":1,"5":0},"b":{"0":[1,0],"1":[1,1],"2":[0,0],"3":[0,0],"4":[0,0],"5":[0,0,0],"6":[0,1],"7":[1,0],"8":[1,1],"9":[1,0],"10":[1,0],"11":[0,0]},"_coverageSchema":"332fd63041d2c1bcb487cc26dd0d5f7d97098a6c","hash":"f610fc009606cbc8feb6043ac8d1378297369d8d","contentHash":"1b2b25d3bec70b40fe6f07ccbd88151a_11.0.2"},"/home/elena/HIHI/gitmaster/client/components/game/items/Locker3.js":{"path":"/home/elena/HIHI/gitmaster/client/components/game/items/Locker3.js","statementMap":{"0":{"start":{"line":3,"column":0},"end":{"line":5,"column":3}},"1":{"start":{"line":7,"column":19},"end":{"line":7,"column":42}},"2":{"start":{"line":9,"column":19},"end":{"line":9,"column":55}},"3":{"start":{"line":11,"column":13},"end":{"line":11,"column":38}},"4":{"start":{"line":13,"column":14},"end":{"line":13,"column":44}},"5":{"start":{"line":15,"column":39},"end":{"line":15,"column":93}},"6":{"start":{"line":17,"column":50},"end":{"line":17,"column":151}},"7":{"start":{"line":17,"column":92},"end":{"line":17,"column":149}},"8":{"start":{"line":19,"column":50},"end":{"line":19,"column":151}},"9":{"start":{"line":19,"column":63},"end":{"line":19,"column":149}},"10":{"start":{"line":19,"column":152},"end":{"line":19,"column":238}},"11":{"start":{"line":21,"column":43},"end":{"line":21,"column":208}},"12":{"start":{"line":21,"column":106},"end":{"line":21,"column":206}},"13":{"start":{"line":21,"column":209},"end":{"line":21,"column":373}},"14":{"start":{"line":21,"column":374},"end":{"line":21,"column":492}},"15":{"start":{"line":21,"column":390},"end":{"line":21,"column":492}},"16":{"start":{"line":23,"column":14},"end":{"line":47,"column":23}},"17":{"start":{"line":24,"column":2},"end":{"line":24,"column":34}},"18":{"start":{"line":27,"column":4},"end":{"line":27,"column":35}},"19":{"start":{"line":29,"column":16},"end":{"line":29,"column":124}},"20":{"start":{"line":31,"column":4},"end":{"line":31,"column":43}},"21":{"start":{"line":32,"column":4},"end":{"line":32,"column":56}},"22":{"start":{"line":33,"column":4},"end":{"line":33,"column":27}},"23":{"start":{"line":34,"column":4},"end":{"line":34,"column":53}},"24":{"start":{"line":35,"column":4},"end":{"line":42,"column":6}},"25":{"start":{"line":43,"column":4},"end":{"line":43,"column":17}},"26":{"start":{"line":46,"column":2},"end":{"line":46,"column":17}},"27":{"start":{"line":49,"column":0},"end":{"line":49,"column":26}}},"fnMap":{"0":{"name":"_interopRequireDefault","decl":{"start":{"line":15,"column":9},"end":{"line":15,"column":31}},"loc":{"start":{"line":15,"column":37},"end":{"line":15,"column":95}},"line":15},"1":{"name":"_classCallCheck","decl":{"start":{"line":17,"column":9},"end":{"line":17,"column":24}},"loc":{"start":{"line":17,"column":48},"end":{"line":17,"column":153}},"line":17},"2":{"name":"_possibleConstructorReturn","decl":{"start":{"line":19,"column":9},"end":{"line":19,"column":35}},"loc":{"start":{"line":19,"column":48},"end":{"line":19,"column":240}},"line":19},"3":{"name":"_inherits","decl":{"start":{"line":21,"column":9},"end":{"line":21,"column":18}},"loc":{"start":{"line":21,"column":41},"end":{"line":21,"column":494}},"line":21},"4":{"name":"(anonymous_4)","decl":{"start":{"line":23,"column":14},"end":{"line":23,"column":15}},"loc":{"start":{"line":23,"column":37},"end":{"line":47,"column":1}},"line":23},"5":{"name":"Locker3","decl":{"start":{"line":26,"column":11},"end":{"line":26,"column":18}},"loc":{"start":{"line":26,"column":29},"end":{"line":44,"column":3}},"line":26}},"branchMap":{"0":{"loc":{"start":{"line":15,"column":46},"end":{"line":15,"column":92}},"type":"cond-expr","locations":[{"start":{"line":15,"column":70},"end":{"line":15,"column":73}},{"start":{"line":15,"column":76},"end":{"line":15,"column":92}}],"line":15},"1":{"loc":{"start":{"line":15,"column":46},"end":{"line":15,"column":67}},"type":"binary-expr","locations":[{"start":{"line":15,"column":46},"end":{"line":15,"column":49}},{"start":{"line":15,"column":53},"end":{"line":15,"column":67}}],"line":15},"2":{"loc":{"start":{"line":17,"column":50},"end":{"line":17,"column":151}},"type":"if","locations":[{"start":{"line":17,"column":50},"end":{"line":17,"column":151}},{"start":{"line":17,"column":50},"end":{"line":17,"column":151}}],"line":17},"3":{"loc":{"start":{"line":19,"column":50},"end":{"line":19,"column":151}},"type":"if","locations":[{"start":{"line":19,"column":50},"end":{"line":19,"column":151}},{"start":{"line":19,"column":50},"end":{"line":19,"column":151}}],"line":19},"4":{"loc":{"start":{"line":19,"column":159},"end":{"line":19,"column":237}},"type":"cond-expr","locations":[{"start":{"line":19,"column":226},"end":{"line":19,"column":230}},{"start":{"line":19,"column":233},"end":{"line":19,"column":237}}],"line":19},"5":{"loc":{"start":{"line":19,"column":159},"end":{"line":19,"column":223}},"type":"binary-expr","locations":[{"start":{"line":19,"column":159},"end":{"line":19,"column":163}},{"start":{"line":19,"column":168},"end":{"line":19,"column":192}},{"start":{"line":19,"column":196},"end":{"line":19,"column":222}}],"line":19},"6":{"loc":{"start":{"line":21,"column":43},"end":{"line":21,"column":208}},"type":"if","locations":[{"start":{"line":21,"column":43},"end":{"line":21,"column":208}},{"start":{"line":21,"column":43},"end":{"line":21,"column":208}}],"line":21},"7":{"loc":{"start":{"line":21,"column":47},"end":{"line":21,"column":102}},"type":"binary-expr","locations":[{"start":{"line":21,"column":47},"end":{"line":21,"column":79}},{"start":{"line":21,"column":83},"end":{"line":21,"column":102}}],"line":21},"8":{"loc":{"start":{"line":21,"column":244},"end":{"line":21,"column":278}},"type":"binary-expr","locations":[{"start":{"line":21,"column":244},"end":{"line":21,"column":254}},{"start":{"line":21,"column":258},"end":{"line":21,"column":278}}],"line":21},"9":{"loc":{"start":{"line":21,"column":374},"end":{"line":21,"column":492}},"type":"if","locations":[{"start":{"line":21,"column":374},"end":{"line":21,"column":492}},{"start":{"line":21,"column":374},"end":{"line":21,"column":492}}],"line":21},"10":{"loc":{"start":{"line":21,"column":390},"end":{"line":21,"column":491}},"type":"cond-expr","locations":[{"start":{"line":21,"column":414},"end":{"line":21,"column":457}},{"start":{"line":21,"column":460},"end":{"line":21,"column":491}}],"line":21},"11":{"loc":{"start":{"line":29,"column":50},"end":{"line":29,"column":101}},"type":"binary-expr","locations":[{"start":{"line":29,"column":50},"end":{"line":29,"column":67}},{"start":{"line":29,"column":71},"end":{"line":29,"column":101}}],"line":29}},"s":{"0":1,"1":1,"2":1,"3":1,"4":1,"5":2,"6":0,"7":0,"8":0,"9":0,"10":0,"11":1,"12":0,"13":1,"14":1,"15":1,"16":1,"17":1,"18":0,"19":0,"20":0,"21":0,"22":0,"23":0,"24":0,"25":0,"26":1,"27":1},"f":{"0":2,"1":0,"2":0,"3":1,"4":1,"5":0},"b":{"0":[2,0],"1":[2,2],"2":[0,0],"3":[0,0],"4":[0,0],"5":[0,0,0],"6":[0,1],"7":[1,0],"8":[1,1],"9":[1,0],"10":[1,0],"11":[0,0]},"_coverageSchema":"332fd63041d2c1bcb487cc26dd0d5f7d97098a6c","hash":"89ee1137da22c38a42c0d198721813a4b83e62b5","contentHash":"aab35fe32f6e8ca1e04f70dfb78da22e_11.0.2"},"/home/elena/HIHI/gitmaster/client/components/game/items/Photo.js":{"path":"/home/elena/HIHI/gitmaster/client/components/game/items/Photo.js","statementMap":{"0":{"start":{"line":3,"column":0},"end":{"line":5,"column":3}},"1":{"start":{"line":7,"column":22},"end":{"line":7,"column":48}},"2":{"start":{"line":9,"column":22},"end":{"line":9,"column":61}},"3":{"start":{"line":11,"column":39},"end":{"line":11,"column":93}},"4":{"start":{"line":13,"column":50},"end":{"line":13,"column":151}},"5":{"start":{"line":13,"column":92},"end":{"line":13,"column":149}},"6":{"start":{"line":15,"column":50},"end":{"line":15,"column":151}},"7":{"start":{"line":15,"column":63},"end":{"line":15,"column":149}},"8":{"start":{"line":15,"column":152},"end":{"line":15,"column":238}},"9":{"start":{"line":17,"column":43},"end":{"line":17,"column":208}},"10":{"start":{"line":17,"column":106},"end":{"line":17,"column":206}},"11":{"start":{"line":17,"column":209},"end":{"line":17,"column":373}},"12":{"start":{"line":17,"column":374},"end":{"line":17,"column":492}},"13":{"start":{"line":17,"column":390},"end":{"line":17,"column":492}},"14":{"start":{"line":19,"column":12},"end":{"line":42,"column":26}},"15":{"start":{"line":20,"column":2},"end":{"line":20,"column":35}},"16":{"start":{"line":23,"column":4},"end":{"line":23,"column":33}},"17":{"start":{"line":25,"column":16},"end":{"line":25,"column":120}},"18":{"start":{"line":27,"column":4},"end":{"line":27,"column":41}},"19":{"start":{"line":28,"column":4},"end":{"line":28,"column":45}},"20":{"start":{"line":29,"column":4},"end":{"line":29,"column":25}},"21":{"start":{"line":30,"column":4},"end":{"line":37,"column":6}},"22":{"start":{"line":38,"column":4},"end":{"line":38,"column":17}},"23":{"start":{"line":41,"column":2},"end":{"line":41,"column":15}},"24":{"start":{"line":44,"column":0},"end":{"line":44,"column":24}}},"fnMap":{"0":{"name":"_interopRequireDefault","decl":{"start":{"line":11,"column":9},"end":{"line":11,"column":31}},"loc":{"start":{"line":11,"column":37},"end":{"line":11,"column":95}},"line":11},"1":{"name":"_classCallCheck","decl":{"start":{"line":13,"column":9},"end":{"line":13,"column":24}},"loc":{"start":{"line":13,"column":48},"end":{"line":13,"column":153}},"line":13},"2":{"name":"_possibleConstructorReturn","decl":{"start":{"line":15,"column":9},"end":{"line":15,"column":35}},"loc":{"start":{"line":15,"column":48},"end":{"line":15,"column":240}},"line":15},"3":{"name":"_inherits","decl":{"start":{"line":17,"column":9},"end":{"line":17,"column":18}},"loc":{"start":{"line":17,"column":41},"end":{"line":17,"column":494}},"line":17},"4":{"name":"(anonymous_4)","decl":{"start":{"line":19,"column":12},"end":{"line":19,"column":13}},"loc":{"start":{"line":19,"column":38},"end":{"line":42,"column":1}},"line":19},"5":{"name":"Photo","decl":{"start":{"line":22,"column":11},"end":{"line":22,"column":16}},"loc":{"start":{"line":22,"column":27},"end":{"line":39,"column":3}},"line":22}},"branchMap":{"0":{"loc":{"start":{"line":11,"column":46},"end":{"line":11,"column":92}},"type":"cond-expr","locations":[{"start":{"line":11,"column":70},"end":{"line":11,"column":73}},{"start":{"line":11,"column":76},"end":{"line":11,"column":92}}],"line":11},"1":{"loc":{"start":{"line":11,"column":46},"end":{"line":11,"column":67}},"type":"binary-expr","locations":[{"start":{"line":11,"column":46},"end":{"line":11,"column":49}},{"start":{"line":11,"column":53},"end":{"line":11,"column":67}}],"line":11},"2":{"loc":{"start":{"line":13,"column":50},"end":{"line":13,"column":151}},"type":"if","locations":[{"start":{"line":13,"column":50},"end":{"line":13,"column":151}},{"start":{"line":13,"column":50},"end":{"line":13,"column":151}}],"line":13},"3":{"loc":{"start":{"line":15,"column":50},"end":{"line":15,"column":151}},"type":"if","locations":[{"start":{"line":15,"column":50},"end":{"line":15,"column":151}},{"start":{"line":15,"column":50},"end":{"line":15,"column":151}}],"line":15},"4":{"loc":{"start":{"line":15,"column":159},"end":{"line":15,"column":237}},"type":"cond-expr","locations":[{"start":{"line":15,"column":226},"end":{"line":15,"column":230}},{"start":{"line":15,"column":233},"end":{"line":15,"column":237}}],"line":15},"5":{"loc":{"start":{"line":15,"column":159},"end":{"line":15,"column":223}},"type":"binary-expr","locations":[{"start":{"line":15,"column":159},"end":{"line":15,"column":163}},{"start":{"line":15,"column":168},"end":{"line":15,"column":192}},{"start":{"line":15,"column":196},"end":{"line":15,"column":222}}],"line":15},"6":{"loc":{"start":{"line":17,"column":43},"end":{"line":17,"column":208}},"type":"if","locations":[{"start":{"line":17,"column":43},"end":{"line":17,"column":208}},{"start":{"line":17,"column":43},"end":{"line":17,"column":208}}],"line":17},"7":{"loc":{"start":{"line":17,"column":47},"end":{"line":17,"column":102}},"type":"binary-expr","locations":[{"start":{"line":17,"column":47},"end":{"line":17,"column":79}},{"start":{"line":17,"column":83},"end":{"line":17,"column":102}}],"line":17},"8":{"loc":{"start":{"line":17,"column":244},"end":{"line":17,"column":278}},"type":"binary-expr","locations":[{"start":{"line":17,"column":244},"end":{"line":17,"column":254}},{"start":{"line":17,"column":258},"end":{"line":17,"column":278}}],"line":17},"9":{"loc":{"start":{"line":17,"column":374},"end":{"line":17,"column":492}},"type":"if","locations":[{"start":{"line":17,"column":374},"end":{"line":17,"column":492}},{"start":{"line":17,"column":374},"end":{"line":17,"column":492}}],"line":17},"10":{"loc":{"start":{"line":17,"column":390},"end":{"line":17,"column":491}},"type":"cond-expr","locations":[{"start":{"line":17,"column":414},"end":{"line":17,"column":457}},{"start":{"line":17,"column":460},"end":{"line":17,"column":491}}],"line":17},"11":{"loc":{"start":{"line":25,"column":50},"end":{"line":25,"column":97}},"type":"binary-expr","locations":[{"start":{"line":25,"column":50},"end":{"line":25,"column":65}},{"start":{"line":25,"column":69},"end":{"line":25,"column":97}}],"line":25}},"s":{"0":1,"1":1,"2":1,"3":1,"4":0,"5":0,"6":0,"7":0,"8":0,"9":1,"10":0,"11":1,"12":1,"13":1,"14":1,"15":1,"16":0,"17":0,"18":0,"19":0,"20":0,"21":0,"22":0,"23":1,"24":1},"f":{"0":1,"1":0,"2":0,"3":1,"4":1,"5":0},"b":{"0":[1,0],"1":[1,1],"2":[0,0],"3":[0,0],"4":[0,0],"5":[0,0,0],"6":[0,1],"7":[1,0],"8":[1,1],"9":[1,0],"10":[1,0],"11":[0,0]},"_coverageSchema":"332fd63041d2c1bcb487cc26dd0d5f7d97098a6c","hash":"3bdd5fe54e168f3d79e6c85509c7fbcbb15a387e","contentHash":"e57d9278de798e5986d4960f8ab3d59d_11.0.2"}}