{"/home/simon/workspace/gitmaster/client/store.js":{"path":"/home/simon/workspace/gitmaster/client/store.js","statementMap":{"0":{"start":{"line":3,"column":0},"end":{"line":5,"column":3}},"1":{"start":{"line":7,"column":13},"end":{"line":7,"column":29}},"2":{"start":{"line":9,"column":16},"end":{"line":9,"column":37}},"3":{"start":{"line":11,"column":17},"end":{"line":11,"column":50}},"4":{"start":{"line":13,"column":18},"end":{"line":13,"column":40}},"5":{"start":{"line":15,"column":19},"end":{"line":15,"column":54}},"6":{"start":{"line":17,"column":39},"end":{"line":17,"column":93}},"7":{"start":{"line":19,"column":12},"end":{"line":21,"column":3}},"8":{"start":{"line":20,"column":2},"end":{"line":20,"column":11}},"9":{"start":{"line":23,"column":0},"end":{"line":23,"column":24}}},"fnMap":{"0":{"name":"_interopRequireDefault","decl":{"start":{"line":17,"column":9},"end":{"line":17,"column":31}},"loc":{"start":{"line":17,"column":37},"end":{"line":17,"column":95}},"line":17},"1":{"name":"(anonymous_1)","decl":{"start":{"line":19,"column":183},"end":{"line":19,"column":184}},"loc":{"start":{"line":19,"column":196},"end":{"line":21,"column":1}},"line":19}},"branchMap":{"0":{"loc":{"start":{"line":17,"column":46},"end":{"line":17,"column":92}},"type":"cond-expr","locations":[{"start":{"line":17,"column":70},"end":{"line":17,"column":73}},{"start":{"line":17,"column":76},"end":{"line":17,"column":92}}],"line":17},"1":{"loc":{"start":{"line":17,"column":46},"end":{"line":17,"column":67}},"type":"binary-expr","locations":[{"start":{"line":17,"column":46},"end":{"line":17,"column":49}},{"start":{"line":17,"column":53},"end":{"line":17,"column":67}}],"line":17},"2":{"loc":{"start":{"line":19,"column":127},"end":{"line":21,"column":1}},"type":"cond-expr","locations":[{"start":{"line":19,"column":154},"end":{"line":19,"column":180}},{"start":{"line":19,"column":183},"end":{"line":21,"column":1}}],"line":19}},"s":{"0":1,"1":1,"2":1,"3":1,"4":1,"5":1,"6":2,"7":1,"8":1,"9":1},"f":{"0":2,"1":1},"b":{"0":[2,0],"1":[2,2],"2":[0,1]},"_coverageSchema":"332fd63041d2c1bcb487cc26dd0d5f7d97098a6c","hash":"c9d7b625ab5e730c0e5103c1ebf37ac7a5b575af","contentHash":"4900a16c88af24dee1f03411df7b8147_11.0.2"},"/home/simon/workspace/gitmaster/client/reducers/index.js":{"path":"/home/simon/workspace/gitmaster/client/reducers/index.js","statementMap":{"0":{"start":{"line":3,"column":0},"end":{"line":5,"column":3}},"1":{"start":{"line":7,"column":13},"end":{"line":7,"column":29}},"2":{"start":{"line":9,"column":17},"end":{"line":9,"column":39}},"3":{"start":{"line":11,"column":18},"end":{"line":11,"column":52}},"4":{"start":{"line":13,"column":18},"end":{"line":13,"column":41}},"5":{"start":{"line":15,"column":19},"end":{"line":15,"column":54}},"6":{"start":{"line":17,"column":18},"end":{"line":17,"column":41}},"7":{"start":{"line":19,"column":19},"end":{"line":19,"column":54}},"8":{"start":{"line":21,"column":16},"end":{"line":21,"column":37}},"9":{"start":{"line":23,"column":17},"end":{"line":23,"column":50}},"10":{"start":{"line":25,"column":18},"end":{"line":25,"column":41}},"11":{"start":{"line":27,"column":19},"end":{"line":27,"column":54}},"12":{"start":{"line":29,"column":18},"end":{"line":29,"column":41}},"13":{"start":{"line":31,"column":19},"end":{"line":31,"column":54}},"14":{"start":{"line":33,"column":18},"end":{"line":33,"column":41}},"15":{"start":{"line":35,"column":19},"end":{"line":35,"column":54}},"16":{"start":{"line":37,"column":39},"end":{"line":37,"column":93}},"17":{"start":{"line":39,"column":0},"end":{"line":47,"column":3}}},"fnMap":{"0":{"name":"_interopRequireDefault","decl":{"start":{"line":37,"column":9},"end":{"line":37,"column":31}},"loc":{"start":{"line":37,"column":37},"end":{"line":37,"column":95}},"line":37}},"branchMap":{"0":{"loc":{"start":{"line":37,"column":46},"end":{"line":37,"column":92}},"type":"cond-expr","locations":[{"start":{"line":37,"column":70},"end":{"line":37,"column":73}},{"start":{"line":37,"column":76},"end":{"line":37,"column":92}}],"line":37},"1":{"loc":{"start":{"line":37,"column":46},"end":{"line":37,"column":67}},"type":"binary-expr","locations":[{"start":{"line":37,"column":46},"end":{"line":37,"column":49}},{"start":{"line":37,"column":53},"end":{"line":37,"column":67}}],"line":37}},"s":{"0":1,"1":1,"2":1,"3":1,"4":1,"5":1,"6":1,"7":1,"8":1,"9":1,"10":1,"11":1,"12":1,"13":1,"14":1,"15":1,"16":7,"17":1},"f":{"0":7},"b":{"0":[7,0],"1":[7,7]},"_coverageSchema":"332fd63041d2c1bcb487cc26dd0d5f7d97098a6c","hash":"f6b32fc63dd0d8ca4988a152a12eb57cbee6431b","contentHash":"b0e513187ec0c585e16344fc31d960bd_11.0.2"},"/home/simon/workspace/gitmaster/client/reducers/inventory.js":{"path":"/home/simon/workspace/gitmaster/client/reducers/inventory.js","statementMap":{"0":{"start":{"line":3,"column":0},"end":{"line":5,"column":3}},"1":{"start":{"line":7,"column":35},"end":{"line":7,"column":193}},"2":{"start":{"line":7,"column":61},"end":{"line":7,"column":145}},"3":{"start":{"line":7,"column":126},"end":{"line":7,"column":143}},"4":{"start":{"line":7,"column":146},"end":{"line":7,"column":158}},"5":{"start":{"line":7,"column":168},"end":{"line":7,"column":191}},"6":{"start":{"line":10,"column":14},"end":{"line":10,"column":84}},"7":{"start":{"line":11,"column":15},"end":{"line":11,"column":27}},"8":{"start":{"line":13,"column":2},"end":{"line":22,"column":3}},"9":{"start":{"line":15,"column":6},"end":{"line":15,"column":65}},"10":{"start":{"line":17,"column":6},"end":{"line":19,"column":9}},"11":{"start":{"line":18,"column":8},"end":{"line":18,"column":36}},"12":{"start":{"line":21,"column":6},"end":{"line":21,"column":19}},"13":{"start":{"line":25,"column":0},"end":{"line":25,"column":28}}},"fnMap":{"0":{"name":"_toConsumableArray","decl":{"start":{"line":7,"column":9},"end":{"line":7,"column":27}},"loc":{"start":{"line":7,"column":33},"end":{"line":7,"column":195}},"line":7},"1":{"name":"inventory","decl":{"start":{"line":9,"column":9},"end":{"line":9,"column":18}},"loc":{"start":{"line":9,"column":21},"end":{"line":23,"column":1}},"line":9},"2":{"name":"(anonymous_2)","decl":{"start":{"line":17,"column":26},"end":{"line":17,"column":27}},"loc":{"start":{"line":17,"column":42},"end":{"line":19,"column":7}},"line":17}},"branchMap":{"0":{"loc":{"start":{"line":7,"column":35},"end":{"line":7,"column":193}},"type":"if","locations":[{"start":{"line":7,"column":35},"end":{"line":7,"column":193}},{"start":{"line":7,"column":35},"end":{"line":7,"column":193}}],"line":7},"1":{"loc":{"start":{"line":10,"column":14},"end":{"line":10,"column":84}},"type":"cond-expr","locations":[{"start":{"line":10,"column":67},"end":{"line":10,"column":79}},{"start":{"line":10,"column":82},"end":{"line":10,"column":84}}],"line":10},"2":{"loc":{"start":{"line":10,"column":14},"end":{"line":10,"column":64}},"type":"binary-expr","locations":[{"start":{"line":10,"column":14},"end":{"line":10,"column":34}},{"start":{"line":10,"column":38},"end":{"line":10,"column":64}}],"line":10},"3":{"loc":{"start":{"line":13,"column":2},"end":{"line":22,"column":3}},"type":"switch","locations":[{"start":{"line":14,"column":4},"end":{"line":15,"column":65}},{"start":{"line":16,"column":4},"end":{"line":19,"column":9}},{"start":{"line":20,"column":4},"end":{"line":21,"column":19}}],"line":13}},"s":{"0":1,"1":0,"2":0,"3":0,"4":0,"5":0,"6":3,"7":3,"8":3,"9":0,"10":0,"11":0,"12":3,"13":1},"f":{"0":0,"1":3,"2":0},"b":{"0":[0,0],"1":[0,3],"2":[3,3],"3":[0,0,3]},"_coverageSchema":"332fd63041d2c1bcb487cc26dd0d5f7d97098a6c","hash":"c63081aef4a32afe0602a2bc391f1a582d8e2719","contentHash":"90522064ffcd4c4b782ef62451d348b9_11.0.2"},"/home/simon/workspace/gitmaster/client/reducers/worldItems.js":{"path":"/home/simon/workspace/gitmaster/client/reducers/worldItems.js","statementMap":{"0":{"start":{"line":3,"column":0},"end":{"line":5,"column":3}},"1":{"start":{"line":7,"column":14},"end":{"line":7,"column":242}},"2":{"start":{"line":8,"column":15},"end":{"line":8,"column":27}},"3":{"start":{"line":10,"column":2},"end":{"line":17,"column":3}},"4":{"start":{"line":12,"column":6},"end":{"line":14,"column":9}},"5":{"start":{"line":13,"column":8},"end":{"line":13,"column":44}},"6":{"start":{"line":16,"column":6},"end":{"line":16,"column":19}},"7":{"start":{"line":20,"column":0},"end":{"line":20,"column":29}}},"fnMap":{"0":{"name":"worldItems","decl":{"start":{"line":6,"column":9},"end":{"line":6,"column":19}},"loc":{"start":{"line":6,"column":22},"end":{"line":18,"column":1}},"line":6},"1":{"name":"(anonymous_1)","decl":{"start":{"line":12,"column":26},"end":{"line":12,"column":27}},"loc":{"start":{"line":12,"column":46},"end":{"line":14,"column":7}},"line":12}},"branchMap":{"0":{"loc":{"start":{"line":7,"column":14},"end":{"line":7,"column":242}},"type":"cond-expr","locations":[{"start":{"line":7,"column":67},"end":{"line":7,"column":79}},{"start":{"line":7,"column":82},"end":{"line":7,"column":242}}],"line":7},"1":{"loc":{"start":{"line":7,"column":14},"end":{"line":7,"column":64}},"type":"binary-expr","locations":[{"start":{"line":7,"column":14},"end":{"line":7,"column":34}},{"start":{"line":7,"column":38},"end":{"line":7,"column":64}}],"line":7},"2":{"loc":{"start":{"line":10,"column":2},"end":{"line":17,"column":3}},"type":"switch","locations":[{"start":{"line":11,"column":4},"end":{"line":14,"column":9}},{"start":{"line":15,"column":4},"end":{"line":16,"column":19}}],"line":10}},"s":{"0":1,"1":3,"2":3,"3":3,"4":0,"5":0,"6":3,"7":1},"f":{"0":3,"1":0},"b":{"0":[0,3],"1":[3,3],"2":[0,3]},"_coverageSchema":"332fd63041d2c1bcb487cc26dd0d5f7d97098a6c","hash":"0d964d3898506b1517c5758718385081a2552080","contentHash":"927039b38fd7f3d8ce5bd20f876c7765_11.0.2"},"/home/simon/workspace/gitmaster/client/reducers/cellLocked.js":{"path":"/home/simon/workspace/gitmaster/client/reducers/cellLocked.js","statementMap":{"0":{"start":{"line":3,"column":0},"end":{"line":5,"column":3}},"1":{"start":{"line":7,"column":14},"end":{"line":7,"column":86}},"2":{"start":{"line":8,"column":15},"end":{"line":8,"column":27}},"3":{"start":{"line":10,"column":2},"end":{"line":15,"column":3}},"4":{"start":{"line":12,"column":6},"end":{"line":12,"column":19}},"5":{"start":{"line":14,"column":6},"end":{"line":14,"column":19}},"6":{"start":{"line":18,"column":0},"end":{"line":18,"column":29}}},"fnMap":{"0":{"name":"cellLocked","decl":{"start":{"line":6,"column":9},"end":{"line":6,"column":19}},"loc":{"start":{"line":6,"column":22},"end":{"line":16,"column":1}},"line":6}},"branchMap":{"0":{"loc":{"start":{"line":7,"column":14},"end":{"line":7,"column":86}},"type":"cond-expr","locations":[{"start":{"line":7,"column":67},"end":{"line":7,"column":79}},{"start":{"line":7,"column":82},"end":{"line":7,"column":86}}],"line":7},"1":{"loc":{"start":{"line":7,"column":14},"end":{"line":7,"column":64}},"type":"binary-expr","locations":[{"start":{"line":7,"column":14},"end":{"line":7,"column":34}},{"start":{"line":7,"column":38},"end":{"line":7,"column":64}}],"line":7},"2":{"loc":{"start":{"line":10,"column":2},"end":{"line":15,"column":3}},"type":"switch","locations":[{"start":{"line":11,"column":4},"end":{"line":12,"column":19}},{"start":{"line":13,"column":4},"end":{"line":14,"column":19}}],"line":10}},"s":{"0":1,"1":3,"2":3,"3":3,"4":0,"5":3,"6":1},"f":{"0":3},"b":{"0":[0,3],"1":[3,3],"2":[0,3]},"_coverageSchema":"332fd63041d2c1bcb487cc26dd0d5f7d97098a6c","hash":"4daa079fd46b6a52e1cac09d069b1eeb85b31a86","contentHash":"6ee50eeb8674a44285ee7993fe5c2f71_11.0.2"},"/home/simon/workspace/gitmaster/client/reducers/location.js":{"path":"/home/simon/workspace/gitmaster/client/reducers/location.js","statementMap":{"0":{"start":{"line":3,"column":0},"end":{"line":5,"column":3}},"1":{"start":{"line":7,"column":14},"end":{"line":7,"column":88}},"2":{"start":{"line":8,"column":15},"end":{"line":8,"column":27}},"3":{"start":{"line":10,"column":2},"end":{"line":15,"column":3}},"4":{"start":{"line":12,"column":6},"end":{"line":12,"column":33}},"5":{"start":{"line":14,"column":6},"end":{"line":14,"column":19}},"6":{"start":{"line":18,"column":0},"end":{"line":18,"column":27}}},"fnMap":{"0":{"name":"location","decl":{"start":{"line":6,"column":9},"end":{"line":6,"column":17}},"loc":{"start":{"line":6,"column":20},"end":{"line":16,"column":1}},"line":6}},"branchMap":{"0":{"loc":{"start":{"line":7,"column":14},"end":{"line":7,"column":88}},"type":"cond-expr","locations":[{"start":{"line":7,"column":67},"end":{"line":7,"column":79}},{"start":{"line":7,"column":82},"end":{"line":7,"column":88}}],"line":7},"1":{"loc":{"start":{"line":7,"column":14},"end":{"line":7,"column":64}},"type":"binary-expr","locations":[{"start":{"line":7,"column":14},"end":{"line":7,"column":34}},{"start":{"line":7,"column":38},"end":{"line":7,"column":64}}],"line":7},"2":{"loc":{"start":{"line":10,"column":2},"end":{"line":15,"column":3}},"type":"switch","locations":[{"start":{"line":11,"column":4},"end":{"line":12,"column":33}},{"start":{"line":13,"column":4},"end":{"line":14,"column":19}}],"line":10}},"s":{"0":1,"1":3,"2":3,"3":3,"4":0,"5":3,"6":1},"f":{"0":3},"b":{"0":[0,3],"1":[3,3],"2":[0,3]},"_coverageSchema":"332fd63041d2c1bcb487cc26dd0d5f7d97098a6c","hash":"f2a275e77b44d39149ec71c94b20420dea65bf1a","contentHash":"6e617ca16778ab4bc021e0b97c76c6dc_11.0.2"},"/home/simon/workspace/gitmaster/client/reducers/currentLog.js":{"path":"/home/simon/workspace/gitmaster/client/reducers/currentLog.js","statementMap":{"0":{"start":{"line":3,"column":0},"end":{"line":5,"column":3}},"1":{"start":{"line":7,"column":14},"end":{"line":7,"column":107}},"2":{"start":{"line":8,"column":15},"end":{"line":8,"column":27}},"3":{"start":{"line":10,"column":2},"end":{"line":15,"column":3}},"4":{"start":{"line":12,"column":6},"end":{"line":12,"column":24}},"5":{"start":{"line":14,"column":6},"end":{"line":14,"column":19}},"6":{"start":{"line":18,"column":0},"end":{"line":18,"column":29}}},"fnMap":{"0":{"name":"currentLog","decl":{"start":{"line":6,"column":9},"end":{"line":6,"column":19}},"loc":{"start":{"line":6,"column":22},"end":{"line":16,"column":1}},"line":6}},"branchMap":{"0":{"loc":{"start":{"line":7,"column":14},"end":{"line":7,"column":107}},"type":"cond-expr","locations":[{"start":{"line":7,"column":67},"end":{"line":7,"column":79}},{"start":{"line":7,"column":82},"end":{"line":7,"column":107}}],"line":7},"1":{"loc":{"start":{"line":7,"column":14},"end":{"line":7,"column":64}},"type":"binary-expr","locations":[{"start":{"line":7,"column":14},"end":{"line":7,"column":34}},{"start":{"line":7,"column":38},"end":{"line":7,"column":64}}],"line":7},"2":{"loc":{"start":{"line":10,"column":2},"end":{"line":15,"column":3}},"type":"switch","locations":[{"start":{"line":11,"column":4},"end":{"line":12,"column":24}},{"start":{"line":13,"column":4},"end":{"line":14,"column":19}}],"line":10}},"s":{"0":1,"1":3,"2":3,"3":3,"4":0,"5":3,"6":1},"f":{"0":3},"b":{"0":[0,3],"1":[3,3],"2":[0,3]},"_coverageSchema":"332fd63041d2c1bcb487cc26dd0d5f7d97098a6c","hash":"ef9a2b9321a1c9f4a1919d716a445e484afb135f","contentHash":"efce651b5346c706a52a7214e289879d_11.0.2"},"/home/simon/workspace/gitmaster/client/reducers/activeItem.js":{"path":"/home/simon/workspace/gitmaster/client/reducers/activeItem.js","statementMap":{"0":{"start":{"line":3,"column":0},"end":{"line":5,"column":3}},"1":{"start":{"line":7,"column":14},"end":{"line":7,"column":84}},"2":{"start":{"line":8,"column":15},"end":{"line":8,"column":27}},"3":{"start":{"line":10,"column":2},"end":{"line":17,"column":3}},"4":{"start":{"line":12,"column":6},"end":{"line":12,"column":25}},"5":{"start":{"line":14,"column":6},"end":{"line":14,"column":16}},"6":{"start":{"line":16,"column":6},"end":{"line":16,"column":19}},"7":{"start":{"line":20,"column":0},"end":{"line":20,"column":29}}},"fnMap":{"0":{"name":"activeItem","decl":{"start":{"line":6,"column":9},"end":{"line":6,"column":19}},"loc":{"start":{"line":6,"column":22},"end":{"line":18,"column":1}},"line":6}},"branchMap":{"0":{"loc":{"start":{"line":7,"column":14},"end":{"line":7,"column":84}},"type":"cond-expr","locations":[{"start":{"line":7,"column":67},"end":{"line":7,"column":79}},{"start":{"line":7,"column":82},"end":{"line":7,"column":84}}],"line":7},"1":{"loc":{"start":{"line":7,"column":14},"end":{"line":7,"column":64}},"type":"binary-expr","locations":[{"start":{"line":7,"column":14},"end":{"line":7,"column":34}},{"start":{"line":7,"column":38},"end":{"line":7,"column":64}}],"line":7},"2":{"loc":{"start":{"line":10,"column":2},"end":{"line":17,"column":3}},"type":"switch","locations":[{"start":{"line":11,"column":4},"end":{"line":12,"column":25}},{"start":{"line":13,"column":4},"end":{"line":14,"column":16}},{"start":{"line":15,"column":4},"end":{"line":16,"column":19}}],"line":10}},"s":{"0":1,"1":3,"2":3,"3":3,"4":0,"5":0,"6":3,"7":1},"f":{"0":3},"b":{"0":[0,3],"1":[3,3],"2":[0,0,3]},"_coverageSchema":"332fd63041d2c1bcb487cc26dd0d5f7d97098a6c","hash":"68c2840750028ae1f13bcf34dff80c5ecbf7ef42","contentHash":"fb3b25d3c3e80f0f54e5400aff0ceba7_11.0.2"},"/home/simon/workspace/gitmaster/client/reducers/authorised.js":{"path":"/home/simon/workspace/gitmaster/client/reducers/authorised.js","statementMap":{"0":{"start":{"line":3,"column":0},"end":{"line":5,"column":3}},"1":{"start":{"line":7,"column":14},"end":{"line":7,"column":87}},"2":{"start":{"line":8,"column":15},"end":{"line":8,"column":27}},"3":{"start":{"line":10,"column":2},"end":{"line":15,"column":3}},"4":{"start":{"line":12,"column":6},"end":{"line":12,"column":18}},"5":{"start":{"line":14,"column":6},"end":{"line":14,"column":19}},"6":{"start":{"line":18,"column":0},"end":{"line":18,"column":29}}},"fnMap":{"0":{"name":"authorised","decl":{"start":{"line":6,"column":9},"end":{"line":6,"column":19}},"loc":{"start":{"line":6,"column":22},"end":{"line":16,"column":1}},"line":6}},"branchMap":{"0":{"loc":{"start":{"line":7,"column":14},"end":{"line":7,"column":87}},"type":"cond-expr","locations":[{"start":{"line":7,"column":67},"end":{"line":7,"column":79}},{"start":{"line":7,"column":82},"end":{"line":7,"column":87}}],"line":7},"1":{"loc":{"start":{"line":7,"column":14},"end":{"line":7,"column":64}},"type":"binary-expr","locations":[{"start":{"line":7,"column":14},"end":{"line":7,"column":34}},{"start":{"line":7,"column":38},"end":{"line":7,"column":64}}],"line":7},"2":{"loc":{"start":{"line":10,"column":2},"end":{"line":15,"column":3}},"type":"switch","locations":[{"start":{"line":11,"column":4},"end":{"line":12,"column":18}},{"start":{"line":13,"column":4},"end":{"line":14,"column":19}}],"line":10}},"s":{"0":1,"1":3,"2":3,"3":3,"4":0,"5":3,"6":1},"f":{"0":3},"b":{"0":[0,3],"1":[3,3],"2":[0,3]},"_coverageSchema":"332fd63041d2c1bcb487cc26dd0d5f7d97098a6c","hash":"692e0b7153620432dddd30affbf6a14af2080b9d","contentHash":"eb78a6a672fff3491c602bcffe50cdcd_11.0.2"},"/home/simon/workspace/gitmaster/client/components/game/items/Skull.js":{"path":"/home/simon/workspace/gitmaster/client/components/game/items/Skull.js","statementMap":{"0":{"start":{"line":3,"column":0},"end":{"line":5,"column":3}},"1":{"start":{"line":7,"column":22},"end":{"line":7,"column":48}},"2":{"start":{"line":9,"column":22},"end":{"line":9,"column":61}},"3":{"start":{"line":11,"column":39},"end":{"line":11,"column":93}},"4":{"start":{"line":13,"column":50},"end":{"line":13,"column":151}},"5":{"start":{"line":13,"column":92},"end":{"line":13,"column":149}},"6":{"start":{"line":15,"column":50},"end":{"line":15,"column":151}},"7":{"start":{"line":15,"column":63},"end":{"line":15,"column":149}},"8":{"start":{"line":15,"column":152},"end":{"line":15,"column":238}},"9":{"start":{"line":17,"column":43},"end":{"line":17,"column":208}},"10":{"start":{"line":17,"column":106},"end":{"line":17,"column":206}},"11":{"start":{"line":17,"column":209},"end":{"line":17,"column":373}},"12":{"start":{"line":17,"column":374},"end":{"line":17,"column":492}},"13":{"start":{"line":17,"column":390},"end":{"line":17,"column":492}},"14":{"start":{"line":19,"column":12},"end":{"line":50,"column":26}},"15":{"start":{"line":20,"column":2},"end":{"line":20,"column":35}},"16":{"start":{"line":23,"column":4},"end":{"line":23,"column":33}},"17":{"start":{"line":25,"column":16},"end":{"line":25,"column":120}},"18":{"start":{"line":27,"column":4},"end":{"line":27,"column":41}},"19":{"start":{"line":28,"column":4},"end":{"line":28,"column":57}},"20":{"start":{"line":29,"column":4},"end":{"line":29,"column":25}},"21":{"start":{"line":30,"column":4},"end":{"line":37,"column":6}},"22":{"start":{"line":38,"column":4},"end":{"line":45,"column":6}},"23":{"start":{"line":46,"column":4},"end":{"line":46,"column":17}},"24":{"start":{"line":49,"column":2},"end":{"line":49,"column":15}},"25":{"start":{"line":52,"column":0},"end":{"line":52,"column":24}}},"fnMap":{"0":{"name":"_interopRequireDefault","decl":{"start":{"line":11,"column":9},"end":{"line":11,"column":31}},"loc":{"start":{"line":11,"column":37},"end":{"line":11,"column":95}},"line":11},"1":{"name":"_classCallCheck","decl":{"start":{"line":13,"column":9},"end":{"line":13,"column":24}},"loc":{"start":{"line":13,"column":48},"end":{"line":13,"column":153}},"line":13},"2":{"name":"_possibleConstructorReturn","decl":{"start":{"line":15,"column":9},"end":{"line":15,"column":35}},"loc":{"start":{"line":15,"column":48},"end":{"line":15,"column":240}},"line":15},"3":{"name":"_inherits","decl":{"start":{"line":17,"column":9},"end":{"line":17,"column":18}},"loc":{"start":{"line":17,"column":41},"end":{"line":17,"column":494}},"line":17},"4":{"name":"(anonymous_4)","decl":{"start":{"line":19,"column":12},"end":{"line":19,"column":13}},"loc":{"start":{"line":19,"column":38},"end":{"line":50,"column":1}},"line":19},"5":{"name":"Skull","decl":{"start":{"line":22,"column":11},"end":{"line":22,"column":16}},"loc":{"start":{"line":22,"column":27},"end":{"line":47,"column":3}},"line":22}},"branchMap":{"0":{"loc":{"start":{"line":11,"column":46},"end":{"line":11,"column":92}},"type":"cond-expr","locations":[{"start":{"line":11,"column":70},"end":{"line":11,"column":73}},{"start":{"line":11,"column":76},"end":{"line":11,"column":92}}],"line":11},"1":{"loc":{"start":{"line":11,"column":46},"end":{"line":11,"column":67}},"type":"binary-expr","locations":[{"start":{"line":11,"column":46},"end":{"line":11,"column":49}},{"start":{"line":11,"column":53},"end":{"line":11,"column":67}}],"line":11},"2":{"loc":{"start":{"line":13,"column":50},"end":{"line":13,"column":151}},"type":"if","locations":[{"start":{"line":13,"column":50},"end":{"line":13,"column":151}},{"start":{"line":13,"column":50},"end":{"line":13,"column":151}}],"line":13},"3":{"loc":{"start":{"line":15,"column":50},"end":{"line":15,"column":151}},"type":"if","locations":[{"start":{"line":15,"column":50},"end":{"line":15,"column":151}},{"start":{"line":15,"column":50},"end":{"line":15,"column":151}}],"line":15},"4":{"loc":{"start":{"line":15,"column":159},"end":{"line":15,"column":237}},"type":"cond-expr","locations":[{"start":{"line":15,"column":226},"end":{"line":15,"column":230}},{"start":{"line":15,"column":233},"end":{"line":15,"column":237}}],"line":15},"5":{"loc":{"start":{"line":15,"column":159},"end":{"line":15,"column":223}},"type":"binary-expr","locations":[{"start":{"line":15,"column":159},"end":{"line":15,"column":163}},{"start":{"line":15,"column":168},"end":{"line":15,"column":192}},{"start":{"line":15,"column":196},"end":{"line":15,"column":222}}],"line":15},"6":{"loc":{"start":{"line":17,"column":43},"end":{"line":17,"column":208}},"type":"if","locations":[{"start":{"line":17,"column":43},"end":{"line":17,"column":208}},{"start":{"line":17,"column":43},"end":{"line":17,"column":208}}],"line":17},"7":{"loc":{"start":{"line":17,"column":47},"end":{"line":17,"column":102}},"type":"binary-expr","locations":[{"start":{"line":17,"column":47},"end":{"line":17,"column":79}},{"start":{"line":17,"column":83},"end":{"line":17,"column":102}}],"line":17},"8":{"loc":{"start":{"line":17,"column":244},"end":{"line":17,"column":278}},"type":"binary-expr","locations":[{"start":{"line":17,"column":244},"end":{"line":17,"column":254}},{"start":{"line":17,"column":258},"end":{"line":17,"column":278}}],"line":17},"9":{"loc":{"start":{"line":17,"column":374},"end":{"line":17,"column":492}},"type":"if","locations":[{"start":{"line":17,"column":374},"end":{"line":17,"column":492}},{"start":{"line":17,"column":374},"end":{"line":17,"column":492}}],"line":17},"10":{"loc":{"start":{"line":17,"column":390},"end":{"line":17,"column":491}},"type":"cond-expr","locations":[{"start":{"line":17,"column":414},"end":{"line":17,"column":457}},{"start":{"line":17,"column":460},"end":{"line":17,"column":491}}],"line":17},"11":{"loc":{"start":{"line":25,"column":50},"end":{"line":25,"column":97}},"type":"binary-expr","locations":[{"start":{"line":25,"column":50},"end":{"line":25,"column":65}},{"start":{"line":25,"column":69},"end":{"line":25,"column":97}}],"line":25}},"s":{"0":1,"1":1,"2":1,"3":1,"4":4,"5":0,"6":4,"7":0,"8":4,"9":1,"10":0,"11":1,"12":1,"13":1,"14":1,"15":1,"16":4,"17":4,"18":4,"19":4,"20":4,"21":4,"22":4,"23":4,"24":1,"25":1},"f":{"0":1,"1":4,"2":4,"3":1,"4":1,"5":4},"b":{"0":[1,0],"1":[1,1],"2":[0,4],"3":[0,4],"4":[4,0],"5":[4,4,0],"6":[0,1],"7":[1,0],"8":[1,1],"9":[1,0],"10":[1,0],"11":[4,0]},"_coverageSchema":"332fd63041d2c1bcb487cc26dd0d5f7d97098a6c","hash":"efbe83c886c776d50693434731eff8092f0417d1","contentHash":"9972b06bcb0acd7fb0b1e59811b77fb1_11.0.2"},"/home/simon/workspace/gitmaster/client/components/game/items/InventoryItem.js":{"path":"/home/simon/workspace/gitmaster/client/components/game/items/InventoryItem.js","statementMap":{"0":{"start":{"line":3,"column":0},"end":{"line":5,"column":3}},"1":{"start":{"line":7,"column":19},"end":{"line":7,"column":563}},"2":{"start":{"line":7,"column":76},"end":{"line":7,"column":347}},"3":{"start":{"line":7,"column":134},"end":{"line":7,"column":142}},"4":{"start":{"line":7,"column":144},"end":{"line":7,"column":199}},"5":{"start":{"line":7,"column":200},"end":{"line":7,"column":231}},"6":{"start":{"line":7,"column":232},"end":{"line":7,"column":286}},"7":{"start":{"line":7,"column":259},"end":{"line":7,"column":286}},"8":{"start":{"line":7,"column":287},"end":{"line":7,"column":345}},"9":{"start":{"line":7,"column":350},"end":{"line":7,"column":559}},"10":{"start":{"line":7,"column":407},"end":{"line":7,"column":475}},"11":{"start":{"line":7,"column":423},"end":{"line":7,"column":475}},"12":{"start":{"line":7,"column":476},"end":{"line":7,"column":536}},"13":{"start":{"line":7,"column":493},"end":{"line":7,"column":536}},"14":{"start":{"line":7,"column":537},"end":{"line":7,"column":556}},"15":{"start":{"line":9,"column":11},"end":{"line":9,"column":490}},"16":{"start":{"line":9,"column":54},"end":{"line":9,"column":103}},"17":{"start":{"line":9,"column":75},"end":{"line":9,"column":103}},"18":{"start":{"line":9,"column":115},"end":{"line":9,"column":164}},"19":{"start":{"line":9,"column":166},"end":{"line":9,"column":488}},"20":{"start":{"line":9,"column":205},"end":{"line":9,"column":234}},"21":{"start":{"line":9,"column":236},"end":{"line":9,"column":327}},"22":{"start":{"line":9,"column":259},"end":{"line":9,"column":276}},"23":{"start":{"line":9,"column":286},"end":{"line":9,"column":325}},"24":{"start":{"line":9,"column":335},"end":{"line":9,"column":488}},"25":{"start":{"line":9,"column":358},"end":{"line":9,"column":376}},"26":{"start":{"line":9,"column":399},"end":{"line":9,"column":407}},"27":{"start":{"line":9,"column":409},"end":{"line":9,"column":456}},"28":{"start":{"line":9,"column":437},"end":{"line":9,"column":454}},"29":{"start":{"line":9,"column":457},"end":{"line":9,"column":486}},"30":{"start":{"line":11,"column":13},"end":{"line":11,"column":30}},"31":{"start":{"line":13,"column":13},"end":{"line":13,"column":43}},"32":{"start":{"line":15,"column":17},"end":{"line":15,"column":54}},"33":{"start":{"line":17,"column":18},"end":{"line":17,"column":56}},"34":{"start":{"line":19,"column":39},"end":{"line":19,"column":93}},"35":{"start":{"line":21,"column":50},"end":{"line":21,"column":151}},"36":{"start":{"line":21,"column":92},"end":{"line":21,"column":149}},"37":{"start":{"line":23,"column":50},"end":{"line":23,"column":151}},"38":{"start":{"line":23,"column":63},"end":{"line":23,"column":149}},"39":{"start":{"line":23,"column":152},"end":{"line":23,"column":238}},"40":{"start":{"line":25,"column":43},"end":{"line":25,"column":208}},"41":{"start":{"line":25,"column":106},"end":{"line":25,"column":206}},"42":{"start":{"line":25,"column":209},"end":{"line":25,"column":373}},"43":{"start":{"line":25,"column":374},"end":{"line":25,"column":492}},"44":{"start":{"line":25,"column":390},"end":{"line":25,"column":492}},"45":{"start":{"line":27,"column":20},"end":{"line":55,"column":17}},"46":{"start":{"line":28,"column":2},"end":{"line":28,"column":34}},"47":{"start":{"line":31,"column":4},"end":{"line":31,"column":41}},"48":{"start":{"line":33,"column":4},"end":{"line":33,"column":132}},"49":{"start":{"line":36,"column":2},"end":{"line":52,"column":6}},"50":{"start":{"line":39,"column":6},"end":{"line":39,"column":52}},"51":{"start":{"line":40,"column":6},"end":{"line":40,"column":127}},"52":{"start":{"line":46,"column":6},"end":{"line":50,"column":7}},"53":{"start":{"line":47,"column":8},"end":{"line":47,"column":57}},"54":{"start":{"line":49,"column":8},"end":{"line":49,"column":64}},"55":{"start":{"line":54,"column":2},"end":{"line":54,"column":23}},"56":{"start":{"line":57,"column":0},"end":{"line":57,"column":32}}},"fnMap":{"0":{"name":"(anonymous_0)","decl":{"start":{"line":7,"column":19},"end":{"line":7,"column":20}},"loc":{"start":{"line":7,"column":31},"end":{"line":7,"column":561}},"line":7},"1":{"name":"defineProperties","decl":{"start":{"line":7,"column":42},"end":{"line":7,"column":58}},"loc":{"start":{"line":7,"column":74},"end":{"line":7,"column":349}},"line":7},"2":{"name":"(anonymous_2)","decl":{"start":{"line":7,"column":357},"end":{"line":7,"column":358}},"loc":{"start":{"line":7,"column":405},"end":{"line":7,"column":558}},"line":7},"3":{"name":"get","decl":{"start":{"line":9,"column":20},"end":{"line":9,"column":23}},"loc":{"start":{"line":9,"column":52},"end":{"line":9,"column":490}},"line":9},"4":{"name":"_interopRequireDefault","decl":{"start":{"line":19,"column":9},"end":{"line":19,"column":31}},"loc":{"start":{"line":19,"column":37},"end":{"line":19,"column":95}},"line":19},"5":{"name":"_classCallCheck","decl":{"start":{"line":21,"column":9},"end":{"line":21,"column":24}},"loc":{"start":{"line":21,"column":48},"end":{"line":21,"column":153}},"line":21},"6":{"name":"_possibleConstructorReturn","decl":{"start":{"line":23,"column":9},"end":{"line":23,"column":35}},"loc":{"start":{"line":23,"column":48},"end":{"line":23,"column":240}},"line":23},"7":{"name":"_inherits","decl":{"start":{"line":25,"column":9},"end":{"line":25,"column":18}},"loc":{"start":{"line":25,"column":41},"end":{"line":25,"column":494}},"line":25},"8":{"name":"(anonymous_8)","decl":{"start":{"line":27,"column":20},"end":{"line":27,"column":21}},"loc":{"start":{"line":27,"column":37},"end":{"line":55,"column":1}},"line":27},"9":{"name":"InventoryItem","decl":{"start":{"line":30,"column":11},"end":{"line":30,"column":24}},"loc":{"start":{"line":30,"column":35},"end":{"line":34,"column":3}},"line":30},"10":{"name":"mouseClick","decl":{"start":{"line":38,"column":20},"end":{"line":38,"column":30}},"loc":{"start":{"line":38,"column":33},"end":{"line":41,"column":5}},"line":38},"11":{"name":"toggleActive","decl":{"start":{"line":44,"column":20},"end":{"line":44,"column":32}},"loc":{"start":{"line":44,"column":48},"end":{"line":51,"column":5}},"line":44}},"branchMap":{"0":{"loc":{"start":{"line":7,"column":168},"end":{"line":7,"column":198}},"type":"binary-expr","locations":[{"start":{"line":7,"column":168},"end":{"line":7,"column":189}},{"start":{"line":7,"column":193},"end":{"line":7,"column":198}}],"line":7},"1":{"loc":{"start":{"line":7,"column":232},"end":{"line":7,"column":286}},"type":"if","locations":[{"start":{"line":7,"column":232},"end":{"line":7,"column":286}},{"start":{"line":7,"column":232},"end":{"line":7,"column":286}}],"line":7},"2":{"loc":{"start":{"line":7,"column":407},"end":{"line":7,"column":475}},"type":"if","locations":[{"start":{"line":7,"column":407},"end":{"line":7,"column":475}},{"start":{"line":7,"column":407},"end":{"line":7,"column":475}}],"line":7},"3":{"loc":{"start":{"line":7,"column":476},"end":{"line":7,"column":536}},"type":"if","locations":[{"start":{"line":7,"column":476},"end":{"line":7,"column":536}},{"start":{"line":7,"column":476},"end":{"line":7,"column":536}}],"line":7},"4":{"loc":{"start":{"line":9,"column":54},"end":{"line":9,"column":103}},"type":"if","locations":[{"start":{"line":9,"column":54},"end":{"line":9,"column":103}},{"start":{"line":9,"column":54},"end":{"line":9,"column":103}}],"line":9},"5":{"loc":{"start":{"line":9,"column":166},"end":{"line":9,"column":488}},"type":"if","locations":[{"start":{"line":9,"column":166},"end":{"line":9,"column":488}},{"start":{"line":9,"column":166},"end":{"line":9,"column":488}}],"line":9},"6":{"loc":{"start":{"line":9,"column":236},"end":{"line":9,"column":327}},"type":"if","locations":[{"start":{"line":9,"column":236},"end":{"line":9,"column":327}},{"start":{"line":9,"column":236},"end":{"line":9,"column":327}}],"line":9},"7":{"loc":{"start":{"line":9,"column":335},"end":{"line":9,"column":488}},"type":"if","locations":[{"start":{"line":9,"column":335},"end":{"line":9,"column":488}},{"start":{"line":9,"column":335},"end":{"line":9,"column":488}}],"line":9},"8":{"loc":{"start":{"line":9,"column":409},"end":{"line":9,"column":456}},"type":"if","locations":[{"start":{"line":9,"column":409},"end":{"line":9,"column":456}},{"start":{"line":9,"column":409},"end":{"line":9,"column":456}}],"line":9},"9":{"loc":{"start":{"line":19,"column":46},"end":{"line":19,"column":92}},"type":"cond-expr","locations":[{"start":{"line":19,"column":70},"end":{"line":19,"column":73}},{"start":{"line":19,"column":76},"end":{"line":19,"column":92}}],"line":19},"10":{"loc":{"start":{"line":19,"column":46},"end":{"line":19,"column":67}},"type":"binary-expr","locations":[{"start":{"line":19,"column":46},"end":{"line":19,"column":49}},{"start":{"line":19,"column":53},"end":{"line":19,"column":67}}],"line":19},"11":{"loc":{"start":{"line":21,"column":50},"end":{"line":21,"column":151}},"type":"if","locations":[{"start":{"line":21,"column":50},"end":{"line":21,"column":151}},{"start":{"line":21,"column":50},"end":{"line":21,"column":151}}],"line":21},"12":{"loc":{"start":{"line":23,"column":50},"end":{"line":23,"column":151}},"type":"if","locations":[{"start":{"line":23,"column":50},"end":{"line":23,"column":151}},{"start":{"line":23,"column":50},"end":{"line":23,"column":151}}],"line":23},"13":{"loc":{"start":{"line":23,"column":159},"end":{"line":23,"column":237}},"type":"cond-expr","locations":[{"start":{"line":23,"column":226},"end":{"line":23,"column":230}},{"start":{"line":23,"column":233},"end":{"line":23,"column":237}}],"line":23},"14":{"loc":{"start":{"line":23,"column":159},"end":{"line":23,"column":223}},"type":"binary-expr","locations":[{"start":{"line":23,"column":159},"end":{"line":23,"column":163}},{"start":{"line":23,"column":168},"end":{"line":23,"column":192}},{"start":{"line":23,"column":196},"end":{"line":23,"column":222}}],"line":23},"15":{"loc":{"start":{"line":25,"column":43},"end":{"line":25,"column":208}},"type":"if","locations":[{"start":{"line":25,"column":43},"end":{"line":25,"column":208}},{"start":{"line":25,"column":43},"end":{"line":25,"column":208}}],"line":25},"16":{"loc":{"start":{"line":25,"column":47},"end":{"line":25,"column":102}},"type":"binary-expr","locations":[{"start":{"line":25,"column":47},"end":{"line":25,"column":79}},{"start":{"line":25,"column":83},"end":{"line":25,"column":102}}],"line":25},"17":{"loc":{"start":{"line":25,"column":244},"end":{"line":25,"column":278}},"type":"binary-expr","locations":[{"start":{"line":25,"column":244},"end":{"line":25,"column":254}},{"start":{"line":25,"column":258},"end":{"line":25,"column":278}}],"line":25},"18":{"loc":{"start":{"line":25,"column":374},"end":{"line":25,"column":492}},"type":"if","locations":[{"start":{"line":25,"column":374},"end":{"line":25,"column":492}},{"start":{"line":25,"column":374},"end":{"line":25,"column":492}}],"line":25},"19":{"loc":{"start":{"line":25,"column":390},"end":{"line":25,"column":491}},"type":"cond-expr","locations":[{"start":{"line":25,"column":414},"end":{"line":25,"column":457}},{"start":{"line":25,"column":460},"end":{"line":25,"column":491}}],"line":25},"20":{"loc":{"start":{"line":33,"column":45},"end":{"line":33,"column":108}},"type":"binary-expr","locations":[{"start":{"line":33,"column":45},"end":{"line":33,"column":68}},{"start":{"line":33,"column":72},"end":{"line":33,"column":108}}],"line":33},"21":{"loc":{"start":{"line":40,"column":11},"end":{"line":40,"column":94}},"type":"binary-expr","locations":[{"start":{"line":40,"column":11},"end":{"line":40,"column":44}},{"start":{"line":40,"column":48},"end":{"line":40,"column":94}}],"line":40},"22":{"loc":{"start":{"line":46,"column":6},"end":{"line":50,"column":7}},"type":"if","locations":[{"start":{"line":46,"column":6},"end":{"line":50,"column":7}},{"start":{"line":46,"column":6},"end":{"line":50,"column":7}}],"line":46}},"s":{"0":1,"1":1,"2":1,"3":2,"4":2,"5":2,"6":2,"7":2,"8":2,"9":1,"10":1,"11":1,"12":1,"13":0,"14":1,"15":1,"16":0,"17":0,"18":0,"19":0,"20":0,"21":0,"22":0,"23":0,"24":0,"25":0,"26":0,"27":0,"28":0,"29":0,"30":1,"31":1,"32":1,"33":1,"34":1,"35":8,"36":0,"37":8,"38":0,"39":8,"40":1,"41":0,"42":1,"43":1,"44":1,"45":1,"46":1,"47":8,"48":8,"49":1,"50":0,"51":0,"52":0,"53":0,"54":0,"55":1,"56":1},"f":{"0":1,"1":1,"2":1,"3":0,"4":1,"5":8,"6":8,"7":1,"8":1,"9":8,"10":0,"11":0},"b":{"0":[2,2],"1":[2,0],"2":[1,0],"3":[0,1],"4":[0,0],"5":[0,0],"6":[0,0],"7":[0,0],"8":[0,0],"9":[1,0],"10":[1,1],"11":[0,8],"12":[0,8],"13":[0,8],"14":[8,0,0],"15":[0,1],"16":[1,0],"17":[1,1],"18":[1,0],"19":[1,0],"20":[8,0],"21":[0,0],"22":[0,0]},"_coverageSchema":"332fd63041d2c1bcb487cc26dd0d5f7d97098a6c","hash":"ae4fac1d045d8c6f6e010096a9a7e8658006f9e3","contentHash":"ca79416e27f93896980bb6325a5d323f_11.0.2"},"/home/simon/workspace/gitmaster/client/components/game/items/Item.js":{"path":"/home/simon/workspace/gitmaster/client/components/game/items/Item.js","statementMap":{"0":{"start":{"line":3,"column":0},"end":{"line":5,"column":3}},"1":{"start":{"line":7,"column":19},"end":{"line":7,"column":563}},"2":{"start":{"line":7,"column":76},"end":{"line":7,"column":347}},"3":{"start":{"line":7,"column":134},"end":{"line":7,"column":142}},"4":{"start":{"line":7,"column":144},"end":{"line":7,"column":199}},"5":{"start":{"line":7,"column":200},"end":{"line":7,"column":231}},"6":{"start":{"line":7,"column":232},"end":{"line":7,"column":286}},"7":{"start":{"line":7,"column":259},"end":{"line":7,"column":286}},"8":{"start":{"line":7,"column":287},"end":{"line":7,"column":345}},"9":{"start":{"line":7,"column":350},"end":{"line":7,"column":559}},"10":{"start":{"line":7,"column":407},"end":{"line":7,"column":475}},"11":{"start":{"line":7,"column":423},"end":{"line":7,"column":475}},"12":{"start":{"line":7,"column":476},"end":{"line":7,"column":536}},"13":{"start":{"line":7,"column":493},"end":{"line":7,"column":536}},"14":{"start":{"line":7,"column":537},"end":{"line":7,"column":556}},"15":{"start":{"line":9,"column":18},"end":{"line":9,"column":56}},"16":{"start":{"line":11,"column":18},"end":{"line":11,"column":56}},"17":{"start":{"line":13,"column":50},"end":{"line":13,"column":151}},"18":{"start":{"line":13,"column":92},"end":{"line":13,"column":149}},"19":{"start":{"line":15,"column":11},"end":{"line":41,"column":3}},"20":{"start":{"line":17,"column":4},"end":{"line":17,"column":32}},"21":{"start":{"line":19,"column":4},"end":{"line":19,"column":29}},"22":{"start":{"line":22,"column":2},"end":{"line":38,"column":6}},"23":{"start":{"line":25,"column":6},"end":{"line":25,"column":60}},"24":{"start":{"line":26,"column":6},"end":{"line":26,"column":58}},"25":{"start":{"line":40,"column":2},"end":{"line":40,"column":14}},"26":{"start":{"line":43,"column":0},"end":{"line":43,"column":23}}},"fnMap":{"0":{"name":"(anonymous_0)","decl":{"start":{"line":7,"column":19},"end":{"line":7,"column":20}},"loc":{"start":{"line":7,"column":31},"end":{"line":7,"column":561}},"line":7},"1":{"name":"defineProperties","decl":{"start":{"line":7,"column":42},"end":{"line":7,"column":58}},"loc":{"start":{"line":7,"column":74},"end":{"line":7,"column":349}},"line":7},"2":{"name":"(anonymous_2)","decl":{"start":{"line":7,"column":357},"end":{"line":7,"column":358}},"loc":{"start":{"line":7,"column":405},"end":{"line":7,"column":558}},"line":7},"3":{"name":"_classCallCheck","decl":{"start":{"line":13,"column":9},"end":{"line":13,"column":24}},"loc":{"start":{"line":13,"column":48},"end":{"line":13,"column":153}},"line":13},"4":{"name":"(anonymous_4)","decl":{"start":{"line":15,"column":11},"end":{"line":15,"column":12}},"loc":{"start":{"line":15,"column":23},"end":{"line":41,"column":1}},"line":15},"5":{"name":"Item","decl":{"start":{"line":16,"column":11},"end":{"line":16,"column":15}},"loc":{"start":{"line":16,"column":26},"end":{"line":20,"column":3}},"line":16},"6":{"name":"mouseClick","decl":{"start":{"line":24,"column":20},"end":{"line":24,"column":30}},"loc":{"start":{"line":24,"column":33},"end":{"line":27,"column":5}},"line":24},"7":{"name":"mouseOver","decl":{"start":{"line":30,"column":20},"end":{"line":30,"column":29}},"loc":{"start":{"line":30,"column":32},"end":{"line":32,"column":5}},"line":30},"8":{"name":"mouseOff","decl":{"start":{"line":35,"column":20},"end":{"line":35,"column":28}},"loc":{"start":{"line":35,"column":31},"end":{"line":37,"column":5}},"line":35}},"branchMap":{"0":{"loc":{"start":{"line":7,"column":168},"end":{"line":7,"column":198}},"type":"binary-expr","locations":[{"start":{"line":7,"column":168},"end":{"line":7,"column":189}},{"start":{"line":7,"column":193},"end":{"line":7,"column":198}}],"line":7},"1":{"loc":{"start":{"line":7,"column":232},"end":{"line":7,"column":286}},"type":"if","locations":[{"start":{"line":7,"column":232},"end":{"line":7,"column":286}},{"start":{"line":7,"column":232},"end":{"line":7,"column":286}}],"line":7},"2":{"loc":{"start":{"line":7,"column":407},"end":{"line":7,"column":475}},"type":"if","locations":[{"start":{"line":7,"column":407},"end":{"line":7,"column":475}},{"start":{"line":7,"column":407},"end":{"line":7,"column":475}}],"line":7},"3":{"loc":{"start":{"line":7,"column":476},"end":{"line":7,"column":536}},"type":"if","locations":[{"start":{"line":7,"column":476},"end":{"line":7,"column":536}},{"start":{"line":7,"column":476},"end":{"line":7,"column":536}}],"line":7},"4":{"loc":{"start":{"line":13,"column":50},"end":{"line":13,"column":151}},"type":"if","locations":[{"start":{"line":13,"column":50},"end":{"line":13,"column":151}},{"start":{"line":13,"column":50},"end":{"line":13,"column":151}}],"line":13}},"s":{"0":1,"1":1,"2":1,"3":3,"4":3,"5":3,"6":3,"7":3,"8":3,"9":1,"10":1,"11":1,"12":1,"13":0,"14":1,"15":1,"16":1,"17":22,"18":0,"19":1,"20":22,"21":22,"22":1,"23":0,"24":0,"25":1,"26":1},"f":{"0":1,"1":1,"2":1,"3":22,"4":1,"5":22,"6":0,"7":0,"8":0},"b":{"0":[3,3],"1":[3,0],"2":[1,0],"3":[0,1],"4":[0,22]},"_coverageSchema":"332fd63041d2c1bcb487cc26dd0d5f7d97098a6c","hash":"12b6ccba4a208211db56dad71fdb70edc041a39f","contentHash":"8877c5a214333c36cd8c586fbcdee757_11.0.2"},"/home/simon/workspace/gitmaster/client/actions/worldItems.js":{"path":"/home/simon/workspace/gitmaster/client/actions/worldItems.js","statementMap":{"0":{"start":{"line":3,"column":0},"end":{"line":5,"column":3}},"1":{"start":{"line":6,"column":17},"end":{"line":11,"column":1}},"2":{"start":{"line":7,"column":2},"end":{"line":10,"column":4}}},"fnMap":{"0":{"name":"deleteItem","decl":{"start":{"line":6,"column":47},"end":{"line":6,"column":57}},"loc":{"start":{"line":6,"column":68},"end":{"line":11,"column":1}},"line":6}},"branchMap":{},"s":{"0":1,"1":1,"2":0},"f":{"0":0},"b":{},"_coverageSchema":"332fd63041d2c1bcb487cc26dd0d5f7d97098a6c","hash":"3f5313ddc2cdad6b9d162bcd648a7f724368f6e8","contentHash":"59ab75a15c0d8ef5f2bdb269aac7255e_11.0.2"},"/home/simon/workspace/gitmaster/client/actions/currentLog.js":{"path":"/home/simon/workspace/gitmaster/client/actions/currentLog.js","statementMap":{"0":{"start":{"line":3,"column":0},"end":{"line":5,"column":3}},"1":{"start":{"line":6,"column":16},"end":{"line":11,"column":1}},"2":{"start":{"line":7,"column":2},"end":{"line":10,"column":4}}},"fnMap":{"0":{"name":"updateLog","decl":{"start":{"line":6,"column":45},"end":{"line":6,"column":54}},"loc":{"start":{"line":6,"column":60},"end":{"line":11,"column":1}},"line":6}},"branchMap":{},"s":{"0":1,"1":1,"2":0},"f":{"0":0},"b":{},"_coverageSchema":"332fd63041d2c1bcb487cc26dd0d5f7d97098a6c","hash":"44ada881a01450189dea98436d0dfb2d96bb3c85","contentHash":"148e8766d332fdf45936182fc3500837_11.0.2"},"/home/simon/workspace/gitmaster/client/actions/inventory.js":{"path":"/home/simon/workspace/gitmaster/client/actions/inventory.js","statementMap":{"0":{"start":{"line":3,"column":0},"end":{"line":5,"column":3}},"1":{"start":{"line":6,"column":15},"end":{"line":11,"column":1}},"2":{"start":{"line":7,"column":2},"end":{"line":10,"column":4}},"3":{"start":{"line":13,"column":18},"end":{"line":18,"column":1}},"4":{"start":{"line":14,"column":2},"end":{"line":17,"column":4}}},"fnMap":{"0":{"name":"addToInv","decl":{"start":{"line":6,"column":43},"end":{"line":6,"column":51}},"loc":{"start":{"line":6,"column":58},"end":{"line":11,"column":1}},"line":6},"1":{"name":"dropFromInv","decl":{"start":{"line":13,"column":49},"end":{"line":13,"column":60}},"loc":{"start":{"line":13,"column":67},"end":{"line":18,"column":1}},"line":13}},"branchMap":{},"s":{"0":1,"1":1,"2":0,"3":1,"4":0},"f":{"0":0,"1":0},"b":{},"_coverageSchema":"332fd63041d2c1bcb487cc26dd0d5f7d97098a6c","hash":"77518724f0a5a88d1923ec7e64b30f69f021a7df","contentHash":"d6523693949ddb4f96e09bfba2fe875a_11.0.2"},"/home/simon/workspace/gitmaster/client/actions/activeItem.js":{"path":"/home/simon/workspace/gitmaster/client/actions/activeItem.js","statementMap":{"0":{"start":{"line":3,"column":0},"end":{"line":5,"column":3}},"1":{"start":{"line":6,"column":19},"end":{"line":11,"column":1}},"2":{"start":{"line":7,"column":2},"end":{"line":10,"column":4}},"3":{"start":{"line":13,"column":21},"end":{"line":18,"column":1}},"4":{"start":{"line":14,"column":2},"end":{"line":17,"column":4}}},"fnMap":{"0":{"name":"activateItem","decl":{"start":{"line":6,"column":51},"end":{"line":6,"column":63}},"loc":{"start":{"line":6,"column":70},"end":{"line":11,"column":1}},"line":6},"1":{"name":"deactivateItem","decl":{"start":{"line":13,"column":55},"end":{"line":13,"column":69}},"loc":{"start":{"line":13,"column":72},"end":{"line":18,"column":1}},"line":13}},"branchMap":{},"s":{"0":1,"1":1,"2":0,"3":1,"4":0},"f":{"0":0,"1":0},"b":{},"_coverageSchema":"332fd63041d2c1bcb487cc26dd0d5f7d97098a6c","hash":"e6f1c47375fcb2a19ff225fe5025a2fe56549229","contentHash":"7d2958fa89abf1d498973a28eb1db90c_11.0.2"},"/home/simon/workspace/gitmaster/client/components/game/items/Bucket.js":{"path":"/home/simon/workspace/gitmaster/client/components/game/items/Bucket.js","statementMap":{"0":{"start":{"line":3,"column":0},"end":{"line":5,"column":3}},"1":{"start":{"line":7,"column":22},"end":{"line":7,"column":48}},"2":{"start":{"line":9,"column":22},"end":{"line":9,"column":61}},"3":{"start":{"line":11,"column":39},"end":{"line":11,"column":93}},"4":{"start":{"line":13,"column":50},"end":{"line":13,"column":151}},"5":{"start":{"line":13,"column":92},"end":{"line":13,"column":149}},"6":{"start":{"line":15,"column":50},"end":{"line":15,"column":151}},"7":{"start":{"line":15,"column":63},"end":{"line":15,"column":149}},"8":{"start":{"line":15,"column":152},"end":{"line":15,"column":238}},"9":{"start":{"line":17,"column":43},"end":{"line":17,"column":208}},"10":{"start":{"line":17,"column":106},"end":{"line":17,"column":206}},"11":{"start":{"line":17,"column":209},"end":{"line":17,"column":373}},"12":{"start":{"line":17,"column":374},"end":{"line":17,"column":492}},"13":{"start":{"line":17,"column":390},"end":{"line":17,"column":492}},"14":{"start":{"line":19,"column":13},"end":{"line":50,"column":26}},"15":{"start":{"line":20,"column":2},"end":{"line":20,"column":36}},"16":{"start":{"line":23,"column":4},"end":{"line":23,"column":34}},"17":{"start":{"line":25,"column":16},"end":{"line":25,"column":122}},"18":{"start":{"line":27,"column":4},"end":{"line":27,"column":42}},"19":{"start":{"line":28,"column":4},"end":{"line":28,"column":103}},"20":{"start":{"line":29,"column":4},"end":{"line":29,"column":26}},"21":{"start":{"line":30,"column":4},"end":{"line":37,"column":6}},"22":{"start":{"line":38,"column":4},"end":{"line":45,"column":6}},"23":{"start":{"line":46,"column":4},"end":{"line":46,"column":17}},"24":{"start":{"line":49,"column":2},"end":{"line":49,"column":16}},"25":{"start":{"line":52,"column":0},"end":{"line":52,"column":25}}},"fnMap":{"0":{"name":"_interopRequireDefault","decl":{"start":{"line":11,"column":9},"end":{"line":11,"column":31}},"loc":{"start":{"line":11,"column":37},"end":{"line":11,"column":95}},"line":11},"1":{"name":"_classCallCheck","decl":{"start":{"line":13,"column":9},"end":{"line":13,"column":24}},"loc":{"start":{"line":13,"column":48},"end":{"line":13,"column":153}},"line":13},"2":{"name":"_possibleConstructorReturn","decl":{"start":{"line":15,"column":9},"end":{"line":15,"column":35}},"loc":{"start":{"line":15,"column":48},"end":{"line":15,"column":240}},"line":15},"3":{"name":"_inherits","decl":{"start":{"line":17,"column":9},"end":{"line":17,"column":18}},"loc":{"start":{"line":17,"column":41},"end":{"line":17,"column":494}},"line":17},"4":{"name":"(anonymous_4)","decl":{"start":{"line":19,"column":13},"end":{"line":19,"column":14}},"loc":{"start":{"line":19,"column":39},"end":{"line":50,"column":1}},"line":19},"5":{"name":"Bucket","decl":{"start":{"line":22,"column":11},"end":{"line":22,"column":17}},"loc":{"start":{"line":22,"column":28},"end":{"line":47,"column":3}},"line":22}},"branchMap":{"0":{"loc":{"start":{"line":11,"column":46},"end":{"line":11,"column":92}},"type":"cond-expr","locations":[{"start":{"line":11,"column":70},"end":{"line":11,"column":73}},{"start":{"line":11,"column":76},"end":{"line":11,"column":92}}],"line":11},"1":{"loc":{"start":{"line":11,"column":46},"end":{"line":11,"column":67}},"type":"binary-expr","locations":[{"start":{"line":11,"column":46},"end":{"line":11,"column":49}},{"start":{"line":11,"column":53},"end":{"line":11,"column":67}}],"line":11},"2":{"loc":{"start":{"line":13,"column":50},"end":{"line":13,"column":151}},"type":"if","locations":[{"start":{"line":13,"column":50},"end":{"line":13,"column":151}},{"start":{"line":13,"column":50},"end":{"line":13,"column":151}}],"line":13},"3":{"loc":{"start":{"line":15,"column":50},"end":{"line":15,"column":151}},"type":"if","locations":[{"start":{"line":15,"column":50},"end":{"line":15,"column":151}},{"start":{"line":15,"column":50},"end":{"line":15,"column":151}}],"line":15},"4":{"loc":{"start":{"line":15,"column":159},"end":{"line":15,"column":237}},"type":"cond-expr","locations":[{"start":{"line":15,"column":226},"end":{"line":15,"column":230}},{"start":{"line":15,"column":233},"end":{"line":15,"column":237}}],"line":15},"5":{"loc":{"start":{"line":15,"column":159},"end":{"line":15,"column":223}},"type":"binary-expr","locations":[{"start":{"line":15,"column":159},"end":{"line":15,"column":163}},{"start":{"line":15,"column":168},"end":{"line":15,"column":192}},{"start":{"line":15,"column":196},"end":{"line":15,"column":222}}],"line":15},"6":{"loc":{"start":{"line":17,"column":43},"end":{"line":17,"column":208}},"type":"if","locations":[{"start":{"line":17,"column":43},"end":{"line":17,"column":208}},{"start":{"line":17,"column":43},"end":{"line":17,"column":208}}],"line":17},"7":{"loc":{"start":{"line":17,"column":47},"end":{"line":17,"column":102}},"type":"binary-expr","locations":[{"start":{"line":17,"column":47},"end":{"line":17,"column":79}},{"start":{"line":17,"column":83},"end":{"line":17,"column":102}}],"line":17},"8":{"loc":{"start":{"line":17,"column":244},"end":{"line":17,"column":278}},"type":"binary-expr","locations":[{"start":{"line":17,"column":244},"end":{"line":17,"column":254}},{"start":{"line":17,"column":258},"end":{"line":17,"column":278}}],"line":17},"9":{"loc":{"start":{"line":17,"column":374},"end":{"line":17,"column":492}},"type":"if","locations":[{"start":{"line":17,"column":374},"end":{"line":17,"column":492}},{"start":{"line":17,"column":374},"end":{"line":17,"column":492}}],"line":17},"10":{"loc":{"start":{"line":17,"column":390},"end":{"line":17,"column":491}},"type":"cond-expr","locations":[{"start":{"line":17,"column":414},"end":{"line":17,"column":457}},{"start":{"line":17,"column":460},"end":{"line":17,"column":491}}],"line":17},"11":{"loc":{"start":{"line":25,"column":50},"end":{"line":25,"column":99}},"type":"binary-expr","locations":[{"start":{"line":25,"column":50},"end":{"line":25,"column":66}},{"start":{"line":25,"column":70},"end":{"line":25,"column":99}}],"line":25}},"s":{"0":1,"1":1,"2":1,"3":1,"4":4,"5":0,"6":4,"7":0,"8":4,"9":1,"10":0,"11":1,"12":1,"13":1,"14":1,"15":1,"16":4,"17":4,"18":4,"19":4,"20":4,"21":4,"22":4,"23":4,"24":1,"25":1},"f":{"0":1,"1":4,"2":4,"3":1,"4":1,"5":4},"b":{"0":[1,0],"1":[1,1],"2":[0,4],"3":[0,4],"4":[4,0],"5":[4,4,0],"6":[0,1],"7":[1,0],"8":[1,1],"9":[1,0],"10":[1,0],"11":[4,0]},"_coverageSchema":"332fd63041d2c1bcb487cc26dd0d5f7d97098a6c","hash":"29bc97406289edbcf37a3f21e3898f9a72daf48c","contentHash":"5637a7ed934a81d0755af54346c5fb88_11.0.2"},"/home/simon/workspace/gitmaster/client/components/game/items/Brick.js":{"path":"/home/simon/workspace/gitmaster/client/components/game/items/Brick.js","statementMap":{"0":{"start":{"line":3,"column":0},"end":{"line":5,"column":3}},"1":{"start":{"line":7,"column":13},"end":{"line":7,"column":30}},"2":{"start":{"line":9,"column":13},"end":{"line":9,"column":43}},"3":{"start":{"line":11,"column":39},"end":{"line":11,"column":93}},"4":{"start":{"line":13,"column":50},"end":{"line":13,"column":151}},"5":{"start":{"line":13,"column":92},"end":{"line":13,"column":149}},"6":{"start":{"line":15,"column":50},"end":{"line":15,"column":151}},"7":{"start":{"line":15,"column":63},"end":{"line":15,"column":149}},"8":{"start":{"line":15,"column":152},"end":{"line":15,"column":238}},"9":{"start":{"line":17,"column":43},"end":{"line":17,"column":208}},"10":{"start":{"line":17,"column":106},"end":{"line":17,"column":206}},"11":{"start":{"line":17,"column":209},"end":{"line":17,"column":373}},"12":{"start":{"line":17,"column":374},"end":{"line":17,"column":492}},"13":{"start":{"line":17,"column":390},"end":{"line":17,"column":492}},"14":{"start":{"line":19,"column":12},"end":{"line":42,"column":17}},"15":{"start":{"line":20,"column":2},"end":{"line":20,"column":26}},"16":{"start":{"line":23,"column":4},"end":{"line":23,"column":33}},"17":{"start":{"line":25,"column":16},"end":{"line":25,"column":120}},"18":{"start":{"line":27,"column":4},"end":{"line":27,"column":41}},"19":{"start":{"line":28,"column":4},"end":{"line":28,"column":58}},"20":{"start":{"line":29,"column":4},"end":{"line":29,"column":25}},"21":{"start":{"line":30,"column":4},"end":{"line":37,"column":6}},"22":{"start":{"line":38,"column":4},"end":{"line":38,"column":17}},"23":{"start":{"line":41,"column":2},"end":{"line":41,"column":15}},"24":{"start":{"line":44,"column":0},"end":{"line":44,"column":24}}},"fnMap":{"0":{"name":"_interopRequireDefault","decl":{"start":{"line":11,"column":9},"end":{"line":11,"column":31}},"loc":{"start":{"line":11,"column":37},"end":{"line":11,"column":95}},"line":11},"1":{"name":"_classCallCheck","decl":{"start":{"line":13,"column":9},"end":{"line":13,"column":24}},"loc":{"start":{"line":13,"column":48},"end":{"line":13,"column":153}},"line":13},"2":{"name":"_possibleConstructorReturn","decl":{"start":{"line":15,"column":9},"end":{"line":15,"column":35}},"loc":{"start":{"line":15,"column":48},"end":{"line":15,"column":240}},"line":15},"3":{"name":"_inherits","decl":{"start":{"line":17,"column":9},"end":{"line":17,"column":18}},"loc":{"start":{"line":17,"column":41},"end":{"line":17,"column":494}},"line":17},"4":{"name":"(anonymous_4)","decl":{"start":{"line":19,"column":12},"end":{"line":19,"column":13}},"loc":{"start":{"line":19,"column":29},"end":{"line":42,"column":1}},"line":19},"5":{"name":"Brick","decl":{"start":{"line":22,"column":11},"end":{"line":22,"column":16}},"loc":{"start":{"line":22,"column":27},"end":{"line":39,"column":3}},"line":22}},"branchMap":{"0":{"loc":{"start":{"line":11,"column":46},"end":{"line":11,"column":92}},"type":"cond-expr","locations":[{"start":{"line":11,"column":70},"end":{"line":11,"column":73}},{"start":{"line":11,"column":76},"end":{"line":11,"column":92}}],"line":11},"1":{"loc":{"start":{"line":11,"column":46},"end":{"line":11,"column":67}},"type":"binary-expr","locations":[{"start":{"line":11,"column":46},"end":{"line":11,"column":49}},{"start":{"line":11,"column":53},"end":{"line":11,"column":67}}],"line":11},"2":{"loc":{"start":{"line":13,"column":50},"end":{"line":13,"column":151}},"type":"if","locations":[{"start":{"line":13,"column":50},"end":{"line":13,"column":151}},{"start":{"line":13,"column":50},"end":{"line":13,"column":151}}],"line":13},"3":{"loc":{"start":{"line":15,"column":50},"end":{"line":15,"column":151}},"type":"if","locations":[{"start":{"line":15,"column":50},"end":{"line":15,"column":151}},{"start":{"line":15,"column":50},"end":{"line":15,"column":151}}],"line":15},"4":{"loc":{"start":{"line":15,"column":159},"end":{"line":15,"column":237}},"type":"cond-expr","locations":[{"start":{"line":15,"column":226},"end":{"line":15,"column":230}},{"start":{"line":15,"column":233},"end":{"line":15,"column":237}}],"line":15},"5":{"loc":{"start":{"line":15,"column":159},"end":{"line":15,"column":223}},"type":"binary-expr","locations":[{"start":{"line":15,"column":159},"end":{"line":15,"column":163}},{"start":{"line":15,"column":168},"end":{"line":15,"column":192}},{"start":{"line":15,"column":196},"end":{"line":15,"column":222}}],"line":15},"6":{"loc":{"start":{"line":17,"column":43},"end":{"line":17,"column":208}},"type":"if","locations":[{"start":{"line":17,"column":43},"end":{"line":17,"column":208}},{"start":{"line":17,"column":43},"end":{"line":17,"column":208}}],"line":17},"7":{"loc":{"start":{"line":17,"column":47},"end":{"line":17,"column":102}},"type":"binary-expr","locations":[{"start":{"line":17,"column":47},"end":{"line":17,"column":79}},{"start":{"line":17,"column":83},"end":{"line":17,"column":102}}],"line":17},"8":{"loc":{"start":{"line":17,"column":244},"end":{"line":17,"column":278}},"type":"binary-expr","locations":[{"start":{"line":17,"column":244},"end":{"line":17,"column":254}},{"start":{"line":17,"column":258},"end":{"line":17,"column":278}}],"line":17},"9":{"loc":{"start":{"line":17,"column":374},"end":{"line":17,"column":492}},"type":"if","locations":[{"start":{"line":17,"column":374},"end":{"line":17,"column":492}},{"start":{"line":17,"column":374},"end":{"line":17,"column":492}}],"line":17},"10":{"loc":{"start":{"line":17,"column":390},"end":{"line":17,"column":491}},"type":"cond-expr","locations":[{"start":{"line":17,"column":414},"end":{"line":17,"column":457}},{"start":{"line":17,"column":460},"end":{"line":17,"column":491}}],"line":17},"11":{"loc":{"start":{"line":25,"column":50},"end":{"line":25,"column":97}},"type":"binary-expr","locations":[{"start":{"line":25,"column":50},"end":{"line":25,"column":65}},{"start":{"line":25,"column":69},"end":{"line":25,"column":97}}],"line":25}},"s":{"0":1,"1":1,"2":1,"3":1,"4":4,"5":0,"6":4,"7":0,"8":4,"9":1,"10":0,"11":1,"12":1,"13":1,"14":1,"15":1,"16":4,"17":4,"18":4,"19":4,"20":4,"21":4,"22":4,"23":1,"24":1},"f":{"0":1,"1":4,"2":4,"3":1,"4":1,"5":4},"b":{"0":[1,0],"1":[1,1],"2":[0,4],"3":[0,4],"4":[0,4],"5":[4,0,0],"6":[0,1],"7":[1,0],"8":[1,1],"9":[1,0],"10":[1,0],"11":[4,0]},"_coverageSchema":"332fd63041d2c1bcb487cc26dd0d5f7d97098a6c","hash":"9b83e9fa08015966f7ceb918418f4b831415bc27","contentHash":"53a1733f8db9fffff2c8fc17c900f2fa_11.0.2"},"/home/simon/workspace/gitmaster/client/components/game/Door/CellDoor.js":{"path":"/home/simon/workspace/gitmaster/client/components/game/Door/CellDoor.js","statementMap":{"0":{"start":{"line":3,"column":0},"end":{"line":5,"column":3}},"1":{"start":{"line":7,"column":19},"end":{"line":7,"column":563}},"2":{"start":{"line":7,"column":76},"end":{"line":7,"column":347}},"3":{"start":{"line":7,"column":134},"end":{"line":7,"column":142}},"4":{"start":{"line":7,"column":144},"end":{"line":7,"column":199}},"5":{"start":{"line":7,"column":200},"end":{"line":7,"column":231}},"6":{"start":{"line":7,"column":232},"end":{"line":7,"column":286}},"7":{"start":{"line":7,"column":259},"end":{"line":7,"column":286}},"8":{"start":{"line":7,"column":287},"end":{"line":7,"column":345}},"9":{"start":{"line":7,"column":350},"end":{"line":7,"column":559}},"10":{"start":{"line":7,"column":407},"end":{"line":7,"column":475}},"11":{"start":{"line":7,"column":423},"end":{"line":7,"column":475}},"12":{"start":{"line":7,"column":476},"end":{"line":7,"column":536}},"13":{"start":{"line":7,"column":493},"end":{"line":7,"column":536}},"14":{"start":{"line":7,"column":537},"end":{"line":7,"column":556}},"15":{"start":{"line":9,"column":11},"end":{"line":9,"column":490}},"16":{"start":{"line":9,"column":54},"end":{"line":9,"column":103}},"17":{"start":{"line":9,"column":75},"end":{"line":9,"column":103}},"18":{"start":{"line":9,"column":115},"end":{"line":9,"column":164}},"19":{"start":{"line":9,"column":166},"end":{"line":9,"column":488}},"20":{"start":{"line":9,"column":205},"end":{"line":9,"column":234}},"21":{"start":{"line":9,"column":236},"end":{"line":9,"column":327}},"22":{"start":{"line":9,"column":259},"end":{"line":9,"column":276}},"23":{"start":{"line":9,"column":286},"end":{"line":9,"column":325}},"24":{"start":{"line":9,"column":335},"end":{"line":9,"column":488}},"25":{"start":{"line":9,"column":358},"end":{"line":9,"column":376}},"26":{"start":{"line":9,"column":399},"end":{"line":9,"column":407}},"27":{"start":{"line":9,"column":409},"end":{"line":9,"column":456}},"28":{"start":{"line":9,"column":437},"end":{"line":9,"column":454}},"29":{"start":{"line":9,"column":457},"end":{"line":9,"column":486}},"30":{"start":{"line":11,"column":13},"end":{"line":11,"column":30}},"31":{"start":{"line":13,"column":13},"end":{"line":13,"column":43}},"32":{"start":{"line":15,"column":18},"end":{"line":15,"column":56}},"33":{"start":{"line":17,"column":12},"end":{"line":17,"column":44}},"34":{"start":{"line":19,"column":18},"end":{"line":19,"column":56}},"35":{"start":{"line":21,"column":39},"end":{"line":21,"column":93}},"36":{"start":{"line":23,"column":50},"end":{"line":23,"column":151}},"37":{"start":{"line":23,"column":92},"end":{"line":23,"column":149}},"38":{"start":{"line":25,"column":50},"end":{"line":25,"column":151}},"39":{"start":{"line":25,"column":63},"end":{"line":25,"column":149}},"40":{"start":{"line":25,"column":152},"end":{"line":25,"column":238}},"41":{"start":{"line":27,"column":43},"end":{"line":27,"column":208}},"42":{"start":{"line":27,"column":106},"end":{"line":27,"column":206}},"43":{"start":{"line":27,"column":209},"end":{"line":27,"column":373}},"44":{"start":{"line":27,"column":374},"end":{"line":27,"column":492}},"45":{"start":{"line":27,"column":390},"end":{"line":27,"column":492}},"46":{"start":{"line":29,"column":15},"end":{"line":73,"column":17}},"47":{"start":{"line":30,"column":2},"end":{"line":30,"column":29}},"48":{"start":{"line":33,"column":4},"end":{"line":33,"column":36}},"49":{"start":{"line":35,"column":16},"end":{"line":35,"column":126}},"50":{"start":{"line":37,"column":4},"end":{"line":37,"column":44}},"51":{"start":{"line":38,"column":4},"end":{"line":38,"column":31}},"52":{"start":{"line":39,"column":4},"end":{"line":39,"column":44}},"53":{"start":{"line":40,"column":4},"end":{"line":40,"column":73}},"54":{"start":{"line":41,"column":4},"end":{"line":41,"column":28}},"55":{"start":{"line":42,"column":4},"end":{"line":42,"column":57}},"56":{"start":{"line":43,"column":4},"end":{"line":43,"column":68}},"57":{"start":{"line":44,"column":4},"end":{"line":51,"column":6}},"58":{"start":{"line":52,"column":4},"end":{"line":52,"column":17}},"59":{"start":{"line":55,"column":2},"end":{"line":70,"column":6}},"60":{"start":{"line":58,"column":6},"end":{"line":68,"column":7}},"61":{"start":{"line":59,"column":8},"end":{"line":59,"column":64}},"62":{"start":{"line":60,"column":8},"end":{"line":60,"column":45}},"63":{"start":{"line":61,"column":8},"end":{"line":61,"column":47}},"64":{"start":{"line":62,"column":8},"end":{"line":62,"column":57}},"65":{"start":{"line":63,"column":13},"end":{"line":68,"column":7}},"66":{"start":{"line":64,"column":8},"end":{"line":64,"column":119}},"67":{"start":{"line":66,"column":8},"end":{"line":66,"column":64}},"68":{"start":{"line":67,"column":8},"end":{"line":67,"column":78}},"69":{"start":{"line":67,"column":24},"end":{"line":67,"column":78}},"70":{"start":{"line":72,"column":2},"end":{"line":72,"column":18}},"71":{"start":{"line":75,"column":0},"end":{"line":75,"column":27}}},"fnMap":{"0":{"name":"(anonymous_0)","decl":{"start":{"line":7,"column":19},"end":{"line":7,"column":20}},"loc":{"start":{"line":7,"column":31},"end":{"line":7,"column":561}},"line":7},"1":{"name":"defineProperties","decl":{"start":{"line":7,"column":42},"end":{"line":7,"column":58}},"loc":{"start":{"line":7,"column":74},"end":{"line":7,"column":349}},"line":7},"2":{"name":"(anonymous_2)","decl":{"start":{"line":7,"column":357},"end":{"line":7,"column":358}},"loc":{"start":{"line":7,"column":405},"end":{"line":7,"column":558}},"line":7},"3":{"name":"get","decl":{"start":{"line":9,"column":20},"end":{"line":9,"column":23}},"loc":{"start":{"line":9,"column":52},"end":{"line":9,"column":490}},"line":9},"4":{"name":"_interopRequireDefault","decl":{"start":{"line":21,"column":9},"end":{"line":21,"column":31}},"loc":{"start":{"line":21,"column":37},"end":{"line":21,"column":95}},"line":21},"5":{"name":"_classCallCheck","decl":{"start":{"line":23,"column":9},"end":{"line":23,"column":24}},"loc":{"start":{"line":23,"column":48},"end":{"line":23,"column":153}},"line":23},"6":{"name":"_possibleConstructorReturn","decl":{"start":{"line":25,"column":9},"end":{"line":25,"column":35}},"loc":{"start":{"line":25,"column":48},"end":{"line":25,"column":240}},"line":25},"7":{"name":"_inherits","decl":{"start":{"line":27,"column":9},"end":{"line":27,"column":18}},"loc":{"start":{"line":27,"column":41},"end":{"line":27,"column":494}},"line":27},"8":{"name":"(anonymous_8)","decl":{"start":{"line":29,"column":15},"end":{"line":29,"column":16}},"loc":{"start":{"line":29,"column":32},"end":{"line":73,"column":1}},"line":29},"9":{"name":"CellDoor","decl":{"start":{"line":32,"column":11},"end":{"line":32,"column":19}},"loc":{"start":{"line":32,"column":30},"end":{"line":53,"column":3}},"line":32},"10":{"name":"mouseClick","decl":{"start":{"line":57,"column":20},"end":{"line":57,"column":30}},"loc":{"start":{"line":57,"column":55},"end":{"line":69,"column":5}},"line":57}},"branchMap":{"0":{"loc":{"start":{"line":7,"column":168},"end":{"line":7,"column":198}},"type":"binary-expr","locations":[{"start":{"line":7,"column":168},"end":{"line":7,"column":189}},{"start":{"line":7,"column":193},"end":{"line":7,"column":198}}],"line":7},"1":{"loc":{"start":{"line":7,"column":232},"end":{"line":7,"column":286}},"type":"if","locations":[{"start":{"line":7,"column":232},"end":{"line":7,"column":286}},{"start":{"line":7,"column":232},"end":{"line":7,"column":286}}],"line":7},"2":{"loc":{"start":{"line":7,"column":407},"end":{"line":7,"column":475}},"type":"if","locations":[{"start":{"line":7,"column":407},"end":{"line":7,"column":475}},{"start":{"line":7,"column":407},"end":{"line":7,"column":475}}],"line":7},"3":{"loc":{"start":{"line":7,"column":476},"end":{"line":7,"column":536}},"type":"if","locations":[{"start":{"line":7,"column":476},"end":{"line":7,"column":536}},{"start":{"line":7,"column":476},"end":{"line":7,"column":536}}],"line":7},"4":{"loc":{"start":{"line":9,"column":54},"end":{"line":9,"column":103}},"type":"if","locations":[{"start":{"line":9,"column":54},"end":{"line":9,"column":103}},{"start":{"line":9,"column":54},"end":{"line":9,"column":103}}],"line":9},"5":{"loc":{"start":{"line":9,"column":166},"end":{"line":9,"column":488}},"type":"if","locations":[{"start":{"line":9,"column":166},"end":{"line":9,"column":488}},{"start":{"line":9,"column":166},"end":{"line":9,"column":488}}],"line":9},"6":{"loc":{"start":{"line":9,"column":236},"end":{"line":9,"column":327}},"type":"if","locations":[{"start":{"line":9,"column":236},"end":{"line":9,"column":327}},{"start":{"line":9,"column":236},"end":{"line":9,"column":327}}],"line":9},"7":{"loc":{"start":{"line":9,"column":335},"end":{"line":9,"column":488}},"type":"if","locations":[{"start":{"line":9,"column":335},"end":{"line":9,"column":488}},{"start":{"line":9,"column":335},"end":{"line":9,"column":488}}],"line":9},"8":{"loc":{"start":{"line":9,"column":409},"end":{"line":9,"column":456}},"type":"if","locations":[{"start":{"line":9,"column":409},"end":{"line":9,"column":456}},{"start":{"line":9,"column":409},"end":{"line":9,"column":456}}],"line":9},"9":{"loc":{"start":{"line":21,"column":46},"end":{"line":21,"column":92}},"type":"cond-expr","locations":[{"start":{"line":21,"column":70},"end":{"line":21,"column":73}},{"start":{"line":21,"column":76},"end":{"line":21,"column":92}}],"line":21},"10":{"loc":{"start":{"line":21,"column":46},"end":{"line":21,"column":67}},"type":"binary-expr","locations":[{"start":{"line":21,"column":46},"end":{"line":21,"column":49}},{"start":{"line":21,"column":53},"end":{"line":21,"column":67}}],"line":21},"11":{"loc":{"start":{"line":23,"column":50},"end":{"line":23,"column":151}},"type":"if","locations":[{"start":{"line":23,"column":50},"end":{"line":23,"column":151}},{"start":{"line":23,"column":50},"end":{"line":23,"column":151}}],"line":23},"12":{"loc":{"start":{"line":25,"column":50},"end":{"line":25,"column":151}},"type":"if","locations":[{"start":{"line":25,"column":50},"end":{"line":25,"column":151}},{"start":{"line":25,"column":50},"end":{"line":25,"column":151}}],"line":25},"13":{"loc":{"start":{"line":25,"column":159},"end":{"line":25,"column":237}},"type":"cond-expr","locations":[{"start":{"line":25,"column":226},"end":{"line":25,"column":230}},{"start":{"line":25,"column":233},"end":{"line":25,"column":237}}],"line":25},"14":{"loc":{"start":{"line":25,"column":159},"end":{"line":25,"column":223}},"type":"binary-expr","locations":[{"start":{"line":25,"column":159},"end":{"line":25,"column":163}},{"start":{"line":25,"column":168},"end":{"line":25,"column":192}},{"start":{"line":25,"column":196},"end":{"line":25,"column":222}}],"line":25},"15":{"loc":{"start":{"line":27,"column":43},"end":{"line":27,"column":208}},"type":"if","locations":[{"start":{"line":27,"column":43},"end":{"line":27,"column":208}},{"start":{"line":27,"column":43},"end":{"line":27,"column":208}}],"line":27},"16":{"loc":{"start":{"line":27,"column":47},"end":{"line":27,"column":102}},"type":"binary-expr","locations":[{"start":{"line":27,"column":47},"end":{"line":27,"column":79}},{"start":{"line":27,"column":83},"end":{"line":27,"column":102}}],"line":27},"17":{"loc":{"start":{"line":27,"column":244},"end":{"line":27,"column":278}},"type":"binary-expr","locations":[{"start":{"line":27,"column":244},"end":{"line":27,"column":254}},{"start":{"line":27,"column":258},"end":{"line":27,"column":278}}],"line":27},"18":{"loc":{"start":{"line":27,"column":374},"end":{"line":27,"column":492}},"type":"if","locations":[{"start":{"line":27,"column":374},"end":{"line":27,"column":492}},{"start":{"line":27,"column":374},"end":{"line":27,"column":492}}],"line":27},"19":{"loc":{"start":{"line":27,"column":390},"end":{"line":27,"column":491}},"type":"cond-expr","locations":[{"start":{"line":27,"column":414},"end":{"line":27,"column":457}},{"start":{"line":27,"column":460},"end":{"line":27,"column":491}}],"line":27},"20":{"loc":{"start":{"line":35,"column":50},"end":{"line":35,"column":103}},"type":"binary-expr","locations":[{"start":{"line":35,"column":50},"end":{"line":35,"column":68}},{"start":{"line":35,"column":72},"end":{"line":35,"column":103}}],"line":35},"21":{"loc":{"start":{"line":58,"column":6},"end":{"line":68,"column":7}},"type":"if","locations":[{"start":{"line":58,"column":6},"end":{"line":68,"column":7}},{"start":{"line":58,"column":6},"end":{"line":68,"column":7}}],"line":58},"22":{"loc":{"start":{"line":63,"column":13},"end":{"line":68,"column":7}},"type":"if","locations":[{"start":{"line":63,"column":13},"end":{"line":68,"column":7}},{"start":{"line":63,"column":13},"end":{"line":68,"column":7}}],"line":63},"23":{"loc":{"start":{"line":64,"column":13},"end":{"line":64,"column":86}},"type":"binary-expr","locations":[{"start":{"line":64,"column":13},"end":{"line":64,"column":41}},{"start":{"line":64,"column":45},"end":{"line":64,"column":86}}],"line":64},"24":{"loc":{"start":{"line":67,"column":8},"end":{"line":67,"column":78}},"type":"if","locations":[{"start":{"line":67,"column":8},"end":{"line":67,"column":78}},{"start":{"line":67,"column":8},"end":{"line":67,"column":78}}],"line":67}},"s":{"0":1,"1":1,"2":1,"3":1,"4":1,"5":1,"6":1,"7":1,"8":1,"9":1,"10":1,"11":1,"12":1,"13":0,"14":1,"15":1,"16":0,"17":0,"18":0,"19":0,"20":0,"21":0,"22":0,"23":0,"24":0,"25":0,"26":0,"27":0,"28":0,"29":0,"30":1,"31":1,"32":1,"33":1,"34":1,"35":1,"36":4,"37":0,"38":4,"39":0,"40":4,"41":1,"42":0,"43":1,"44":1,"45":1,"46":1,"47":1,"48":4,"49":4,"50":4,"51":4,"52":4,"53":4,"54":4,"55":4,"56":4,"57":4,"58":4,"59":1,"60":0,"61":0,"62":0,"63":0,"64":0,"65":0,"66":0,"67":0,"68":0,"69":0,"70":1,"71":1},"f":{"0":1,"1":1,"2":1,"3":0,"4":1,"5":4,"6":4,"7":1,"8":1,"9":4,"10":0},"b":{"0":[1,1],"1":[1,0],"2":[1,0],"3":[0,1],"4":[0,0],"5":[0,0],"6":[0,0],"7":[0,0],"8":[0,0],"9":[1,0],"10":[1,1],"11":[0,4],"12":[0,4],"13":[4,0],"14":[4,4,0],"15":[0,1],"16":[1,0],"17":[1,1],"18":[1,0],"19":[1,0],"20":[4,0],"21":[0,0],"22":[0,0],"23":[0,0],"24":[0,0]},"_coverageSchema":"332fd63041d2c1bcb487cc26dd0d5f7d97098a6c","hash":"52919443aa50cf54dcad62e476a510090b3cf054","contentHash":"1d4f688d2a8b6170fce9a9689f592bef_11.0.2"},"/home/simon/workspace/gitmaster/client/components/game/Door/Door.js":{"path":"/home/simon/workspace/gitmaster/client/components/game/Door/Door.js","statementMap":{"0":{"start":{"line":3,"column":0},"end":{"line":5,"column":3}},"1":{"start":{"line":7,"column":19},"end":{"line":7,"column":563}},"2":{"start":{"line":7,"column":76},"end":{"line":7,"column":347}},"3":{"start":{"line":7,"column":134},"end":{"line":7,"column":142}},"4":{"start":{"line":7,"column":144},"end":{"line":7,"column":199}},"5":{"start":{"line":7,"column":200},"end":{"line":7,"column":231}},"6":{"start":{"line":7,"column":232},"end":{"line":7,"column":286}},"7":{"start":{"line":7,"column":259},"end":{"line":7,"column":286}},"8":{"start":{"line":7,"column":287},"end":{"line":7,"column":345}},"9":{"start":{"line":7,"column":350},"end":{"line":7,"column":559}},"10":{"start":{"line":7,"column":407},"end":{"line":7,"column":475}},"11":{"start":{"line":7,"column":423},"end":{"line":7,"column":475}},"12":{"start":{"line":7,"column":476},"end":{"line":7,"column":536}},"13":{"start":{"line":7,"column":493},"end":{"line":7,"column":536}},"14":{"start":{"line":7,"column":537},"end":{"line":7,"column":556}},"15":{"start":{"line":9,"column":13},"end":{"line":9,"column":37}},"16":{"start":{"line":11,"column":13},"end":{"line":11,"column":43}},"17":{"start":{"line":13,"column":12},"end":{"line":13,"column":44}},"18":{"start":{"line":15,"column":18},"end":{"line":15,"column":56}},"19":{"start":{"line":17,"column":39},"end":{"line":17,"column":93}},"20":{"start":{"line":19,"column":50},"end":{"line":19,"column":151}},"21":{"start":{"line":19,"column":92},"end":{"line":19,"column":149}},"22":{"start":{"line":21,"column":50},"end":{"line":21,"column":151}},"23":{"start":{"line":21,"column":63},"end":{"line":21,"column":149}},"24":{"start":{"line":21,"column":152},"end":{"line":21,"column":238}},"25":{"start":{"line":23,"column":43},"end":{"line":23,"column":208}},"26":{"start":{"line":23,"column":106},"end":{"line":23,"column":206}},"27":{"start":{"line":23,"column":209},"end":{"line":23,"column":373}},"28":{"start":{"line":23,"column":374},"end":{"line":23,"column":492}},"29":{"start":{"line":23,"column":390},"end":{"line":23,"column":492}},"30":{"start":{"line":25,"column":11},"end":{"line":43,"column":17}},"31":{"start":{"line":26,"column":2},"end":{"line":26,"column":25}},"32":{"start":{"line":29,"column":4},"end":{"line":29,"column":32}},"33":{"start":{"line":31,"column":4},"end":{"line":31,"column":114}},"34":{"start":{"line":34,"column":2},"end":{"line":40,"column":6}},"35":{"start":{"line":37,"column":6},"end":{"line":37,"column":56}},"36":{"start":{"line":38,"column":6},"end":{"line":38,"column":62}},"37":{"start":{"line":42,"column":2},"end":{"line":42,"column":14}},"38":{"start":{"line":45,"column":0},"end":{"line":45,"column":23}}},"fnMap":{"0":{"name":"(anonymous_0)","decl":{"start":{"line":7,"column":19},"end":{"line":7,"column":20}},"loc":{"start":{"line":7,"column":31},"end":{"line":7,"column":561}},"line":7},"1":{"name":"defineProperties","decl":{"start":{"line":7,"column":42},"end":{"line":7,"column":58}},"loc":{"start":{"line":7,"column":74},"end":{"line":7,"column":349}},"line":7},"2":{"name":"(anonymous_2)","decl":{"start":{"line":7,"column":357},"end":{"line":7,"column":358}},"loc":{"start":{"line":7,"column":405},"end":{"line":7,"column":558}},"line":7},"3":{"name":"_interopRequireDefault","decl":{"start":{"line":17,"column":9},"end":{"line":17,"column":31}},"loc":{"start":{"line":17,"column":37},"end":{"line":17,"column":95}},"line":17},"4":{"name":"_classCallCheck","decl":{"start":{"line":19,"column":9},"end":{"line":19,"column":24}},"loc":{"start":{"line":19,"column":48},"end":{"line":19,"column":153}},"line":19},"5":{"name":"_possibleConstructorReturn","decl":{"start":{"line":21,"column":9},"end":{"line":21,"column":35}},"loc":{"start":{"line":21,"column":48},"end":{"line":21,"column":240}},"line":21},"6":{"name":"_inherits","decl":{"start":{"line":23,"column":9},"end":{"line":23,"column":18}},"loc":{"start":{"line":23,"column":41},"end":{"line":23,"column":494}},"line":23},"7":{"name":"(anonymous_7)","decl":{"start":{"line":25,"column":11},"end":{"line":25,"column":12}},"loc":{"start":{"line":25,"column":28},"end":{"line":43,"column":1}},"line":25},"8":{"name":"Door","decl":{"start":{"line":28,"column":11},"end":{"line":28,"column":15}},"loc":{"start":{"line":28,"column":26},"end":{"line":32,"column":3}},"line":28},"9":{"name":"mouseClick","decl":{"start":{"line":36,"column":20},"end":{"line":36,"column":30}},"loc":{"start":{"line":36,"column":33},"end":{"line":39,"column":5}},"line":36}},"branchMap":{"0":{"loc":{"start":{"line":7,"column":168},"end":{"line":7,"column":198}},"type":"binary-expr","locations":[{"start":{"line":7,"column":168},"end":{"line":7,"column":189}},{"start":{"line":7,"column":193},"end":{"line":7,"column":198}}],"line":7},"1":{"loc":{"start":{"line":7,"column":232},"end":{"line":7,"column":286}},"type":"if","locations":[{"start":{"line":7,"column":232},"end":{"line":7,"column":286}},{"start":{"line":7,"column":232},"end":{"line":7,"column":286}}],"line":7},"2":{"loc":{"start":{"line":7,"column":
[...]
t":{"line":7,"column":19},"end":{"line":7,"column":563}},"2":{"start":{"line":7,"column":76},"end":{"line":7,"column":347}},"3":{"start":{"line":7,"column":134},"end":{"line":7,"column":142}},"4":{"start":{"line":7,"column":144},"end":{"line":7,"column":199}},"5":{"start":{"line":7,"column":200},"end":{"line":7,"column":231}},"6":{"start":{"line":7,"column":232},"end":{"line":7,"column":286}},"7":{"start":{"line":7,"column":259},"end":{"line":7,"column":286}},"8":{"start":{"line":7,"column":287},"end":{"line":7,"column":345}},"9":{"start":{"line":7,"column":350},"end":{"line":7,"column":559}},"10":{"start":{"line":7,"column":407},"end":{"line":7,"column":475}},"11":{"start":{"line":7,"column":423},"end":{"line":7,"column":475}},"12":{"start":{"line":7,"column":476},"end":{"line":7,"column":536}},"13":{"start":{"line":7,"column":493},"end":{"line":7,"column":536}},"14":{"start":{"line":7,"column":537},"end":{"line":7,"column":556}},"15":{"start":{"line":9,"column":13},"end":{"line":9,"column":30}},"16":{"start":{"line":11,"column":13},"end":{"line":11,"column":43}},"17":{"start":{"line":13,"column":18},"end":{"line":13,"column":56}},"18":{"start":{"line":15,"column":18},"end":{"line":15,"column":56}},"19":{"start":{"line":17,"column":39},"end":{"line":17,"column":93}},"20":{"start":{"line":19,"column":50},"end":{"line":19,"column":151}},"21":{"start":{"line":19,"column":92},"end":{"line":19,"column":149}},"22":{"start":{"line":21,"column":50},"end":{"line":21,"column":151}},"23":{"start":{"line":21,"column":63},"end":{"line":21,"column":149}},"24":{"start":{"line":21,"column":152},"end":{"line":21,"column":238}},"25":{"start":{"line":23,"column":43},"end":{"line":23,"column":208}},"26":{"start":{"line":23,"column":106},"end":{"line":23,"column":206}},"27":{"start":{"line":23,"column":209},"end":{"line":23,"column":373}},"28":{"start":{"line":23,"column":374},"end":{"line":23,"column":492}},"29":{"start":{"line":23,"column":390},"end":{"line":23,"column":492}},"30":{"start":{"line":25,"column":14},"end":{"line":63,"column":17}},"31":{"start":{"line":26,"column":2},"end":{"line":26,"column":28}},"32":{"start":{"line":29,"column":4},"end":{"line":29,"column":35}},"33":{"start":{"line":31,"column":16},"end":{"line":31,"column":124}},"34":{"start":{"line":33,"column":4},"end":{"line":33,"column":43}},"35":{"start":{"line":34,"column":4},"end":{"line":34,"column":46}},"36":{"start":{"line":35,"column":4},"end":{"line":35,"column":27}},"37":{"start":{"line":36,"column":4},"end":{"line":43,"column":6}},"38":{"start":{"line":44,"column":4},"end":{"line":44,"column":17}},"39":{"start":{"line":47,"column":2},"end":{"line":60,"column":6}},"40":{"start":{"line":51,"column":6},"end":{"line":51,"column":60}},"41":{"start":{"line":52,"column":6},"end":{"line":52,"column":58}},"42":{"start":{"line":62,"column":2},"end":{"line":62,"column":17}},"43":{"start":{"line":65,"column":0},"end":{"line":65,"column":26}}},"fnMap":{"0":{"name":"(anonymous_0)","decl":{"start":{"line":7,"column":19},"end":{"line":7,"column":20}},"loc":{"start":{"line":7,"column":31},"end":{"line":7,"column":561}},"line":7},"1":{"name":"defineProperties","decl":{"start":{"line":7,"column":42},"end":{"line":7,"column":58}},"loc":{"start":{"line":7,"column":74},"end":{"line":7,"column":349}},"line":7},"2":{"name":"(anonymous_2)","decl":{"start":{"line":7,"column":357},"end":{"line":7,"column":358}},"loc":{"start":{"line":7,"column":405},"end":{"line":7,"column":558}},"line":7},"3":{"name":"_interopRequireDefault","decl":{"start":{"line":17,"column":9},"end":{"line":17,"column":31}},"loc":{"start":{"line":17,"column":37},"end":{"line":17,"column":95}},"line":17},"4":{"name":"_classCallCheck","decl":{"start":{"line":19,"column":9},"end":{"line":19,"column":24}},"loc":{"start":{"line":19,"column":48},"end":{"line":19,"column":153}},"line":19},"5":{"name":"_possibleConstructorReturn","decl":{"start":{"line":21,"column":9},"end":{"line":21,"column":35}},"loc":{"start":{"line":21,"column":48},"end":{"line":21,"column":240}},"line":21},"6":{"name":"_inherits","decl":{"start":{"line":23,"column":9},"end":{"line":23,"column":18}},"loc":{"start":{"line":23,"column":41},"end":{"line":23,"column":494}},"line":23},"7":{"name":"(anonymous_7)","decl":{"start":{"line":25,"column":14},"end":{"line":25,"column":15}},"loc":{"start":{"line":25,"column":31},"end":{"line":63,"column":1}},"line":25},"8":{"name":"Locker1","decl":{"start":{"line":28,"column":11},"end":{"line":28,"column":18}},"loc":{"start":{"line":28,"column":29},"end":{"line":45,"column":3}},"line":28},"9":{"name":"mouseClick","decl":{"start":{"line":49,"column":20},"end":{"line":49,"column":30}},"loc":{"start":{"line":49,"column":33},"end":{"line":53,"column":5}},"line":49},"10":{"name":"mouseOver","decl":{"start":{"line":56,"column":20},"end":{"line":56,"column":29}},"loc":{"start":{"line":56,"column":32},"end":{"line":56,"column":34}},"line":56},"11":{"name":"mouseOff","decl":{"start":{"line":59,"column":20},"end":{"line":59,"column":28}},"loc":{"start":{"line":59,"column":31},"end":{"line":59,"column":33}},"line":59}},"branchMap":{"0":{"loc":{"start":{"line":7,"column":168},"end":{"line":7,"column":198}},"type":"binary-expr","locations":[{"start":{"line":7,"column":168},"end":{"line":7,"column":189}},{"start":{"line":7,"column":193},"end":{"line":7,"column":198}}],"line":7},"1":{"loc":{"start":{"line":7,"column":232},"end":{"line":7,"column":286}},"type":"if","locations":[{"start":{"line":7,"column":232},"end":{"line":7,"column":286}},{"start":{"line":7,"column":232},"end":{"line":7,"column":286}}],"line":7},"2":{"loc":{"start":{"line":7,"column":407},"end":{"line":7,"column":475}},"type":"if","locations":[{"start":{"line":7,"column":407},"end":{"line":7,"column":475}},{"start":{"line":7,"column":407},"end":{"line":7,"column":475}}],"line":7},"3":{"loc":{"start":{"line":7,"column":476},"end":{"line":7,"column":536}},"type":"if","locations":[{"start":{"line":7,"column":476},"end":{"line":7,"column":536}},{"start":{"line":7,"column":476},"end":{"line":7,"column":536}}],"line":7},"4":{"loc":{"start":{"line":17,"column":46},"end":{"line":17,"column":92}},"type":"cond-expr","locations":[{"start":{"line":17,"column":70},"end":{"line":17,"column":73}},{"start":{"line":17,"column":76},"end":{"line":17,"column":92}}],"line":17},"5":{"loc":{"start":{"line":17,"column":46},"end":{"line":17,"column":67}},"type":"binary-expr","locations":[{"start":{"line":17,"column":46},"end":{"line":17,"column":49}},{"start":{"line":17,"column":53},"end":{"line":17,"column":67}}],"line":17},"6":{"loc":{"start":{"line":19,"column":50},"end":{"line":19,"column":151}},"type":"if","locations":[{"start":{"line":19,"column":50},"end":{"line":19,"column":151}},{"start":{"line":19,"column":50},"end":{"line":19,"column":151}}],"line":19},"7":{"loc":{"start":{"line":21,"column":50},"end":{"line":21,"column":151}},"type":"if","locations":[{"start":{"line":21,"column":50},"end":{"line":21,"column":151}},{"start":{"line":21,"column":50},"end":{"line":21,"column":151}}],"line":21},"8":{"loc":{"start":{"line":21,"column":159},"end":{"line":21,"column":237}},"type":"cond-expr","locations":[{"start":{"line":21,"column":226},"end":{"line":21,"column":230}},{"start":{"line":21,"column":233},"end":{"line":21,"column":237}}],"line":21},"9":{"loc":{"start":{"line":21,"column":159},"end":{"line":21,"column":223}},"type":"binary-expr","locations":[{"start":{"line":21,"column":159},"end":{"line":21,"column":163}},{"start":{"line":21,"column":168},"end":{"line":21,"column":192}},{"start":{"line":21,"column":196},"end":{"line":21,"column":222}}],"line":21},"10":{"loc":{"start":{"line":23,"column":43},"end":{"line":23,"column":208}},"type":"if","locations":[{"start":{"line":23,"column":43},"end":{"line":23,"column":208}},{"start":{"line":23,"column":43},"end":{"line":23,"column":208}}],"line":23},"11":{"loc":{"start":{"line":23,"column":47},"end":{"line":23,"column":102}},"type":"binary-expr","locations":[{"start":{"line":23,"column":47},"end":{"line":23,"column":79}},{"start":{"line":23,"column":83},"end":{"line":23,"column":102}}],"line":23},"12":{"loc":{"start":{"line":23,"column":244},"end":{"line":23,"column":278}},"type":"binary-expr","locations":[{"start":{"line":23,"column":244},"end":{"line":23,"column":254}},{"start":{"line":23,"column":258},"end":{"line":23,"column":278}}],"line":23},"13":{"loc":{"start":{"line":23,"column":374},"end":{"line":23,"column":492}},"type":"if","locations":[{"start":{"line":23,"column":374},"end":{"line":23,"column":492}},{"start":{"line":23,"column":374},"end":{"line":23,"column":492}}],"line":23},"14":{"loc":{"start":{"line":23,"column":390},"end":{"line":23,"column":491}},"type":"cond-expr","locations":[{"start":{"line":23,"column":414},"end":{"line":23,"column":457}},{"start":{"line":23,"column":460},"end":{"line":23,"column":491}}],"line":23},"15":{"loc":{"start":{"line":31,"column":50},"end":{"line":31,"column":101}},"type":"binary-expr","locations":[{"start":{"line":31,"column":50},"end":{"line":31,"column":67}},{"start":{"line":31,"column":71},"end":{"line":31,"column":101}}],"line":31}},"s":{"0":1,"1":1,"2":1,"3":3,"4":3,"5":3,"6":3,"7":3,"8":3,"9":1,"10":1,"11":1,"12":1,"13":0,"14":1,"15":1,"16":1,"17":1,"18":1,"19":1,"20":0,"21":0,"22":0,"23":0,"24":0,"25":1,"26":0,"27":1,"28":1,"29":1,"30":1,"31":1,"32":0,"33":0,"34":0,"35":0,"36":0,"37":0,"38":0,"39":1,"40":0,"41":0,"42":1,"43":1},"f":{"0":1,"1":1,"2":1,"3":1,"4":0,"5":0,"6":1,"7":1,"8":0,"9":0,"10":0,"11":0},"b":{"0":[3,3],"1":[3,0],"2":[1,0],"3":[0,1],"4":[1,0],"5":[1,1],"6":[0,0],"7":[0,0],"8":[0,0],"9":[0,0,0],"10":[0,1],"11":[1,0],"12":[1,1],"13":[1,0],"14":[1,0],"15":[0,0]},"_coverageSchema":"332fd63041d2c1bcb487cc26dd0d5f7d97098a6c","hash":"8336c123a1c85041e51208a301abdf77cb72742b","contentHash":"4c8cd21adf9da284282b5e15b62dba95_11.0.2"},"/home/simon/workspace/gitmaster/client/components/game/items/Locker3.js":{"path":"/home/simon/workspace/gitmaster/client/components/game/items/Locker3.js","statementMap":{"0":{"start":{"line":3,"column":0},"end":{"line":5,"column":3}},"1":{"start":{"line":7,"column":19},"end":{"line":7,"column":563}},"2":{"start":{"line":7,"column":76},"end":{"line":7,"column":347}},"3":{"start":{"line":7,"column":134},"end":{"line":7,"column":142}},"4":{"start":{"line":7,"column":144},"end":{"line":7,"column":199}},"5":{"start":{"line":7,"column":200},"end":{"line":7,"column":231}},"6":{"start":{"line":7,"column":232},"end":{"line":7,"column":286}},"7":{"start":{"line":7,"column":259},"end":{"line":7,"column":286}},"8":{"start":{"line":7,"column":287},"end":{"line":7,"column":345}},"9":{"start":{"line":7,"column":350},"end":{"line":7,"column":559}},"10":{"start":{"line":7,"column":407},"end":{"line":7,"column":475}},"11":{"start":{"line":7,"column":423},"end":{"line":7,"column":475}},"12":{"start":{"line":7,"column":476},"end":{"line":7,"column":536}},"13":{"start":{"line":7,"column":493},"end":{"line":7,"column":536}},"14":{"start":{"line":7,"column":537},"end":{"line":7,"column":556}},"15":{"start":{"line":9,"column":13},"end":{"line":9,"column":30}},"16":{"start":{"line":11,"column":13},"end":{"line":11,"column":43}},"17":{"start":{"line":13,"column":18},"end":{"line":13,"column":56}},"18":{"start":{"line":15,"column":18},"end":{"line":15,"column":56}},"19":{"start":{"line":17,"column":39},"end":{"line":17,"column":93}},"20":{"start":{"line":19,"column":50},"end":{"line":19,"column":151}},"21":{"start":{"line":19,"column":92},"end":{"line":19,"column":149}},"22":{"start":{"line":21,"column":50},"end":{"line":21,"column":151}},"23":{"start":{"line":21,"column":63},"end":{"line":21,"column":149}},"24":{"start":{"line":21,"column":152},"end":{"line":21,"column":238}},"25":{"start":{"line":23,"column":43},"end":{"line":23,"column":208}},"26":{"start":{"line":23,"column":106},"end":{"line":23,"column":206}},"27":{"start":{"line":23,"column":209},"end":{"line":23,"column":373}},"28":{"start":{"line":23,"column":374},"end":{"line":23,"column":492}},"29":{"start":{"line":23,"column":390},"end":{"line":23,"column":492}},"30":{"start":{"line":25,"column":14},"end":{"line":63,"column":17}},"31":{"start":{"line":26,"column":2},"end":{"line":26,"column":28}},"32":{"start":{"line":29,"column":4},"end":{"line":29,"column":35}},"33":{"start":{"line":31,"column":16},"end":{"line":31,"column":124}},"34":{"start":{"line":33,"column":4},"end":{"line":33,"column":43}},"35":{"start":{"line":34,"column":4},"end":{"line":34,"column":56}},"36":{"start":{"line":35,"column":4},"end":{"line":35,"column":27}},"37":{"start":{"line":36,"column":4},"end":{"line":43,"column":6}},"38":{"start":{"line":44,"column":4},"end":{"line":44,"column":17}},"39":{"start":{"line":47,"column":2},"end":{"line":60,"column":6}},"40":{"start":{"line":51,"column":6},"end":{"line":51,"column":60}},"41":{"start":{"line":52,"column":6},"end":{"line":52,"column":58}},"42":{"start":{"line":62,"column":2},"end":{"line":62,"column":17}},"43":{"start":{"line":65,"column":0},"end":{"line":65,"column":26}}},"fnMap":{"0":{"name":"(anonymous_0)","decl":{"start":{"line":7,"column":19},"end":{"line":7,"column":20}},"loc":{"start":{"line":7,"column":31},"end":{"line":7,"column":561}},"line":7},"1":{"name":"defineProperties","decl":{"start":{"line":7,"column":42},"end":{"line":7,"column":58}},"loc":{"start":{"line":7,"column":74},"end":{"line":7,"column":349}},"line":7},"2":{"name":"(anonymous_2)","decl":{"start":{"line":7,"column":357},"end":{"line":7,"column":358}},"loc":{"start":{"line":7,"column":405},"end":{"line":7,"column":558}},"line":7},"3":{"name":"_interopRequireDefault","decl":{"start":{"line":17,"column":9},"end":{"line":17,"column":31}},"loc":{"start":{"line":17,"column":37},"end":{"line":17,"column":95}},"line":17},"4":{"name":"_classCallCheck","decl":{"start":{"line":19,"column":9},"end":{"line":19,"column":24}},"loc":{"start":{"line":19,"column":48},"end":{"line":19,"column":153}},"line":19},"5":{"name":"_possibleConstructorReturn","decl":{"start":{"line":21,"column":9},"end":{"line":21,"column":35}},"loc":{"start":{"line":21,"column":48},"end":{"line":21,"column":240}},"line":21},"6":{"name":"_inherits","decl":{"start":{"line":23,"column":9},"end":{"line":23,"column":18}},"loc":{"start":{"line":23,"column":41},"end":{"line":23,"column":494}},"line":23},"7":{"name":"(anonymous_7)","decl":{"start":{"line":25,"column":14},"end":{"line":25,"column":15}},"loc":{"start":{"line":25,"column":31},"end":{"line":63,"column":1}},"line":25},"8":{"name":"Locker3","decl":{"start":{"line":28,"column":11},"end":{"line":28,"column":18}},"loc":{"start":{"line":28,"column":29},"end":{"line":45,"column":3}},"line":28},"9":{"name":"mouseClick","decl":{"start":{"line":49,"column":20},"end":{"line":49,"column":30}},"loc":{"start":{"line":49,"column":33},"end":{"line":53,"column":5}},"line":49},"10":{"name":"mouseOver","decl":{"start":{"line":56,"column":20},"end":{"line":56,"column":29}},"loc":{"start":{"line":56,"column":32},"end":{"line":56,"column":34}},"line":56},"11":{"name":"mouseOff","decl":{"start":{"line":59,"column":20},"end":{"line":59,"column":28}},"loc":{"start":{"line":59,"column":31},"end":{"line":59,"column":33}},"line":59}},"branchMap":{"0":{"loc":{"start":{"line":7,"column":168},"end":{"line":7,"column":198}},"type":"binary-expr","locations":[{"start":{"line":7,"column":168},"end":{"line":7,"column":189}},{"start":{"line":7,"column":193},"end":{"line":7,"column":198}}],"line":7},"1":{"loc":{"start":{"line":7,"column":232},"end":{"line":7,"column":286}},"type":"if","locations":[{"start":{"line":7,"column":232},"end":{"line":7,"column":286}},{"start":{"line":7,"column":232},"end":{"line":7,"column":286}}],"line":7},"2":{"loc":{"start":{"line":7,"column":407},"end":{"line":7,"column":475}},"type":"if","locations":[{"start":{"line":7,"column":407},"end":{"line":7,"column":475}},{"start":{"line":7,"column":407},"end":{"line":7,"column":475}}],"line":7},"3":{"loc":{"start":{"line":7,"column":476},"end":{"line":7,"column":536}},"type":"if","locations":[{"start":{"line":7,"column":476},"end":{"line":7,"column":536}},{"start":{"line":7,"column":476},"end":{"line":7,"column":536}}],"line":7},"4":{"loc":{"start":{"line":17,"column":46},"end":{"line":17,"column":92}},"type":"cond-expr","locations":[{"start":{"line":17,"column":70},"end":{"line":17,"column":73}},{"start":{"line":17,"column":76},"end":{"line":17,"column":92}}],"line":17},"5":{"loc":{"start":{"line":17,"column":46},"end":{"line":17,"column":67}},"type":"binary-expr","locations":[{"start":{"line":17,"column":46},"end":{"line":17,"column":49}},{"start":{"line":17,"column":53},"end":{"line":17,"column":67}}],"line":17},"6":{"loc":{"start":{"line":19,"column":50},"end":{"line":19,"column":151}},"type":"if","locations":[{"start":{"line":19,"column":50},"end":{"line":19,"column":151}},{"start":{"line":19,"column":50},"end":{"line":19,"column":151}}],"line":19},"7":{"loc":{"start":{"line":21,"column":50},"end":{"line":21,"column":151}},"type":"if","locations":[{"start":{"line":21,"column":50},"end":{"line":21,"column":151}},{"start":{"line":21,"column":50},"end":{"line":21,"column":151}}],"line":21},"8":{"loc":{"start":{"line":21,"column":159},"end":{"line":21,"column":237}},"type":"cond-expr","locations":[{"start":{"line":21,"column":226},"end":{"line":21,"column":230}},{"start":{"line":21,"column":233},"end":{"line":21,"column":237}}],"line":21},"9":{"loc":{"start":{"line":21,"column":159},"end":{"line":21,"column":223}},"type":"binary-expr","locations":[{"start":{"line":21,"column":159},"end":{"line":21,"column":163}},{"start":{"line":21,"column":168},"end":{"line":21,"column":192}},{"start":{"line":21,"column":196},"end":{"line":21,"column":222}}],"line":21},"10":{"loc":{"start":{"line":23,"column":43},"end":{"line":23,"column":208}},"type":"if","locations":[{"start":{"line":23,"column":43},"end":{"line":23,"column":208}},{"start":{"line":23,"column":43},"end":{"line":23,"column":208}}],"line":23},"11":{"loc":{"start":{"line":23,"column":47},"end":{"line":23,"column":102}},"type":"binary-expr","locations":[{"start":{"line":23,"column":47},"end":{"line":23,"column":79}},{"start":{"line":23,"column":83},"end":{"line":23,"column":102}}],"line":23},"12":{"loc":{"start":{"line":23,"column":244},"end":{"line":23,"column":278}},"type":"binary-expr","locations":[{"start":{"line":23,"column":244},"end":{"line":23,"column":254}},{"start":{"line":23,"column":258},"end":{"line":23,"column":278}}],"line":23},"13":{"loc":{"start":{"line":23,"column":374},"end":{"line":23,"column":492}},"type":"if","locations":[{"start":{"line":23,"column":374},"end":{"line":23,"column":492}},{"start":{"line":23,"column":374},"end":{"line":23,"column":492}}],"line":23},"14":{"loc":{"start":{"line":23,"column":390},"end":{"line":23,"column":491}},"type":"cond-expr","locations":[{"start":{"line":23,"column":414},"end":{"line":23,"column":457}},{"start":{"line":23,"column":460},"end":{"line":23,"column":491}}],"line":23},"15":{"loc":{"start":{"line":31,"column":50},"end":{"line":31,"column":101}},"type":"binary-expr","locations":[{"start":{"line":31,"column":50},"end":{"line":31,"column":67}},{"start":{"line":31,"column":71},"end":{"line":31,"column":101}}],"line":31}},"s":{"0":1,"1":1,"2":1,"3":3,"4":3,"5":3,"6":3,"7":3,"8":3,"9":1,"10":1,"11":1,"12":1,"13":0,"14":1,"15":1,"16":1,"17":1,"18":1,"19":1,"20":0,"21":0,"22":0,"23":0,"24":0,"25":1,"26":0,"27":1,"28":1,"29":1,"30":1,"31":1,"32":0,"33":0,"34":0,"35":0,"36":0,"37":0,"38":0,"39":1,"40":0,"41":0,"42":1,"43":1},"f":{"0":1,"1":1,"2":1,"3":1,"4":0,"5":0,"6":1,"7":1,"8":0,"9":0,"10":0,"11":0},"b":{"0":[3,3],"1":[3,0],"2":[1,0],"3":[0,1],"4":[1,0],"5":[1,1],"6":[0,0],"7":[0,0],"8":[0,0],"9":[0,0,0],"10":[0,1],"11":[1,0],"12":[1,1],"13":[1,0],"14":[1,0],"15":[0,0]},"_coverageSchema":"332fd63041d2c1bcb487cc26dd0d5f7d97098a6c","hash":"96da95749cf1db6c26f23f955f72034acd48c011","contentHash":"8ffd93d5ee3a3b0b8cf4095c62b908c0_11.0.2"}}